2025-11-24 08:36:25,244 - datadeal_20251124 - ERROR - 数据库连接失败: connection to server at "localhost" (::1), port 5432 failed: Connection refused (0x0000274D/10061)
	Is the server running on that host and accepting TCP/IP connections?
connection to server at "localhost" (127.0.0.1), port 5432 failed: Connection refused (0x0000274D/10061)
	Is the server running on that host and accepting TCP/IP connections?

2025-11-24 08:36:53,161 - datadeal_20251124 - INFO - 数据库连接成功: macro_data_base
2025-11-24 08:36:53,162 - datadeal_20251124 - INFO - [Function: load_table started...]
2025-11-24 08:36:53,231 - datadeal_20251124 - INFO - 按列 'index' 升序排序
2025-11-24 08:36:53,244 - datadeal_20251124 - INFO - 成功从表 macro_high_freq_data_weekly_mom_1 加载数据，形状: (1016, 7)
2025-11-24 08:36:53,245 - datadeal_20251124 - INFO - [Function: load_table completed, elapsed time: 0.08s]
2025-11-24 08:36:53,252 - datadeal_20251124 - INFO - 数据库连接已关闭
2025-11-24 08:38:07,371 - datadeal_20251124 - INFO - 数据库连接成功: macro_data_base
2025-11-24 08:38:07,561 - datadeal_20251124 - INFO - 找到 11 个表
2025-11-24 08:38:07,561 - datadeal_20251124 - INFO - [Function: create_table started...]
2025-11-24 08:38:07,581 - datadeal_20251124 - INFO - 表 allocation_pool_1_price_weekly 创建成功，包含 15 列
2025-11-24 08:38:07,659 - datadeal_20251124 - INFO - 成功插入 997 行数据到表 allocation_pool_1_price_weekly
2025-11-24 08:38:07,660 - datadeal_20251124 - INFO - [Function: create_table completed, elapsed time: 0.10s]
2025-11-24 08:38:07,661 - datadeal_20251124 - INFO - [Function: load_table started...]
2025-11-24 08:38:07,666 - datadeal_20251124 - INFO - 按列 'index' 升序排序
2025-11-24 08:38:07,679 - datadeal_20251124 - INFO - 成功从表 allocation_pool_1_price_weekly 加载数据，形状: (997, 15)
2025-11-24 08:38:07,680 - datadeal_20251124 - INFO - [Function: load_table completed, elapsed time: 0.02s]
2025-11-24 08:38:07,683 - datadeal_20251124 - INFO - 数据库连接已关闭
2025-11-24 08:38:30,057 - datadeal_20251124 - INFO - 数据库连接成功: macro_data_base
2025-11-24 08:38:30,089 - datadeal_20251124 - INFO - 找到 12 个表
2025-11-24 08:38:30,090 - datadeal_20251124 - INFO - [Function: load_table started...]
2025-11-24 08:38:30,094 - datadeal_20251124 - INFO - 按列 'index' 升序排序
2025-11-24 08:38:30,108 - datadeal_20251124 - INFO - 成功从表 allocation_pool_1_price_weekly 加载数据，形状: (997, 15)
2025-11-24 08:38:30,109 - datadeal_20251124 - INFO - [Function: load_table completed, elapsed time: 0.02s]
2025-11-24 08:38:30,110 - datadeal_20251124 - INFO - 数据库连接已关闭
2025-11-24 09:38:46,726 - datadeal_20251124 - INFO - 数据库连接成功: macro_data_base
2025-11-24 09:38:46,727 - datadeal_20251124 - INFO - [Function: load_table started...]
2025-11-24 09:38:46,740 - datadeal_20251124 - INFO - 按列 'index' 升序排序
2025-11-24 09:38:46,783 - datadeal_20251124 - INFO - 成功从表 raw_macro_data_m 加载数据，形状: (233, 14)
2025-11-24 09:38:46,783 - datadeal_20251124 - INFO - [Function: load_table completed, elapsed time: 0.06s]
2025-11-24 09:38:46,786 - datadeal_20251124 - INFO - 数据库连接已关闭
2025-11-24 09:43:01,018 - datadeal_20251124 - INFO - 数据库连接成功: macro_data_base
2025-11-24 09:43:01,019 - datadeal_20251124 - INFO - [Function: load_table started...]
2025-11-24 09:43:01,033 - datadeal_20251124 - INFO - 按列 'index' 升序排序
2025-11-24 09:43:01,039 - datadeal_20251124 - INFO - 成功从表 raw_macro_data_m 加载数据，形状: (233, 14)
2025-11-24 09:43:01,040 - datadeal_20251124 - INFO - [Function: load_table completed, elapsed time: 0.02s]
2025-11-24 09:43:01,042 - datadeal_20251124 - INFO - 数据库连接已关闭
2025-11-24 09:43:54,860 - datadeal_20251124 - INFO - 数据库连接成功: macro_data_base
2025-11-24 09:43:54,861 - datadeal_20251124 - INFO - [Function: create_table started...]
2025-11-24 09:43:54,907 - datadeal_20251124 - INFO - 已删除现有表 lf_macro_data
2025-11-24 09:43:54,911 - datadeal_20251124 - INFO - 表 lf_macro_data 创建成功，包含 7 列
2025-11-24 09:43:54,922 - datadeal_20251124 - INFO - 成功插入 227 行数据到表 lf_macro_data
2025-11-24 09:43:54,923 - datadeal_20251124 - INFO - [Function: create_table completed, elapsed time: 0.06s]
2025-11-24 09:43:54,923 - datadeal_20251124 - INFO - 数据库连接已关闭
2025-11-24 09:44:03,972 - datadeal_20251124 - INFO - 数据库连接成功: macro_data_base
2025-11-24 09:44:03,973 - datadeal_20251124 - INFO - [Function: load_table started...]
2025-11-24 09:44:03,984 - datadeal_20251124 - INFO - 按列 'index' 升序排序
2025-11-24 09:44:03,987 - datadeal_20251124 - INFO - 成功从表 lf_macro_data 加载数据，形状: (227, 7)
2025-11-24 09:44:03,988 - datadeal_20251124 - INFO - [Function: load_table completed, elapsed time: 0.02s]
2025-11-24 09:44:03,990 - datadeal_20251124 - INFO - [Function: load_table started...]
2025-11-24 09:44:03,994 - datadeal_20251124 - INFO - 按列 'index' 升序排序
2025-11-24 09:44:04,048 - datadeal_20251124 - INFO - 成功从表 hf_asset_data_w 加载数据，形状: (1013, 14)
2025-11-24 09:44:04,050 - datadeal_20251124 - INFO - [Function: load_table completed, elapsed time: 0.06s]
2025-11-24 09:44:04,052 - datadeal_20251124 - INFO - 数据库连接已关闭
2025-11-24 14:11:41,667 - datadeal_20251124 - INFO - 数据库连接成功: macro_data_base
2025-11-24 14:11:41,669 - datadeal_20251124 - INFO - [Function: load_table started...]
2025-11-24 14:11:41,685 - datadeal_20251124 - INFO - 按列 'index' 升序排序
2025-11-24 14:11:41,696 - datadeal_20251124 - INFO - 成功从表 raw_macro_data_m 加载数据，形状: (233, 14)
2025-11-24 14:11:41,696 - datadeal_20251124 - INFO - [Function: load_table completed, elapsed time: 0.03s]
2025-11-24 14:11:41,701 - datadeal_20251124 - INFO - 数据库连接已关闭
2025-11-24 14:11:52,918 - datadeal_20251124 - INFO - 数据库连接成功: macro_data_base
2025-11-24 14:11:52,918 - datadeal_20251124 - INFO - [Function: load_table started...]
2025-11-24 14:11:52,931 - datadeal_20251124 - INFO - 按列 'index' 升序排序
2025-11-24 14:11:52,936 - datadeal_20251124 - INFO - 成功从表 raw_macro_data_m 加载数据，形状: (233, 14)
2025-11-24 14:11:52,937 - datadeal_20251124 - INFO - [Function: load_table completed, elapsed time: 0.02s]
2025-11-24 14:11:52,938 - datadeal_20251124 - INFO - 数据库连接已关闭
2025-11-24 14:12:09,274 - datadeal_20251124 - INFO - 数据库连接成功: macro_data_base
2025-11-24 14:12:09,274 - datadeal_20251124 - INFO - [Function: load_table started...]
2025-11-24 14:12:09,287 - datadeal_20251124 - INFO - 按列 'index' 升序排序
2025-11-24 14:12:09,290 - datadeal_20251124 - INFO - 成功从表 raw_macro_data_m 加载数据，形状: (233, 14)
2025-11-24 14:12:09,291 - datadeal_20251124 - INFO - [Function: load_table completed, elapsed time: 0.02s]
2025-11-24 14:12:09,292 - datadeal_20251124 - INFO - 数据库连接已关闭
2025-11-24 14:12:18,491 - datadeal_20251124 - INFO - 数据库连接成功: macro_data_base
2025-11-24 14:12:18,492 - datadeal_20251124 - INFO - [Function: load_table started...]
2025-11-24 14:12:18,515 - datadeal_20251124 - INFO - 按列 'index' 升序排序
2025-11-24 14:12:18,521 - datadeal_20251124 - INFO - 成功从表 raw_macro_data_m 加载数据，形状: (233, 14)
2025-11-24 14:12:18,522 - datadeal_20251124 - INFO - [Function: load_table completed, elapsed time: 0.03s]
2025-11-24 14:12:18,523 - datadeal_20251124 - INFO - 数据库连接已关闭
2025-11-24 14:12:46,017 - datadeal_20251124 - INFO - 数据库连接成功: macro_data_base
2025-11-24 14:12:46,018 - datadeal_20251124 - INFO - [Function: load_table started...]
2025-11-24 14:12:46,029 - datadeal_20251124 - INFO - 按列 'index' 升序排序
2025-11-24 14:12:46,034 - datadeal_20251124 - INFO - 成功从表 raw_macro_data_m 加载数据，形状: (233, 14)
2025-11-24 14:12:46,034 - datadeal_20251124 - INFO - [Function: load_table completed, elapsed time: 0.02s]
2025-11-24 14:12:46,035 - datadeal_20251124 - INFO - 数据库连接已关闭
2025-11-24 14:12:53,050 - datadeal_20251124 - INFO - 数据库连接成功: macro_data_base
2025-11-24 14:12:53,051 - datadeal_20251124 - INFO - [Function: load_table started...]
2025-11-24 14:12:53,063 - datadeal_20251124 - INFO - 按列 'index' 升序排序
2025-11-24 14:12:53,068 - datadeal_20251124 - INFO - 成功从表 raw_macro_data_m 加载数据，形状: (233, 14)
2025-11-24 14:12:53,068 - datadeal_20251124 - INFO - [Function: load_table completed, elapsed time: 0.02s]
2025-11-24 14:12:53,069 - datadeal_20251124 - INFO - 数据库连接已关闭
2025-11-24 14:13:34,238 - datadeal_20251124 - INFO - 数据库连接成功: macro_data_base
2025-11-24 14:13:34,239 - datadeal_20251124 - INFO - [Function: load_table started...]
2025-11-24 14:13:34,258 - datadeal_20251124 - INFO - 按列 'index' 升序排序
2025-11-24 14:13:34,263 - datadeal_20251124 - INFO - 成功从表 raw_macro_data_m 加载数据，形状: (233, 14)
2025-11-24 14:13:34,264 - datadeal_20251124 - INFO - [Function: load_table completed, elapsed time: 0.02s]
2025-11-24 14:13:34,266 - datadeal_20251124 - INFO - 数据库连接已关闭
2025-11-24 14:13:42,496 - datadeal_20251124 - INFO - 数据库连接成功: macro_data_base
2025-11-24 14:13:42,497 - datadeal_20251124 - INFO - [Function: load_table started...]
2025-11-24 14:13:42,507 - datadeal_20251124 - INFO - 按列 'index' 升序排序
2025-11-24 14:13:42,511 - datadeal_20251124 - INFO - 成功从表 raw_macro_data_m 加载数据，形状: (233, 14)
2025-11-24 14:13:42,512 - datadeal_20251124 - INFO - [Function: load_table completed, elapsed time: 0.01s]
2025-11-24 14:13:42,513 - datadeal_20251124 - INFO - 数据库连接已关闭
2025-11-24 14:30:04,634 - datadeal_20251124 - INFO - 数据库连接成功: macro_data_base
2025-11-24 14:30:04,634 - datadeal_20251124 - INFO - [Function: create_table started...]
2025-11-24 14:30:04,639 - datadeal_20251124 - INFO - 已删除现有表 raw_macro_data_m
2025-11-24 14:30:04,652 - datadeal_20251124 - INFO - 表 raw_macro_data_m 创建成功，包含 14 列
2025-11-24 14:30:04,669 - datadeal_20251124 - INFO - 成功插入 244 行数据到表 raw_macro_data_m
2025-11-24 14:30:04,670 - datadeal_20251124 - INFO - [Function: create_table completed, elapsed time: 0.04s]
2025-11-24 14:30:04,670 - datadeal_20251124 - INFO - 数据库连接已关闭
2025-11-24 14:30:04,703 - datadeal_20251124 - INFO - 数据库连接成功: macro_data_base
2025-11-24 14:30:04,703 - datadeal_20251124 - INFO - [Function: load_table started...]
2025-11-24 14:30:04,713 - datadeal_20251124 - INFO - 按列 'index' 升序排序
2025-11-24 14:30:04,714 - datadeal_20251124 - INFO - 获取最后 10 行数据（总行数: 244）
2025-11-24 14:30:04,715 - datadeal_20251124 - INFO - 成功从表 raw_macro_data_m 加载数据，形状: (10, 14)
2025-11-24 14:30:04,716 - datadeal_20251124 - INFO - [Function: load_table completed, elapsed time: 0.01s]
2025-11-24 14:30:04,954 - datadeal_20251124 - INFO - [Function: insert_data started...]
2025-11-24 14:30:04,956 - datadeal_20251124 - INFO - [Function: load_table started...]
2025-11-24 14:30:04,959 - datadeal_20251124 - INFO - 按列 'index' 升序排序
2025-11-24 14:30:04,959 - datadeal_20251124 - INFO - 获取最后 80 行数据（总行数: 244）
2025-11-24 14:30:04,960 - datadeal_20251124 - INFO - 成功从表 raw_macro_data_m 加载数据，形状: (80, 14)
2025-11-24 14:30:04,960 - datadeal_20251124 - INFO - [Function: load_table completed, elapsed time: 0.00s]
2025-11-24 14:30:04,961 - datadeal_20251124 - INFO - 使用 update 模式，更新 2 行
2025-11-24 14:30:05,002 - datadeal_20251124 - INFO - 成功更新 2 行数据
2025-11-24 14:30:05,002 - datadeal_20251124 - INFO - 插入 1 行新数据
2025-11-24 14:30:05,003 - datadeal_20251124 - INFO - 成功插入 1 行数据到表 raw_macro_data_m
2025-11-24 14:30:05,004 - datadeal_20251124 - INFO - update 模式完成: 更新 2 行, 插入 1 行
2025-11-24 14:30:05,004 - datadeal_20251124 - INFO - [Function: insert_data completed, elapsed time: 0.05s]
2025-11-24 14:30:05,004 - datadeal_20251124 - INFO - 数据库连接已关闭
2025-11-24 14:30:05,032 - datadeal_20251124 - INFO - 数据库连接成功: macro_data_base
2025-11-24 14:30:05,032 - datadeal_20251124 - INFO - [Function: load_table started...]
2025-11-24 14:30:05,043 - datadeal_20251124 - INFO - 按列 'index' 升序排序
2025-11-24 14:30:05,056 - datadeal_20251124 - INFO - 成功从表 hf_asset_data_w 加载数据，形状: (1013, 14)
2025-11-24 14:30:05,056 - datadeal_20251124 - INFO - [Function: load_table completed, elapsed time: 0.02s]
2025-11-24 14:30:05,065 - datadeal_20251124 - INFO - 数据库连接已关闭
2025-11-24 14:30:31,246 - datadeal_20251124 - INFO - 数据库连接成功: macro_data_base
2025-11-24 14:30:31,247 - datadeal_20251124 - INFO - [Function: load_table started...]
2025-11-24 14:30:31,257 - datadeal_20251124 - INFO - 按列 'index' 升序排序
2025-11-24 14:30:31,261 - datadeal_20251124 - INFO - 成功从表 raw_macro_data_m 加载数据，形状: (245, 14)
2025-11-24 14:30:31,262 - datadeal_20251124 - INFO - [Function: load_table completed, elapsed time: 0.01s]
2025-11-24 14:30:31,265 - datadeal_20251124 - INFO - 数据库连接已关闭
2025-11-24 14:53:49,187 - datadeal_20251124 - INFO - 数据库连接成功: macro_data_base
2025-11-24 14:53:49,187 - datadeal_20251124 - INFO - [Function: create_table started...]
2025-11-24 14:53:49,197 - datadeal_20251124 - INFO - 已删除现有表 lf_macro_data
2025-11-24 14:53:49,206 - datadeal_20251124 - INFO - 表 lf_macro_data 创建成功，包含 7 列
2025-11-24 14:53:49,218 - datadeal_20251124 - INFO - 成功插入 198 行数据到表 lf_macro_data
2025-11-24 14:53:49,218 - datadeal_20251124 - INFO - [Function: create_table completed, elapsed time: 0.03s]
2025-11-24 14:53:49,219 - datadeal_20251124 - INFO - 数据库连接已关闭
2025-11-24 14:55:14,521 - datadeal_20251124 - INFO - 数据库连接成功: macro_data_base
2025-11-24 14:55:14,522 - datadeal_20251124 - INFO - [Function: load_table started...]
2025-11-24 14:55:14,537 - datadeal_20251124 - INFO - 按列 'index' 升序排序
2025-11-24 14:55:14,542 - datadeal_20251124 - INFO - 成功从表 lf_macro_data 加载数据，形状: (198, 7)
2025-11-24 14:55:14,543 - datadeal_20251124 - INFO - [Function: load_table completed, elapsed time: 0.02s]
2025-11-24 14:55:14,544 - datadeal_20251124 - INFO - [Function: load_table started...]
2025-11-24 14:55:14,547 - datadeal_20251124 - INFO - 按列 'index' 升序排序
2025-11-24 14:55:14,561 - datadeal_20251124 - INFO - 成功从表 hf_asset_data_w 加载数据，形状: (1013, 14)
2025-11-24 14:55:14,562 - datadeal_20251124 - INFO - [Function: load_table completed, elapsed time: 0.02s]
2025-11-24 14:55:14,564 - datadeal_20251124 - INFO - 数据库连接已关闭
2025-11-24 14:58:35,361 - datadeal_20251124 - INFO - 数据库连接成功: macro_data_base
2025-11-24 14:58:35,362 - datadeal_20251124 - INFO - [Function: load_table started...]
2025-11-24 14:58:35,373 - datadeal_20251124 - INFO - 按列 'index' 升序排序
2025-11-24 14:58:35,376 - datadeal_20251124 - INFO - 成功从表 lf_macro_data 加载数据，形状: (198, 7)
2025-11-24 14:58:35,377 - datadeal_20251124 - INFO - [Function: load_table completed, elapsed time: 0.01s]
2025-11-24 14:58:35,378 - datadeal_20251124 - INFO - [Function: load_table started...]
2025-11-24 14:58:35,381 - datadeal_20251124 - INFO - 按列 'index' 升序排序
2025-11-24 14:58:35,394 - datadeal_20251124 - INFO - 成功从表 hf_asset_data_w 加载数据，形状: (1013, 14)
2025-11-24 14:58:35,395 - datadeal_20251124 - INFO - [Function: load_table completed, elapsed time: 0.02s]
2025-11-24 14:58:35,397 - datadeal_20251124 - INFO - 数据库连接已关闭
2025-11-24 15:29:54,688 - datadeal_20251124 - INFO - 数据库连接成功: macro_data_base
2025-11-24 15:29:54,688 - datadeal_20251124 - INFO - [Function: load_table started...]
2025-11-24 15:29:54,704 - datadeal_20251124 - INFO - 按列 'index' 升序排序
2025-11-24 15:29:54,707 - datadeal_20251124 - INFO - 成功从表 lf_macro_data 加载数据，形状: (198, 7)
2025-11-24 15:29:54,707 - datadeal_20251124 - INFO - [Function: load_table completed, elapsed time: 0.02s]
2025-11-24 15:29:54,709 - datadeal_20251124 - INFO - [Function: load_table started...]
2025-11-24 15:29:54,712 - datadeal_20251124 - INFO - 按列 'index' 升序排序
2025-11-24 15:29:54,724 - datadeal_20251124 - INFO - 成功从表 hf_asset_data_w 加载数据，形状: (1013, 14)
2025-11-24 15:29:54,725 - datadeal_20251124 - INFO - [Function: load_table completed, elapsed time: 0.02s]
2025-11-24 15:29:54,727 - datadeal_20251124 - INFO - 数据库连接已关闭
2025-11-24 16:22:44,430 - datadeal_20251124 - INFO - 数据库连接成功: macro_data_base
2025-11-24 16:22:44,431 - datadeal_20251124 - INFO - [Function: create_table started...]
2025-11-24 16:22:44,444 - datadeal_20251124 - INFO - 已删除现有表 macro_high_freq_data_weekly_yoy
2025-11-24 16:22:44,490 - datadeal_20251124 - INFO - 表 macro_high_freq_data_weekly_yoy 创建成功，包含 7 列
2025-11-24 16:22:44,535 - datadeal_20251124 - INFO - 成功插入 886 行数据到表 macro_high_freq_data_weekly_yoy
2025-11-24 16:22:44,536 - datadeal_20251124 - INFO - [Function: create_table completed, elapsed time: 0.10s]
2025-11-24 16:22:44,536 - datadeal_20251124 - INFO - [Function: create_table started...]
2025-11-24 16:22:44,538 - datadeal_20251124 - INFO - 已删除现有表 macro_high_freq_data_weekly_mom_1
2025-11-24 16:22:44,542 - datadeal_20251124 - INFO - 表 macro_high_freq_data_weekly_mom_1 创建成功，包含 7 列
2025-11-24 16:22:44,581 - datadeal_20251124 - INFO - 成功插入 887 行数据到表 macro_high_freq_data_weekly_mom_1
2025-11-24 16:22:44,582 - datadeal_20251124 - INFO - [Function: create_table completed, elapsed time: 0.04s]
2025-11-24 16:22:44,582 - datadeal_20251124 - INFO - [Function: create_table started...]
2025-11-24 16:22:44,585 - datadeal_20251124 - INFO - 已删除现有表 macro_high_freq_data_weekly_mom_2_net
2025-11-24 16:22:44,590 - datadeal_20251124 - INFO - 表 macro_high_freq_data_weekly_mom_2_net 创建成功，包含 7 列
2025-11-24 16:22:44,631 - datadeal_20251124 - INFO - 成功插入 887 行数据到表 macro_high_freq_data_weekly_mom_2_net
2025-11-24 16:22:44,632 - datadeal_20251124 - INFO - [Function: create_table completed, elapsed time: 0.05s]
2025-11-24 16:22:44,632 - datadeal_20251124 - INFO - 数据库连接已关闭
2025-11-24 16:22:55,529 - datadeal_20251124 - INFO - 数据库连接成功: macro_data_base
2025-11-24 16:22:55,530 - datadeal_20251124 - INFO - [Function: load_table started...]
2025-11-24 16:22:55,551 - datadeal_20251124 - INFO - 按列 'index' 升序排序
2025-11-24 16:22:55,559 - datadeal_20251124 - INFO - 成功从表 macro_high_freq_data_weekly_mom_1 加载数据，形状: (887, 7)
2025-11-24 16:22:55,560 - datadeal_20251124 - INFO - [Function: load_table completed, elapsed time: 0.03s]
2025-11-24 16:22:55,562 - datadeal_20251124 - INFO - 数据库连接已关闭
2025-11-24 16:24:06,903 - datadeal_20251124 - INFO - 数据库连接成功: macro_data_base
2025-11-24 16:24:06,903 - datadeal_20251124 - INFO - [Function: load_table started...]
2025-11-24 16:24:06,925 - datadeal_20251124 - INFO - 按列 'index' 升序排序
2025-11-24 16:24:06,933 - datadeal_20251124 - INFO - 成功从表 macro_high_freq_data_weekly_mom_1 加载数据，形状: (887, 7)
2025-11-24 16:24:06,934 - datadeal_20251124 - INFO - [Function: load_table completed, elapsed time: 0.03s]
2025-11-24 16:24:06,937 - datadeal_20251124 - INFO - 数据库连接已关闭
2025-11-24 16:24:51,597 - datadeal_20251124 - INFO - 数据库连接成功: macro_data_base
2025-11-24 16:24:51,598 - datadeal_20251124 - INFO - [Function: create_table started...]
2025-11-24 16:24:51,614 - datadeal_20251124 - INFO - 已删除现有表 macro_high_freq_data_weekly_yoy
2025-11-24 16:24:51,661 - datadeal_20251124 - INFO - 表 macro_high_freq_data_weekly_yoy 创建成功，包含 7 列
2025-11-24 16:24:51,701 - datadeal_20251124 - INFO - 成功插入 886 行数据到表 macro_high_freq_data_weekly_yoy
2025-11-24 16:24:51,702 - datadeal_20251124 - INFO - [Function: create_table completed, elapsed time: 0.10s]
2025-11-24 16:24:51,703 - datadeal_20251124 - INFO - [Function: create_table started...]
2025-11-24 16:24:51,705 - datadeal_20251124 - INFO - 已删除现有表 macro_high_freq_data_weekly_mom_1
2025-11-24 16:24:51,709 - datadeal_20251124 - INFO - 表 macro_high_freq_data_weekly_mom_1 创建成功，包含 7 列
2025-11-24 16:24:51,759 - datadeal_20251124 - INFO - 成功插入 887 行数据到表 macro_high_freq_data_weekly_mom_1
2025-11-24 16:24:51,760 - datadeal_20251124 - INFO - [Function: create_table completed, elapsed time: 0.06s]
2025-11-24 16:24:51,760 - datadeal_20251124 - INFO - [Function: create_table started...]
2025-11-24 16:24:51,763 - datadeal_20251124 - INFO - 已删除现有表 macro_high_freq_data_weekly_mom_2_net
2025-11-24 16:24:51,766 - datadeal_20251124 - INFO - 表 macro_high_freq_data_weekly_mom_2_net 创建成功，包含 7 列
2025-11-24 16:24:51,805 - datadeal_20251124 - INFO - 成功插入 887 行数据到表 macro_high_freq_data_weekly_mom_2_net
2025-11-24 16:24:51,806 - datadeal_20251124 - INFO - [Function: create_table completed, elapsed time: 0.05s]
2025-11-24 16:24:51,807 - datadeal_20251124 - INFO - 数据库连接已关闭
2025-11-24 16:24:55,309 - datadeal_20251124 - INFO - 数据库连接成功: macro_data_base
2025-11-24 16:24:55,310 - datadeal_20251124 - INFO - [Function: load_table started...]
2025-11-24 16:24:55,334 - datadeal_20251124 - INFO - 按列 'index' 升序排序
2025-11-24 16:24:55,343 - datadeal_20251124 - INFO - 成功从表 macro_high_freq_data_weekly_mom_1 加载数据，形状: (887, 7)
2025-11-24 16:24:55,344 - datadeal_20251124 - INFO - [Function: load_table completed, elapsed time: 0.03s]
2025-11-24 16:24:55,348 - datadeal_20251124 - INFO - 数据库连接已关闭
2025-11-24 16:25:09,329 - datadeal_20251124 - INFO - 数据库连接成功: macro_data_base
2025-11-24 16:25:09,330 - datadeal_20251124 - INFO - [Function: create_table started...]
2025-11-24 16:25:09,341 - datadeal_20251124 - INFO - 已删除现有表 macro_high_freq_data_weekly_yoy
2025-11-24 16:25:09,390 - datadeal_20251124 - INFO - 表 macro_high_freq_data_weekly_yoy 创建成功，包含 7 列
2025-11-24 16:25:09,436 - datadeal_20251124 - INFO - 成功插入 886 行数据到表 macro_high_freq_data_weekly_yoy
2025-11-24 16:25:09,437 - datadeal_20251124 - INFO - [Function: create_table completed, elapsed time: 0.11s]
2025-11-24 16:25:09,438 - datadeal_20251124 - INFO - [Function: create_table started...]
2025-11-24 16:25:09,441 - datadeal_20251124 - INFO - 已删除现有表 macro_high_freq_data_weekly_mom_1
2025-11-24 16:25:09,445 - datadeal_20251124 - INFO - 表 macro_high_freq_data_weekly_mom_1 创建成功，包含 7 列
2025-11-24 16:25:09,488 - datadeal_20251124 - INFO - 成功插入 887 行数据到表 macro_high_freq_data_weekly_mom_1
2025-11-24 16:25:09,489 - datadeal_20251124 - INFO - [Function: create_table completed, elapsed time: 0.05s]
2025-11-24 16:25:09,490 - datadeal_20251124 - INFO - [Function: create_table started...]
2025-11-24 16:25:09,492 - datadeal_20251124 - INFO - 已删除现有表 macro_high_freq_data_weekly_mom_2_net
2025-11-24 16:25:09,496 - datadeal_20251124 - INFO - 表 macro_high_freq_data_weekly_mom_2_net 创建成功，包含 7 列
2025-11-24 16:25:09,536 - datadeal_20251124 - INFO - 成功插入 886 行数据到表 macro_high_freq_data_weekly_mom_2_net
2025-11-24 16:25:09,537 - datadeal_20251124 - INFO - [Function: create_table completed, elapsed time: 0.05s]
2025-11-24 16:25:09,538 - datadeal_20251124 - INFO - 数据库连接已关闭
2025-11-24 16:25:10,299 - datadeal_20251124 - INFO - 数据库连接成功: macro_data_base
2025-11-24 16:25:10,300 - datadeal_20251124 - INFO - [Function: load_table started...]
2025-11-24 16:25:10,311 - datadeal_20251124 - INFO - 按列 'index' 升序排序
2025-11-24 16:25:10,318 - datadeal_20251124 - INFO - 成功从表 macro_high_freq_data_weekly_mom_1 加载数据，形状: (887, 7)
2025-11-24 16:25:10,318 - datadeal_20251124 - INFO - [Function: load_table completed, elapsed time: 0.02s]
2025-11-24 16:25:10,321 - datadeal_20251124 - INFO - 数据库连接已关闭
2025-11-24 16:25:45,938 - datadeal_20251124 - INFO - 数据库连接成功: macro_data_base
2025-11-24 16:25:45,938 - datadeal_20251124 - INFO - [Function: load_table started...]
2025-11-24 16:25:45,949 - datadeal_20251124 - INFO - 按列 'index' 升序排序
2025-11-24 16:25:45,956 - datadeal_20251124 - INFO - 成功从表 macro_high_freq_data_weekly_mom_2_net 加载数据，形状: (886, 7)
2025-11-24 16:25:45,957 - datadeal_20251124 - INFO - [Function: load_table completed, elapsed time: 0.02s]
2025-11-24 16:25:45,960 - datadeal_20251124 - INFO - 数据库连接已关闭
2025-11-24 16:26:01,485 - datadeal_20251124 - INFO - 数据库连接成功: macro_data_base
2025-11-24 16:26:01,486 - datadeal_20251124 - INFO - [Function: load_table started...]
2025-11-24 16:26:01,498 - datadeal_20251124 - INFO - 按列 'index' 升序排序
2025-11-24 16:26:01,505 - datadeal_20251124 - INFO - 成功从表 macro_high_freq_data_weekly_mom_1 加载数据，形状: (887, 7)
2025-11-24 16:26:01,505 - datadeal_20251124 - INFO - [Function: load_table completed, elapsed time: 0.02s]
2025-11-24 16:26:01,508 - datadeal_20251124 - INFO - 数据库连接已关闭
2025-11-24 16:26:29,678 - datadeal_20251124 - INFO - 数据库连接成功: macro_data_base
2025-11-24 16:26:29,678 - datadeal_20251124 - INFO - [Function: create_table started...]
2025-11-24 16:26:29,686 - datadeal_20251124 - INFO - 已删除现有表 macro_high_freq_data_weekly_yoy
2025-11-24 16:26:29,729 - datadeal_20251124 - INFO - 表 macro_high_freq_data_weekly_yoy 创建成功，包含 7 列
2025-11-24 16:26:29,783 - datadeal_20251124 - INFO - 成功插入 886 行数据到表 macro_high_freq_data_weekly_yoy
2025-11-24 16:26:29,784 - datadeal_20251124 - INFO - [Function: create_table completed, elapsed time: 0.11s]
2025-11-24 16:26:29,785 - datadeal_20251124 - INFO - [Function: create_table started...]
2025-11-24 16:26:29,789 - datadeal_20251124 - INFO - 已删除现有表 macro_high_freq_data_weekly_mom_1
2025-11-24 16:26:29,796 - datadeal_20251124 - INFO - 表 macro_high_freq_data_weekly_mom_1 创建成功，包含 7 列
2025-11-24 16:26:29,847 - datadeal_20251124 - INFO - 成功插入 886 行数据到表 macro_high_freq_data_weekly_mom_1
2025-11-24 16:26:29,848 - datadeal_20251124 - INFO - [Function: create_table completed, elapsed time: 0.06s]
2025-11-24 16:26:29,849 - datadeal_20251124 - INFO - [Function: create_table started...]
2025-11-24 16:26:29,851 - datadeal_20251124 - INFO - 已删除现有表 macro_high_freq_data_weekly_mom_2_net
2025-11-24 16:26:29,856 - datadeal_20251124 - INFO - 表 macro_high_freq_data_weekly_mom_2_net 创建成功，包含 7 列
2025-11-24 16:26:29,903 - datadeal_20251124 - INFO - 成功插入 886 行数据到表 macro_high_freq_data_weekly_mom_2_net
2025-11-24 16:26:29,904 - datadeal_20251124 - INFO - [Function: create_table completed, elapsed time: 0.05s]
2025-11-24 16:26:29,905 - datadeal_20251124 - INFO - 数据库连接已关闭
2025-11-24 16:26:30,592 - datadeal_20251124 - INFO - 数据库连接成功: macro_data_base
2025-11-24 16:26:30,594 - datadeal_20251124 - INFO - [Function: load_table started...]
2025-11-24 16:26:30,610 - datadeal_20251124 - INFO - 按列 'index' 升序排序
2025-11-24 16:26:30,618 - datadeal_20251124 - INFO - 成功从表 macro_high_freq_data_weekly_mom_1 加载数据，形状: (886, 7)
2025-11-24 16:26:30,618 - datadeal_20251124 - INFO - [Function: load_table completed, elapsed time: 0.02s]
2025-11-24 16:26:30,621 - datadeal_20251124 - INFO - 数据库连接已关闭
2025-11-24 16:26:44,251 - datadeal_20251124 - INFO - 数据库连接成功: macro_data_base
2025-11-24 16:26:44,286 - datadeal_20251124 - INFO - 找到 12 个表
2025-11-24 16:26:44,287 - datadeal_20251124 - INFO - [Function: load_table started...]
2025-11-24 16:26:44,290 - datadeal_20251124 - INFO - 按列 'index' 升序排序
2025-11-24 16:26:44,302 - datadeal_20251124 - INFO - 成功从表 allocation_pool_1_price_weekly 加载数据，形状: (997, 15)
2025-11-24 16:26:44,303 - datadeal_20251124 - INFO - [Function: load_table completed, elapsed time: 0.02s]
2025-11-24 16:26:44,305 - datadeal_20251124 - INFO - 数据库连接已关闭
2025-11-24 16:33:15,284 - datadeal_20251124 - INFO - 数据库连接成功: macro_data_base
2025-11-24 16:33:15,285 - datadeal_20251124 - INFO - [Function: load_table started...]
2025-11-24 16:33:15,300 - datadeal_20251124 - INFO - 按列 'index' 升序排序
2025-11-24 16:33:15,310 - datadeal_20251124 - INFO - 成功从表 macro_high_freq_data_weekly_mom_1 加载数据，形状: (886, 7)
2025-11-24 16:33:15,311 - datadeal_20251124 - INFO - [Function: load_table completed, elapsed time: 0.03s]
2025-11-24 16:33:15,315 - datadeal_20251124 - INFO - 数据库连接已关闭
2025-11-24 16:33:23,312 - datadeal_20251124 - INFO - 数据库连接成功: macro_data_base
2025-11-24 16:33:23,313 - datadeal_20251124 - INFO - [Function: load_table started...]
2025-11-24 16:33:23,328 - datadeal_20251124 - INFO - 按列 'index' 升序排序
2025-11-24 16:33:23,334 - datadeal_20251124 - INFO - 成功从表 macro_high_freq_data_weekly_mom_1 加载数据，形状: (886, 7)
2025-11-24 16:33:23,335 - datadeal_20251124 - INFO - [Function: load_table completed, elapsed time: 0.02s]
2025-11-24 16:33:23,337 - datadeal_20251124 - INFO - 数据库连接已关闭
2025-11-24 16:33:26,704 - datadeal_20251124 - INFO - 数据库连接成功: macro_data_base
2025-11-24 16:33:26,732 - datadeal_20251124 - INFO - 找到 12 个表
2025-11-24 16:33:26,733 - datadeal_20251124 - INFO - [Function: load_table started...]
2025-11-24 16:33:26,736 - datadeal_20251124 - INFO - 按列 'index' 升序排序
2025-11-24 16:33:26,751 - datadeal_20251124 - INFO - 成功从表 allocation_pool_1_price_weekly 加载数据，形状: (997, 15)
2025-11-24 16:33:26,752 - datadeal_20251124 - INFO - [Function: load_table completed, elapsed time: 0.02s]
2025-11-24 16:33:26,753 - datadeal_20251124 - INFO - 数据库连接已关闭
2025-11-24 16:37:34,457 - datadeal_20251124 - INFO - 数据库连接成功: macro_data_base
2025-11-24 16:37:34,491 - datadeal_20251124 - INFO - 找到 12 个表
2025-11-24 16:37:34,492 - datadeal_20251124 - INFO - [Function: load_table started...]
2025-11-24 16:37:34,495 - datadeal_20251124 - INFO - 按列 'index' 升序排序
2025-11-24 16:37:34,509 - datadeal_20251124 - INFO - 成功从表 allocation_pool_1_price_weekly 加载数据，形状: (997, 15)
2025-11-24 16:37:34,510 - datadeal_20251124 - INFO - [Function: load_table completed, elapsed time: 0.02s]
2025-11-24 16:37:34,512 - datadeal_20251124 - INFO - 数据库连接已关闭
2025-11-24 16:38:43,354 - datadeal_20251124 - INFO - 数据库连接成功: macro_data_base
2025-11-24 16:38:43,388 - datadeal_20251124 - INFO - 找到 12 个表
2025-11-24 16:38:43,388 - datadeal_20251124 - INFO - [Function: create_table started...]
2025-11-24 16:38:43,392 - datadeal_20251124 - INFO - 已删除现有表 allocation_pool_1_price_weekly
2025-11-24 16:38:43,436 - datadeal_20251124 - INFO - 表 allocation_pool_1_price_weekly 创建成功，包含 15 列
2025-11-24 16:38:43,500 - datadeal_20251124 - INFO - 成功插入 997 行数据到表 allocation_pool_1_price_weekly
2025-11-24 16:38:43,501 - datadeal_20251124 - INFO - [Function: create_table completed, elapsed time: 0.11s]
2025-11-24 16:38:43,502 - datadeal_20251124 - INFO - [Function: load_table started...]
2025-11-24 16:38:43,505 - datadeal_20251124 - INFO - 按列 'index' 升序排序
2025-11-24 16:38:43,518 - datadeal_20251124 - INFO - 成功从表 allocation_pool_1_price_weekly 加载数据，形状: (997, 15)
2025-11-24 16:38:43,520 - datadeal_20251124 - INFO - [Function: load_table completed, elapsed time: 0.02s]
2025-11-24 16:38:43,521 - datadeal_20251124 - INFO - 数据库连接已关闭
