2025-11-25 09:17:57,020 - datadeal_20251125 - INFO - 数据库连接成功: macro_data_base
2025-11-25 09:17:57,021 - datadeal_20251125 - INFO - [Function: load_table started...]
2025-11-25 09:17:57,078 - datadeal_20251125 - INFO - 按列 'index' 升序排序
2025-11-25 09:17:57,085 - datadeal_20251125 - INFO - 成功从表 raw_macro_data_m 加载数据，形状: (245, 14)
2025-11-25 09:17:57,085 - datadeal_20251125 - INFO - [Function: load_table completed, elapsed time: 0.06s]
2025-11-25 09:17:57,092 - datadeal_20251125 - INFO - 数据库连接已关闭
2025-11-25 09:29:56,115 - datadeal_20251125 - INFO - 数据库连接成功: macro_data_base
2025-11-25 09:29:56,115 - datadeal_20251125 - INFO - [Function: load_table started...]
2025-11-25 09:29:56,124 - datadeal_20251125 - INFO - 按列 'index' 升序排序
2025-11-25 09:29:56,128 - datadeal_20251125 - INFO - 成功从表 lf_macro_data 加载数据，形状: (198, 7)
2025-11-25 09:29:56,129 - datadeal_20251125 - INFO - [Function: load_table completed, elapsed time: 0.01s]
2025-11-25 09:29:56,130 - datadeal_20251125 - INFO - [Function: load_table started...]
2025-11-25 09:29:56,132 - datadeal_20251125 - INFO - 按列 'index' 升序排序
2025-11-25 09:29:56,260 - datadeal_20251125 - INFO - 成功从表 hf_asset_data_w 加载数据，形状: (1013, 14)
2025-11-25 09:29:56,261 - datadeal_20251125 - INFO - [Function: load_table completed, elapsed time: 0.13s]
2025-11-25 09:29:56,263 - datadeal_20251125 - INFO - 数据库连接已关闭
2025-11-25 11:21:54,312 - datadeal_20251125 - INFO - 数据库连接成功: macro_data_base
2025-11-25 11:21:54,313 - datadeal_20251125 - INFO - [Function: load_table started...]
2025-11-25 11:21:54,321 - datadeal_20251125 - INFO - 按列 'index' 升序排序
2025-11-25 11:21:54,326 - datadeal_20251125 - INFO - 成功从表 lf_macro_data 加载数据，形状: (198, 7)
2025-11-25 11:21:54,327 - datadeal_20251125 - INFO - [Function: load_table completed, elapsed time: 0.01s]
2025-11-25 11:21:54,330 - datadeal_20251125 - INFO - [Function: load_table started...]
2025-11-25 11:21:54,334 - datadeal_20251125 - INFO - 按列 'index' 升序排序
2025-11-25 11:21:54,348 - datadeal_20251125 - INFO - 成功从表 hf_asset_data_w 加载数据，形状: (1013, 14)
2025-11-25 11:21:54,349 - datadeal_20251125 - INFO - [Function: load_table completed, elapsed time: 0.02s]
2025-11-25 11:21:54,352 - datadeal_20251125 - INFO - 数据库连接已关闭
2025-11-25 14:48:47,991 - datadeal_20251125 - INFO - 数据库连接成功: macro_data_base
2025-11-25 14:48:47,991 - datadeal_20251125 - INFO - [Function: load_table started...]
2025-11-25 14:48:47,999 - datadeal_20251125 - INFO - 按列 'index' 升序排序
2025-11-25 14:48:48,040 - datadeal_20251125 - INFO - 获取最后 10 行数据（总行数: 1013）
2025-11-25 14:48:48,041 - datadeal_20251125 - INFO - 成功从表 hf_asset_data_w 加载数据，形状: (10, 14)
2025-11-25 14:48:48,042 - datadeal_20251125 - INFO - [Function: load_table completed, elapsed time: 0.05s]
2025-11-25 14:48:48,262 - datadeal_20251125 - INFO - [Function: insert_data started...]
2025-11-25 14:48:48,263 - datadeal_20251125 - INFO - [Function: load_table started...]
2025-11-25 14:48:48,266 - datadeal_20251125 - INFO - 按列 'index' 升序排序
2025-11-25 14:48:48,266 - datadeal_20251125 - INFO - 获取最后 80 行数据（总行数: 1013）
2025-11-25 14:48:48,268 - datadeal_20251125 - INFO - 成功从表 hf_asset_data_w 加载数据，形状: (80, 14)
2025-11-25 14:48:48,268 - datadeal_20251125 - INFO - [Function: load_table completed, elapsed time: 0.00s]
2025-11-25 14:48:48,269 - datadeal_20251125 - INFO - 使用 update 模式，更新 2 行
2025-11-25 14:48:48,282 - datadeal_20251125 - INFO - 成功更新 2 行数据
2025-11-25 14:48:48,282 - datadeal_20251125 - INFO - 插入 1 行新数据
2025-11-25 14:48:48,286 - datadeal_20251125 - INFO - 成功插入 1 行数据到表 hf_asset_data_w
2025-11-25 14:48:48,286 - datadeal_20251125 - INFO - update 模式完成: 更新 2 行, 插入 1 行
2025-11-25 14:48:48,286 - datadeal_20251125 - INFO - [Function: insert_data completed, elapsed time: 0.02s]
2025-11-25 14:48:48,763 - datadeal_20251125 - INFO - [Function: add_columns started...]
2025-11-25 14:48:48,765 - datadeal_20251125 - INFO - 表 hf_asset_data_w 现有列: ['index', 'CBA00602_CS', 'CBA04031_CS', 'CBA02531_CS', 'HSI_HI', 'S0031510', 'S0105912', 'M0049225', 'S0031525', 'S0143884', 'S0179664', 'M0049385', 'M0049387', 'M0000271']
2025-11-25 14:48:48,766 - datadeal_20251125 - INFO - 识别到 2 个新列: ['S0069669', 'M0330361']
2025-11-25 14:48:48,769 - datadeal_20251125 - INFO - 添加列 S0069669 (类型: DOUBLE PRECISION)
2025-11-25 14:48:48,770 - datadeal_20251125 - INFO - 添加列 M0330361 (类型: DOUBLE PRECISION)
2025-11-25 14:48:48,771 - datadeal_20251125 - INFO - [Function: load_table started...]
2025-11-25 14:48:48,774 - datadeal_20251125 - INFO - 按列 'index' 升序排序
2025-11-25 14:48:48,774 - datadeal_20251125 - INFO - 获取最后 10 行数据（总行数: 1014）
2025-11-25 14:48:48,775 - datadeal_20251125 - INFO - 成功从表 hf_asset_data_w 加载数据，形状: (10, 16)
2025-11-25 14:48:48,776 - datadeal_20251125 - INFO - [Function: load_table completed, elapsed time: 0.00s]
2025-11-25 14:48:48,776 - datadeal_20251125 - INFO - 按索引列 'index' 合并数据
2025-11-25 14:48:48,919 - datadeal_20251125 - INFO - 成功更新 1014 行的新列数据
2025-11-25 14:48:48,919 - datadeal_20251125 - INFO - [Function: add_columns completed, elapsed time: 0.16s]
2025-11-25 14:48:48,919 - datadeal_20251125 - INFO - 数据库连接已关闭
2025-11-25 14:48:48,947 - datadeal_20251125 - INFO - 数据库连接成功: macro_data_base
2025-11-25 14:48:48,947 - datadeal_20251125 - INFO - [Function: load_table started...]
2025-11-25 14:48:48,952 - datadeal_20251125 - INFO - 按列 'index' 升序排序
2025-11-25 14:48:48,964 - datadeal_20251125 - INFO - 成功从表 hf_asset_data_w 加载数据，形状: (1014, 16)
2025-11-25 14:48:48,964 - datadeal_20251125 - INFO - [Function: load_table completed, elapsed time: 0.02s]
2025-11-25 14:48:48,975 - datadeal_20251125 - INFO - 数据库连接已关闭
2025-11-25 14:50:06,082 - datadeal_20251125 - INFO - 数据库连接成功: macro_data_base
2025-11-25 14:50:06,083 - datadeal_20251125 - INFO - [Function: load_table started...]
2025-11-25 14:50:06,093 - datadeal_20251125 - INFO - 按列 'index' 升序排序
2025-11-25 14:50:06,098 - datadeal_20251125 - INFO - 成功从表 lf_macro_data 加载数据，形状: (198, 7)
2025-11-25 14:50:06,099 - datadeal_20251125 - INFO - [Function: load_table completed, elapsed time: 0.02s]
2025-11-25 14:50:06,101 - datadeal_20251125 - INFO - [Function: load_table started...]
2025-11-25 14:50:06,108 - datadeal_20251125 - INFO - 按列 'index' 升序排序
2025-11-25 14:50:06,129 - datadeal_20251125 - INFO - 成功从表 hf_asset_data_w 加载数据，形状: (1014, 16)
2025-11-25 14:50:06,130 - datadeal_20251125 - INFO - [Function: load_table completed, elapsed time: 0.03s]
2025-11-25 14:50:06,134 - datadeal_20251125 - INFO - 数据库连接已关闭
2025-11-25 14:56:48,936 - datadeal_20251125 - INFO - 数据库连接成功: macro_data_base
2025-11-25 14:56:48,937 - datadeal_20251125 - INFO - [Function: load_table started...]
2025-11-25 14:56:48,943 - datadeal_20251125 - INFO - 按列 'index' 升序排序
2025-11-25 14:56:48,944 - datadeal_20251125 - INFO - 获取最后 10 行数据（总行数: 245）
2025-11-25 14:56:48,945 - datadeal_20251125 - INFO - 成功从表 raw_macro_data_m 加载数据，形状: (10, 14)
2025-11-25 14:56:48,946 - datadeal_20251125 - INFO - [Function: load_table completed, elapsed time: 0.01s]
2025-11-25 14:56:49,781 - datadeal_20251125 - INFO - [Function: insert_data started...]
2025-11-25 14:56:49,782 - datadeal_20251125 - INFO - [Function: load_table started...]
2025-11-25 14:56:49,784 - datadeal_20251125 - INFO - 按列 'index' 升序排序
2025-11-25 14:56:49,784 - datadeal_20251125 - INFO - 获取最后 80 行数据（总行数: 245）
2025-11-25 14:56:49,786 - datadeal_20251125 - INFO - 成功从表 raw_macro_data_m 加载数据，形状: (80, 14)
2025-11-25 14:56:49,786 - datadeal_20251125 - INFO - [Function: load_table completed, elapsed time: 0.00s]
2025-11-25 14:56:49,786 - datadeal_20251125 - INFO - 使用 update 模式，更新 2 行
2025-11-25 14:56:49,825 - datadeal_20251125 - INFO - 成功更新 2 行数据
2025-11-25 14:56:49,825 - datadeal_20251125 - INFO - update 模式完成: 更新 2 行, 插入 0 行
2025-11-25 14:56:49,825 - datadeal_20251125 - INFO - [Function: insert_data completed, elapsed time: 0.04s]
2025-11-25 14:56:50,345 - datadeal_20251125 - INFO - [Function: add_columns started...]
2025-11-25 14:56:50,347 - datadeal_20251125 - INFO - 表 raw_macro_data_m 现有列: ['index', 'M0017126', 'M0000273', 'M0001428', 'M0000605', 'M0000612', 'M0001227', 'S0059749', 'S0059717', 'M1004265', 'M0000271', 'M0001385', 'M5525763', 'M0000545']
2025-11-25 14:56:50,348 - datadeal_20251125 - INFO - 识别到 1 个新列: ['M0000185']
2025-11-25 14:56:50,385 - datadeal_20251125 - INFO - 添加列 M0000185 (类型: DOUBLE PRECISION)
2025-11-25 14:56:50,386 - datadeal_20251125 - INFO - [Function: load_table started...]
2025-11-25 14:56:50,388 - datadeal_20251125 - INFO - 按列 'index' 升序排序
2025-11-25 14:56:50,389 - datadeal_20251125 - INFO - 获取最后 10 行数据（总行数: 245）
2025-11-25 14:56:50,390 - datadeal_20251125 - INFO - 成功从表 raw_macro_data_m 加载数据，形状: (10, 15)
2025-11-25 14:56:50,390 - datadeal_20251125 - INFO - [Function: load_table completed, elapsed time: 0.00s]
2025-11-25 14:56:50,390 - datadeal_20251125 - INFO - 按索引列 'index' 合并数据
2025-11-25 14:56:50,432 - datadeal_20251125 - INFO - 成功更新 245 行的新列数据
2025-11-25 14:56:50,432 - datadeal_20251125 - INFO - [Function: add_columns completed, elapsed time: 0.09s]
2025-11-25 14:56:50,432 - datadeal_20251125 - INFO - 数据库连接已关闭
2025-11-25 14:56:50,462 - datadeal_20251125 - INFO - 数据库连接成功: macro_data_base
2025-11-25 14:56:50,463 - datadeal_20251125 - INFO - [Function: load_table started...]
2025-11-25 14:56:50,468 - datadeal_20251125 - INFO - 按列 'index' 升序排序
2025-11-25 14:56:50,468 - datadeal_20251125 - INFO - 获取最后 10 行数据（总行数: 1014）
2025-11-25 14:56:50,470 - datadeal_20251125 - INFO - 成功从表 hf_asset_data_w 加载数据，形状: (10, 16)
2025-11-25 14:56:50,470 - datadeal_20251125 - INFO - [Function: load_table completed, elapsed time: 0.01s]
2025-11-25 14:56:51,172 - datadeal_20251125 - INFO - [Function: insert_data started...]
2025-11-25 14:56:51,173 - datadeal_20251125 - INFO - [Function: load_table started...]
2025-11-25 14:56:51,176 - datadeal_20251125 - INFO - 按列 'index' 升序排序
2025-11-25 14:56:51,176 - datadeal_20251125 - INFO - 获取最后 80 行数据（总行数: 1014）
2025-11-25 14:56:51,178 - datadeal_20251125 - INFO - 成功从表 hf_asset_data_w 加载数据，形状: (80, 16)
2025-11-25 14:56:51,178 - datadeal_20251125 - INFO - [Function: load_table completed, elapsed time: 0.00s]
2025-11-25 14:56:51,178 - datadeal_20251125 - INFO - 使用 update 模式，更新 2 行
2025-11-25 14:56:51,216 - datadeal_20251125 - INFO - 成功更新 2 行数据
2025-11-25 14:56:51,216 - datadeal_20251125 - INFO - update 模式完成: 更新 2 行, 插入 0 行
2025-11-25 14:56:51,216 - datadeal_20251125 - INFO - [Function: insert_data completed, elapsed time: 0.04s]
2025-11-25 14:56:51,502 - datadeal_20251125 - INFO - [Function: add_columns started...]
2025-11-25 14:56:51,504 - datadeal_20251125 - INFO - 表 hf_asset_data_w 现有列: ['index', 'CBA00602_CS', 'CBA04031_CS', 'CBA02531_CS', 'HSI_HI', 'S0031510', 'S0105912', 'M0049225', 'S0031525', 'S0143884', 'S0179664', 'M0049385', 'M0049387', 'M0000271', 'S0069669', 'M0330361']
2025-11-25 14:56:51,505 - datadeal_20251125 - INFO - 识别到 1 个新列: ['M0000185']
2025-11-25 14:56:51,505 - datadeal_20251125 - INFO - 添加列 M0000185 (类型: DOUBLE PRECISION)
2025-11-25 14:56:51,567 - datadeal_20251125 - INFO - [Function: load_table started...]
2025-11-25 14:56:51,570 - datadeal_20251125 - INFO - 按列 'index' 升序排序
2025-11-25 14:56:51,571 - datadeal_20251125 - INFO - 获取最后 10 行数据（总行数: 1014）
2025-11-25 14:56:51,572 - datadeal_20251125 - INFO - 成功从表 hf_asset_data_w 加载数据，形状: (10, 17)
2025-11-25 14:56:51,572 - datadeal_20251125 - INFO - [Function: load_table completed, elapsed time: 0.00s]
2025-11-25 14:56:51,572 - datadeal_20251125 - INFO - 按索引列 'index' 合并数据
2025-11-25 14:56:51,713 - datadeal_20251125 - INFO - 成功更新 993 行的新列数据
2025-11-25 14:56:51,713 - datadeal_20251125 - INFO - [Function: add_columns completed, elapsed time: 0.21s]
2025-11-25 14:56:51,713 - datadeal_20251125 - INFO - 数据库连接已关闭
2025-11-25 14:56:51,740 - datadeal_20251125 - INFO - 数据库连接成功: macro_data_base
2025-11-25 14:56:51,740 - datadeal_20251125 - INFO - [Function: load_table started...]
2025-11-25 14:56:51,746 - datadeal_20251125 - INFO - 按列 'index' 升序排序
2025-11-25 14:56:51,759 - datadeal_20251125 - INFO - 成功从表 hf_asset_data_w 加载数据，形状: (1014, 17)
2025-11-25 14:56:51,760 - datadeal_20251125 - INFO - [Function: load_table completed, elapsed time: 0.02s]
2025-11-25 14:56:51,769 - datadeal_20251125 - INFO - 数据库连接已关闭
2025-11-25 14:57:15,958 - datadeal_20251125 - INFO - 数据库连接成功: macro_data_base
2025-11-25 14:57:15,958 - datadeal_20251125 - INFO - [Function: load_table started...]
2025-11-25 14:57:15,969 - datadeal_20251125 - INFO - 按列 'index' 升序排序
2025-11-25 14:57:15,974 - datadeal_20251125 - INFO - 成功从表 raw_macro_data_m 加载数据，形状: (245, 15)
2025-11-25 14:57:15,975 - datadeal_20251125 - INFO - [Function: load_table completed, elapsed time: 0.02s]
2025-11-25 14:57:15,981 - datadeal_20251125 - INFO - 数据库连接已关闭
2025-11-25 14:59:00,754 - datadeal_20251125 - INFO - 数据库连接成功: macro_data_base
2025-11-25 14:59:00,755 - datadeal_20251125 - INFO - [Function: create_table started...]
2025-11-25 14:59:00,770 - datadeal_20251125 - INFO - 已删除现有表 lf_macro_data
2025-11-25 14:59:00,778 - datadeal_20251125 - INFO - 表 lf_macro_data 创建成功，包含 7 列
2025-11-25 14:59:00,789 - datadeal_20251125 - INFO - 成功插入 198 行数据到表 lf_macro_data
2025-11-25 14:59:00,790 - datadeal_20251125 - INFO - [Function: create_table completed, elapsed time: 0.03s]
2025-11-25 14:59:00,791 - datadeal_20251125 - INFO - 数据库连接已关闭
2025-11-25 14:59:06,615 - datadeal_20251125 - INFO - 数据库连接成功: macro_data_base
2025-11-25 14:59:06,616 - datadeal_20251125 - INFO - [Function: load_table started...]
2025-11-25 14:59:06,626 - datadeal_20251125 - INFO - 按列 'index' 升序排序
2025-11-25 14:59:06,630 - datadeal_20251125 - INFO - 成功从表 lf_macro_data 加载数据，形状: (198, 7)
2025-11-25 14:59:06,630 - datadeal_20251125 - INFO - [Function: load_table completed, elapsed time: 0.01s]
2025-11-25 14:59:06,632 - datadeal_20251125 - INFO - [Function: load_table started...]
2025-11-25 14:59:06,637 - datadeal_20251125 - INFO - 按列 'index' 升序排序
2025-11-25 14:59:06,651 - datadeal_20251125 - INFO - 成功从表 hf_asset_data_w 加载数据，形状: (1014, 17)
2025-11-25 14:59:06,652 - datadeal_20251125 - INFO - [Function: load_table completed, elapsed time: 0.02s]
2025-11-25 14:59:06,654 - datadeal_20251125 - INFO - 数据库连接已关闭
2025-11-25 15:18:56,531 - datadeal_20251125 - INFO - 数据库连接成功: macro_data_base
2025-11-25 15:18:56,532 - datadeal_20251125 - INFO - [Function: load_table started...]
2025-11-25 15:18:56,544 - datadeal_20251125 - INFO - 按列 'index' 升序排序
2025-11-25 15:18:56,547 - datadeal_20251125 - INFO - 成功从表 lf_macro_data 加载数据，形状: (198, 7)
2025-11-25 15:18:56,548 - datadeal_20251125 - INFO - [Function: load_table completed, elapsed time: 0.01s]
2025-11-25 15:18:56,549 - datadeal_20251125 - INFO - [Function: load_table started...]
2025-11-25 15:18:56,552 - datadeal_20251125 - INFO - 按列 'index' 升序排序
2025-11-25 15:18:56,566 - datadeal_20251125 - INFO - 成功从表 hf_asset_data_w 加载数据，形状: (1014, 17)
2025-11-25 15:18:56,567 - datadeal_20251125 - INFO - [Function: load_table completed, elapsed time: 0.02s]
2025-11-25 15:18:56,570 - datadeal_20251125 - INFO - 数据库连接已关闭
2025-11-25 15:28:07,755 - datadeal_20251125 - INFO - 数据库连接成功: macro_data_base
2025-11-25 15:28:07,757 - datadeal_20251125 - INFO - [Function: create_table started...]
2025-11-25 15:28:07,801 - datadeal_20251125 - INFO - 表 macro_high_freq_data_weekly_match 创建成功，包含 7 列
2025-11-25 15:28:07,841 - datadeal_20251125 - INFO - 成功插入 708 行数据到表 macro_high_freq_data_weekly_match
2025-11-25 15:28:07,842 - datadeal_20251125 - INFO - [Function: create_table completed, elapsed time: 0.08s]
2025-11-25 15:28:07,843 - datadeal_20251125 - INFO - [Function: create_table started...]
2025-11-25 15:28:07,846 - datadeal_20251125 - INFO - 表 macro_high_freq_data_weekly_net 创建成功，包含 7 列
2025-11-25 15:28:07,883 - datadeal_20251125 - INFO - 成功插入 757 行数据到表 macro_high_freq_data_weekly_net
2025-11-25 15:28:07,884 - datadeal_20251125 - INFO - [Function: create_table completed, elapsed time: 0.04s]
2025-11-25 15:28:07,885 - datadeal_20251125 - INFO - [Function: create_table started...]
2025-11-25 15:28:07,889 - datadeal_20251125 - INFO - 表 macro_high_freq_data_weekly_pct 创建成功，包含 7 列
2025-11-25 15:28:07,930 - datadeal_20251125 - INFO - 成功插入 757 行数据到表 macro_high_freq_data_weekly_pct
2025-11-25 15:28:07,931 - datadeal_20251125 - INFO - [Function: create_table completed, elapsed time: 0.05s]
2025-11-25 15:28:07,932 - datadeal_20251125 - INFO - 数据库连接已关闭
2025-11-25 15:29:41,856 - datadeal_20251125 - INFO - 数据库连接成功: macro_data_base
2025-11-25 15:29:41,857 - datadeal_20251125 - INFO - [Function: load_table started...]
2025-11-25 15:29:41,865 - datadeal_20251125 - INFO - 按列 'index' 升序排序
2025-11-25 15:29:41,875 - datadeal_20251125 - INFO - 成功从表 macro_high_freq_data_weekly_match 加载数据，形状: (708, 7)
2025-11-25 15:29:41,876 - datadeal_20251125 - INFO - [Function: load_table completed, elapsed time: 0.02s]
2025-11-25 15:29:41,881 - datadeal_20251125 - INFO - 数据库连接已关闭
2025-11-25 15:30:12,012 - datadeal_20251125 - INFO - 数据库连接成功: macro_data_base
2025-11-25 15:30:12,014 - datadeal_20251125 - INFO - [Function: load_table started...]
2025-11-25 15:30:12,025 - datadeal_20251125 - INFO - 按列 'index' 升序排序
2025-11-25 15:30:12,032 - datadeal_20251125 - INFO - 成功从表 macro_high_freq_data_weekly_net 加载数据，形状: (757, 7)
2025-11-25 15:30:12,033 - datadeal_20251125 - INFO - [Function: load_table completed, elapsed time: 0.02s]
2025-11-25 15:30:12,037 - datadeal_20251125 - INFO - 数据库连接已关闭
2025-11-25 15:30:26,176 - datadeal_20251125 - INFO - 数据库连接成功: macro_data_base
2025-11-25 15:30:26,177 - datadeal_20251125 - INFO - [Function: load_table started...]
2025-11-25 15:30:26,183 - datadeal_20251125 - INFO - 按列 'index' 升序排序
2025-11-25 15:30:26,189 - datadeal_20251125 - INFO - 成功从表 macro_high_freq_data_weekly_pct 加载数据，形状: (757, 7)
2025-11-25 15:30:26,191 - datadeal_20251125 - INFO - [Function: load_table completed, elapsed time: 0.01s]
2025-11-25 15:30:26,195 - datadeal_20251125 - INFO - 数据库连接已关闭
2025-11-25 15:31:14,692 - datadeal_20251125 - INFO - 数据库连接成功: macro_data_base
2025-11-25 15:31:14,692 - datadeal_20251125 - INFO - [Function: load_table started...]
2025-11-25 15:31:14,699 - datadeal_20251125 - INFO - 按列 'index' 升序排序
2025-11-25 15:31:14,706 - datadeal_20251125 - INFO - 成功从表 macro_high_freq_data_weekly_pct 加载数据，形状: (757, 7)
2025-11-25 15:31:14,706 - datadeal_20251125 - INFO - [Function: load_table completed, elapsed time: 0.01s]
2025-11-25 15:31:14,710 - datadeal_20251125 - INFO - 数据库连接已关闭
2025-11-25 15:32:10,382 - datadeal_20251125 - INFO - 数据库连接成功: macro_data_base
2025-11-25 15:32:10,383 - datadeal_20251125 - INFO - [Function: load_table started...]
2025-11-25 15:32:10,391 - datadeal_20251125 - INFO - 按列 'index' 升序排序
2025-11-25 15:32:10,398 - datadeal_20251125 - INFO - 成功从表 macro_high_freq_data_weekly_match 加载数据，形状: (708, 7)
2025-11-25 15:32:10,399 - datadeal_20251125 - INFO - [Function: load_table completed, elapsed time: 0.02s]
2025-11-25 15:32:10,403 - datadeal_20251125 - INFO - 数据库连接已关闭
2025-11-25 15:32:52,707 - datadeal_20251125 - INFO - 数据库连接成功: macro_data_base
2025-11-25 15:32:52,708 - datadeal_20251125 - INFO - [Function: load_table started...]
2025-11-25 15:32:52,718 - datadeal_20251125 - INFO - 按列 'index' 升序排序
2025-11-25 15:32:52,726 - datadeal_20251125 - INFO - 成功从表 macro_high_freq_data_weekly_pct 加载数据，形状: (757, 7)
2025-11-25 15:32:52,728 - datadeal_20251125 - INFO - [Function: load_table completed, elapsed time: 0.02s]
2025-11-25 15:32:52,734 - datadeal_20251125 - INFO - 数据库连接已关闭
2025-11-25 15:34:57,788 - datadeal_20251125 - INFO - 数据库连接成功: macro_data_base
2025-11-25 15:34:57,789 - datadeal_20251125 - INFO - [Function: load_table started...]
2025-11-25 15:34:57,800 - datadeal_20251125 - INFO - 按列 'index' 升序排序
2025-11-25 15:34:57,804 - datadeal_20251125 - INFO - 成功从表 raw_macro_data_m 加载数据，形状: (245, 15)
2025-11-25 15:34:57,805 - datadeal_20251125 - INFO - [Function: load_table completed, elapsed time: 0.02s]
2025-11-25 15:34:57,810 - datadeal_20251125 - INFO - 数据库连接已关闭
2025-11-25 15:36:13,183 - datadeal_20251125 - INFO - 数据库连接成功: macro_data_base
2025-11-25 15:36:13,184 - datadeal_20251125 - INFO - [Function: load_table started...]
2025-11-25 15:36:13,192 - datadeal_20251125 - INFO - 按列 'index' 升序排序
2025-11-25 15:36:13,197 - datadeal_20251125 - INFO - 成功从表 raw_macro_data_m 加载数据，形状: (245, 15)
2025-11-25 15:36:13,198 - datadeal_20251125 - INFO - [Function: load_table completed, elapsed time: 0.01s]
2025-11-25 15:36:13,202 - datadeal_20251125 - INFO - 数据库连接已关闭
2025-11-25 15:36:42,250 - datadeal_20251125 - INFO - 数据库连接成功: macro_data_base
2025-11-25 15:36:42,251 - datadeal_20251125 - INFO - [Function: create_table started...]
2025-11-25 15:36:42,257 - datadeal_20251125 - INFO - 已删除现有表 lf_macro_data
2025-11-25 15:36:42,297 - datadeal_20251125 - INFO - 表 lf_macro_data 创建成功，包含 7 列
2025-11-25 15:36:42,308 - datadeal_20251125 - INFO - 成功插入 207 行数据到表 lf_macro_data
2025-11-25 15:36:42,308 - datadeal_20251125 - INFO - [Function: create_table completed, elapsed time: 0.06s]
2025-11-25 15:36:42,308 - datadeal_20251125 - INFO - 数据库连接已关闭
2025-11-25 15:37:04,083 - datadeal_20251125 - INFO - 数据库连接成功: macro_data_base
2025-11-25 15:37:04,083 - datadeal_20251125 - INFO - [Function: load_table started...]
2025-11-25 15:37:04,090 - datadeal_20251125 - INFO - 按列 'index' 升序排序
2025-11-25 15:37:04,093 - datadeal_20251125 - INFO - 成功从表 lf_macro_data 加载数据，形状: (207, 7)
2025-11-25 15:37:04,094 - datadeal_20251125 - INFO - [Function: load_table completed, elapsed time: 0.01s]
2025-11-25 15:37:04,094 - datadeal_20251125 - INFO - [Function: load_table started...]
2025-11-25 15:37:04,097 - datadeal_20251125 - INFO - 按列 'index' 升序排序
2025-11-25 15:37:04,113 - datadeal_20251125 - INFO - 成功从表 hf_asset_data_w 加载数据，形状: (1014, 17)
2025-11-25 15:37:04,115 - datadeal_20251125 - INFO - [Function: load_table completed, elapsed time: 0.02s]
2025-11-25 15:37:04,118 - datadeal_20251125 - INFO - 数据库连接已关闭
2025-11-25 15:37:30,580 - datadeal_20251125 - INFO - 数据库连接成功: macro_data_base
2025-11-25 15:37:30,581 - datadeal_20251125 - INFO - [Function: create_table started...]
2025-11-25 15:37:30,585 - datadeal_20251125 - INFO - 已删除现有表 macro_high_freq_data_weekly_match
2025-11-25 15:37:30,625 - datadeal_20251125 - INFO - 表 macro_high_freq_data_weekly_match 创建成功，包含 7 列
2025-11-25 15:37:30,659 - datadeal_20251125 - INFO - 成功插入 747 行数据到表 macro_high_freq_data_weekly_match
2025-11-25 15:37:30,660 - datadeal_20251125 - INFO - [Function: create_table completed, elapsed time: 0.08s]
2025-11-25 15:37:30,661 - datadeal_20251125 - INFO - [Function: create_table started...]
2025-11-25 15:37:30,662 - datadeal_20251125 - INFO - 已删除现有表 macro_high_freq_data_weekly_net
2025-11-25 15:37:30,666 - datadeal_20251125 - INFO - 表 macro_high_freq_data_weekly_net 创建成功，包含 7 列
2025-11-25 15:37:30,706 - datadeal_20251125 - INFO - 成功插入 796 行数据到表 macro_high_freq_data_weekly_net
2025-11-25 15:37:30,707 - datadeal_20251125 - INFO - [Function: create_table completed, elapsed time: 0.05s]
2025-11-25 15:37:30,708 - datadeal_20251125 - INFO - [Function: create_table started...]
2025-11-25 15:37:30,709 - datadeal_20251125 - INFO - 已删除现有表 macro_high_freq_data_weekly_pct
2025-11-25 15:37:30,712 - datadeal_20251125 - INFO - 表 macro_high_freq_data_weekly_pct 创建成功，包含 7 列
2025-11-25 15:37:30,752 - datadeal_20251125 - INFO - 成功插入 796 行数据到表 macro_high_freq_data_weekly_pct
2025-11-25 15:37:30,753 - datadeal_20251125 - INFO - [Function: create_table completed, elapsed time: 0.04s]
2025-11-25 15:37:30,754 - datadeal_20251125 - INFO - 数据库连接已关闭
2025-11-25 15:37:37,224 - datadeal_20251125 - INFO - 数据库连接成功: macro_data_base
2025-11-25 15:37:37,225 - datadeal_20251125 - INFO - [Function: load_table started...]
2025-11-25 15:37:37,234 - datadeal_20251125 - INFO - 按列 'index' 升序排序
2025-11-25 15:37:37,241 - datadeal_20251125 - INFO - 成功从表 macro_high_freq_data_weekly_pct 加载数据，形状: (796, 7)
2025-11-25 15:37:37,242 - datadeal_20251125 - INFO - [Function: load_table completed, elapsed time: 0.02s]
2025-11-25 15:37:37,247 - datadeal_20251125 - INFO - 数据库连接已关闭
2025-11-25 15:38:11,851 - datadeal_20251125 - INFO - 数据库连接成功: macro_data_base
2025-11-25 15:38:11,963 - datadeal_20251125 - INFO - 找到 15 个表
2025-11-25 15:38:11,964 - datadeal_20251125 - INFO - [Function: load_table started...]
2025-11-25 15:38:11,967 - datadeal_20251125 - INFO - 按列 'index' 升序排序
2025-11-25 15:38:11,979 - datadeal_20251125 - INFO - 成功从表 allocation_pool_1_price_weekly 加载数据，形状: (997, 15)
2025-11-25 15:38:11,981 - datadeal_20251125 - INFO - [Function: load_table completed, elapsed time: 0.02s]
2025-11-25 15:38:11,983 - datadeal_20251125 - INFO - 数据库连接已关闭
2025-11-25 15:40:34,697 - datadeal_20251125 - INFO - 数据库连接成功: macro_data_base
2025-11-25 15:40:34,698 - datadeal_20251125 - INFO - [Function: create_table started...]
2025-11-25 15:40:34,701 - datadeal_20251125 - INFO - 已删除现有表 macro_high_freq_data_weekly_match
2025-11-25 15:40:34,743 - datadeal_20251125 - INFO - 表 macro_high_freq_data_weekly_match 创建成功，包含 7 列
2025-11-25 15:40:34,792 - datadeal_20251125 - INFO - 成功插入 763 行数据到表 macro_high_freq_data_weekly_match
2025-11-25 15:40:34,793 - datadeal_20251125 - INFO - [Function: create_table completed, elapsed time: 0.10s]
2025-11-25 15:40:34,794 - datadeal_20251125 - INFO - [Function: create_table started...]
2025-11-25 15:40:34,797 - datadeal_20251125 - INFO - 已删除现有表 macro_high_freq_data_weekly_net
2025-11-25 15:40:34,801 - datadeal_20251125 - INFO - 表 macro_high_freq_data_weekly_net 创建成功，包含 7 列
2025-11-25 15:40:34,855 - datadeal_20251125 - INFO - 成功插入 814 行数据到表 macro_high_freq_data_weekly_net
2025-11-25 15:40:34,856 - datadeal_20251125 - INFO - [Function: create_table completed, elapsed time: 0.06s]
2025-11-25 15:40:34,857 - datadeal_20251125 - INFO - [Function: create_table started...]
2025-11-25 15:40:34,860 - datadeal_20251125 - INFO - 已删除现有表 macro_high_freq_data_weekly_pct
2025-11-25 15:40:34,865 - datadeal_20251125 - INFO - 表 macro_high_freq_data_weekly_pct 创建成功，包含 7 列
2025-11-25 15:40:34,915 - datadeal_20251125 - INFO - 成功插入 814 行数据到表 macro_high_freq_data_weekly_pct
2025-11-25 15:40:34,915 - datadeal_20251125 - INFO - [Function: create_table completed, elapsed time: 0.06s]
2025-11-25 15:40:34,916 - datadeal_20251125 - INFO - 数据库连接已关闭
2025-11-25 15:40:35,755 - datadeal_20251125 - INFO - 数据库连接成功: macro_data_base
2025-11-25 15:40:35,756 - datadeal_20251125 - INFO - [Function: load_table started...]
2025-11-25 15:40:35,761 - datadeal_20251125 - INFO - 按列 'index' 升序排序
2025-11-25 15:40:35,770 - datadeal_20251125 - INFO - 成功从表 macro_high_freq_data_weekly_pct 加载数据，形状: (814, 7)
2025-11-25 15:40:35,771 - datadeal_20251125 - INFO - [Function: load_table completed, elapsed time: 0.01s]
2025-11-25 15:40:35,775 - datadeal_20251125 - INFO - 数据库连接已关闭
2025-11-25 15:40:37,062 - datadeal_20251125 - INFO - 数据库连接成功: macro_data_base
2025-11-25 15:40:37,087 - datadeal_20251125 - INFO - 找到 15 个表
2025-11-25 15:40:37,088 - datadeal_20251125 - INFO - [Function: load_table started...]
2025-11-25 15:40:37,092 - datadeal_20251125 - INFO - 按列 'index' 升序排序
2025-11-25 15:40:37,106 - datadeal_20251125 - INFO - 成功从表 allocation_pool_1_price_weekly 加载数据，形状: (997, 15)
2025-11-25 15:40:37,107 - datadeal_20251125 - INFO - [Function: load_table completed, elapsed time: 0.02s]
2025-11-25 15:40:37,109 - datadeal_20251125 - INFO - 数据库连接已关闭
2025-11-25 15:46:02,750 - datadeal_20251125 - INFO - 数据库连接成功: macro_data_base
2025-11-25 15:46:02,766 - datadeal_20251125 - INFO - 找到 15 个表
2025-11-25 15:46:02,767 - datadeal_20251125 - INFO - [Function: load_table started...]
2025-11-25 15:46:02,770 - datadeal_20251125 - INFO - 按列 'index' 升序排序
2025-11-25 15:46:02,786 - datadeal_20251125 - INFO - 成功从表 allocation_pool_1_price_weekly 加载数据，形状: (997, 15)
2025-11-25 15:46:02,788 - datadeal_20251125 - INFO - [Function: load_table completed, elapsed time: 0.02s]
2025-11-25 15:46:02,790 - datadeal_20251125 - INFO - 数据库连接已关闭
2025-11-25 15:46:17,370 - datadeal_20251125 - INFO - 数据库连接成功: macro_data_base
2025-11-25 15:46:17,387 - datadeal_20251125 - INFO - 找到 15 个表
2025-11-25 15:46:17,388 - datadeal_20251125 - INFO - [Function: create_table started...]
2025-11-25 15:46:17,391 - datadeal_20251125 - INFO - 已删除现有表 allocation_pool_1_price_weekly
2025-11-25 15:46:17,432 - datadeal_20251125 - INFO - 表 allocation_pool_1_price_weekly 创建成功，包含 16 列
2025-11-25 15:46:17,505 - datadeal_20251125 - INFO - 成功插入 997 行数据到表 allocation_pool_1_price_weekly
2025-11-25 15:46:17,507 - datadeal_20251125 - INFO - [Function: create_table completed, elapsed time: 0.12s]
2025-11-25 15:46:17,507 - datadeal_20251125 - INFO - [Function: load_table started...]
2025-11-25 15:46:17,510 - datadeal_20251125 - INFO - 按列 'index' 升序排序
2025-11-25 15:46:17,524 - datadeal_20251125 - INFO - 成功从表 allocation_pool_1_price_weekly 加载数据，形状: (997, 16)
2025-11-25 15:46:17,525 - datadeal_20251125 - INFO - [Function: load_table completed, elapsed time: 0.02s]
2025-11-25 15:46:17,527 - datadeal_20251125 - INFO - 数据库连接已关闭
2025-11-25 15:48:52,590 - datadeal_20251125 - INFO - 数据库连接成功: macro_data_base
2025-11-25 15:48:52,591 - datadeal_20251125 - INFO - [Function: load_table started...]
2025-11-25 15:48:52,597 - datadeal_20251125 - INFO - 按列 'index' 升序排序
2025-11-25 15:48:52,604 - datadeal_20251125 - INFO - 成功从表 macro_high_freq_data_weekly_pct 加载数据，形状: (814, 7)
2025-11-25 15:48:52,605 - datadeal_20251125 - INFO - [Function: load_table completed, elapsed time: 0.01s]
2025-11-25 15:48:52,608 - datadeal_20251125 - INFO - 数据库连接已关闭
2025-11-25 15:48:53,420 - datadeal_20251125 - INFO - 数据库连接成功: macro_data_base
2025-11-25 15:48:53,436 - datadeal_20251125 - INFO - 找到 15 个表
2025-11-25 15:48:53,436 - datadeal_20251125 - INFO - [Function: load_table started...]
2025-11-25 15:48:53,439 - datadeal_20251125 - INFO - 按列 'index' 升序排序
2025-11-25 15:48:53,451 - datadeal_20251125 - INFO - 成功从表 allocation_pool_1_price_weekly 加载数据，形状: (997, 16)
2025-11-25 15:48:53,452 - datadeal_20251125 - INFO - [Function: load_table completed, elapsed time: 0.01s]
2025-11-25 15:48:53,453 - datadeal_20251125 - INFO - 数据库连接已关闭
2025-11-25 16:01:38,675 - datadeal_20251125 - INFO - 数据库连接成功: macro_data_base
2025-11-25 16:01:38,676 - datadeal_20251125 - INFO - [Function: load_table started...]
2025-11-25 16:01:38,688 - datadeal_20251125 - INFO - 按列 'index' 升序排序
2025-11-25 16:01:38,695 - datadeal_20251125 - INFO - 成功从表 macro_high_freq_data_weekly_pct 加载数据，形状: (814, 7)
2025-11-25 16:01:38,696 - datadeal_20251125 - INFO - [Function: load_table completed, elapsed time: 0.02s]
2025-11-25 16:01:38,700 - datadeal_20251125 - INFO - 数据库连接已关闭
2025-11-25 16:01:40,424 - datadeal_20251125 - INFO - 数据库连接成功: macro_data_base
2025-11-25 16:01:40,446 - datadeal_20251125 - INFO - 找到 15 个表
2025-11-25 16:01:40,447 - datadeal_20251125 - INFO - [Function: load_table started...]
2025-11-25 16:01:40,451 - datadeal_20251125 - INFO - 按列 'index' 升序排序
2025-11-25 16:01:40,466 - datadeal_20251125 - INFO - 成功从表 allocation_pool_1_price_weekly 加载数据，形状: (997, 16)
2025-11-25 16:01:40,468 - datadeal_20251125 - INFO - [Function: load_table completed, elapsed time: 0.02s]
2025-11-25 16:01:40,470 - datadeal_20251125 - INFO - 数据库连接已关闭
2025-11-25 16:08:28,688 - datadeal_20251125 - INFO - 数据库连接成功: macro_data_base
2025-11-25 16:08:28,689 - datadeal_20251125 - INFO - [Function: load_table started...]
2025-11-25 16:08:28,700 - datadeal_20251125 - INFO - 按列 'index' 升序排序
2025-11-25 16:08:28,709 - datadeal_20251125 - INFO - 成功从表 macro_high_freq_data_weekly_match 加载数据，形状: (763, 7)
2025-11-25 16:08:28,710 - datadeal_20251125 - INFO - [Function: load_table completed, elapsed time: 0.02s]
2025-11-25 16:08:28,714 - datadeal_20251125 - INFO - 数据库连接已关闭
2025-11-25 16:08:33,439 - datadeal_20251125 - INFO - 数据库连接成功: macro_data_base
2025-11-25 16:08:33,453 - datadeal_20251125 - INFO - 找到 15 个表
2025-11-25 16:08:33,453 - datadeal_20251125 - INFO - [Function: load_table started...]
2025-11-25 16:08:33,457 - datadeal_20251125 - INFO - 按列 'index' 升序排序
2025-11-25 16:08:33,469 - datadeal_20251125 - INFO - 成功从表 allocation_pool_1_price_weekly 加载数据，形状: (997, 16)
2025-11-25 16:08:33,470 - datadeal_20251125 - INFO - [Function: load_table completed, elapsed time: 0.02s]
2025-11-25 16:08:33,472 - datadeal_20251125 - INFO - 数据库连接已关闭
2025-11-25 16:09:16,708 - datadeal_20251125 - INFO - 数据库连接成功: macro_data_base
2025-11-25 16:09:16,708 - datadeal_20251125 - INFO - [Function: load_table started...]
2025-11-25 16:09:16,716 - datadeal_20251125 - INFO - 按列 'index' 升序排序
2025-11-25 16:09:16,723 - datadeal_20251125 - INFO - 成功从表 macro_high_freq_data_weekly_net 加载数据，形状: (814, 7)
2025-11-25 16:09:16,723 - datadeal_20251125 - INFO - [Function: load_table completed, elapsed time: 0.01s]
2025-11-25 16:09:16,727 - datadeal_20251125 - INFO - 数据库连接已关闭
2025-11-25 16:09:17,495 - datadeal_20251125 - INFO - 数据库连接成功: macro_data_base
2025-11-25 16:09:17,514 - datadeal_20251125 - INFO - 找到 15 个表
2025-11-25 16:09:17,514 - datadeal_20251125 - INFO - [Function: load_table started...]
2025-11-25 16:09:17,517 - datadeal_20251125 - INFO - 按列 'index' 升序排序
2025-11-25 16:09:17,529 - datadeal_20251125 - INFO - 成功从表 allocation_pool_1_price_weekly 加载数据，形状: (997, 16)
2025-11-25 16:09:17,529 - datadeal_20251125 - INFO - [Function: load_table completed, elapsed time: 0.01s]
2025-11-25 16:09:17,531 - datadeal_20251125 - INFO - 数据库连接已关闭
2025-11-25 16:09:43,826 - datadeal_20251125 - INFO - 数据库连接成功: macro_data_base
2025-11-25 16:09:43,827 - datadeal_20251125 - INFO - [Function: load_table started...]
2025-11-25 16:09:43,839 - datadeal_20251125 - INFO - 按列 'index' 升序排序
2025-11-25 16:09:43,848 - datadeal_20251125 - INFO - 成功从表 macro_high_freq_data_weekly_pct 加载数据，形状: (814, 7)
2025-11-25 16:09:43,849 - datadeal_20251125 - INFO - [Function: load_table completed, elapsed time: 0.02s]
2025-11-25 16:09:43,853 - datadeal_20251125 - INFO - 数据库连接已关闭
2025-11-25 16:09:44,901 - datadeal_20251125 - INFO - 数据库连接成功: macro_data_base
2025-11-25 16:09:44,918 - datadeal_20251125 - INFO - 找到 15 个表
2025-11-25 16:09:44,919 - datadeal_20251125 - INFO - [Function: load_table started...]
2025-11-25 16:09:44,924 - datadeal_20251125 - INFO - 按列 'index' 升序排序
2025-11-25 16:09:44,938 - datadeal_20251125 - INFO - 成功从表 allocation_pool_1_price_weekly 加载数据，形状: (997, 16)
2025-11-25 16:09:44,940 - datadeal_20251125 - INFO - [Function: load_table completed, elapsed time: 0.02s]
2025-11-25 16:09:44,942 - datadeal_20251125 - INFO - 数据库连接已关闭
