2025-11-25 14:48:47,959 - data_load_from_wind_20251125 - INFO - WindPy started
2025-11-25 14:48:47,959 - data_load_from_wind_20251125 - INFO - 开始更新高频资产数据...
2025-11-25 14:48:48,042 - data_load_from_wind_20251125 - INFO - 更新起始日期: 2025-11-02 00:00:00
2025-11-25 14:48:48,042 - data_load_from_wind_20251125 - INFO - 更新结束日期: 2025-11-23
2025-11-25 14:48:48,042 - data_load_from_wind_20251125 - INFO - 数据库现有列: ['CBA00602_CS', 'CBA04031_CS', 'CBA02531_CS', 'HSI_HI', 'S0031510', 'S0105912', 'M0049225', 'S0031525', 'S0143884', 'S0179664', 'M0049385', 'M0049387', 'M0000271']
2025-11-25 14:48:48,042 - data_load_from_wind_20251125 - INFO - 配置文件代码(规范化): ['CBA00602_CS', 'CBA04031_CS', 'CBA02531_CS', 'HSI_HI', 'S0031510', 'S0105912', 'M0049225', 'S0031525', 'S0143884', 'S0179664', 'M0049385', 'M0049387', 'M0000271', 'S0069669', 'M0330361']
2025-11-25 14:48:48,043 - data_load_from_wind_20251125 - INFO - 新增代码(规范化): ['S0069669', 'M0330361']
2025-11-25 14:48:48,043 - data_load_from_wind_20251125 - INFO - 新增代码(原始): ['S0069669', 'M0330361']
2025-11-25 14:48:48,043 - data_load_from_wind_20251125 - INFO - 本次更新存在新增指标: ['S0069669', 'M0330361']
2025-11-25 14:48:48,043 - data_load_from_wind_20251125 - INFO - 开始更新存量指标数据...
2025-11-25 14:48:48,255 - data_load_from_wind_20251125 - WARNING - 发现 1 条晚于今天的数据，将被过滤掉
2025-11-25 14:48:48,255 - data_load_from_wind_20251125 - WARNING - 最晚日期: 2025-11-30 00:00:00
2025-11-25 14:48:48,255 - data_load_from_wind_20251125 - INFO - 过滤后数据范围: 2025-11-09 00:00:00 到 2025-11-23 00:00:00
2025-11-25 14:48:48,287 - data_load_from_wind_20251125 - INFO - 存量指标数据更新完成
2025-11-25 14:48:48,287 - data_load_from_wind_20251125 - INFO - 开始获取新增指标数据...
2025-11-25 14:48:48,761 - data_load_from_wind_20251125 - WARNING - 发现 1 条晚于今天的数据，将被过滤掉
2025-11-25 14:48:48,762 - data_load_from_wind_20251125 - WARNING - 最晚日期: 2025-11-30 00:00:00
2025-11-25 14:48:48,762 - data_load_from_wind_20251125 - INFO - 过滤后数据范围: 2006-06-25 00:00:00 到 2025-11-23 00:00:00
2025-11-25 14:48:48,919 - data_load_from_wind_20251125 - INFO - 新增指标数据录入完成
2025-11-25 14:48:48,919 - data_load_from_wind_20251125 - INFO - 本次更新完成
2025-11-25 14:56:48,905 - data_load_from_wind_20251125 - INFO - WindPy started
2025-11-25 14:56:48,946 - data_load_from_wind_20251125 - INFO - 正在检测本次更新是否存在新增指标...
2025-11-25 14:56:48,946 - data_load_from_wind_20251125 - INFO - 本次更新存在新增指标,新增指标为: ['M0000185']
2025-11-25 14:56:48,947 - data_load_from_wind_20251125 - INFO - 开始录入存量指标数据...
2025-11-25 14:56:49,826 - data_load_from_wind_20251125 - INFO - 开始录入新增指标数据...
2025-11-25 14:56:50,432 - data_load_from_wind_20251125 - INFO - 新增指标数据录入完成.
2025-11-25 14:56:50,432 - data_load_from_wind_20251125 - INFO - 本次更新完成.
2025-11-25 14:56:50,433 - data_load_from_wind_20251125 - INFO - WindPy started
2025-11-25 14:56:50,433 - data_load_from_wind_20251125 - INFO - 开始更新高频资产数据...
2025-11-25 14:56:50,470 - data_load_from_wind_20251125 - INFO - 更新起始日期: 2025-11-09 00:00:00
2025-11-25 14:56:50,470 - data_load_from_wind_20251125 - INFO - 更新结束日期: 2025-11-23
2025-11-25 14:56:50,470 - data_load_from_wind_20251125 - INFO - 数据库现有列: ['CBA00602_CS', 'CBA04031_CS', 'CBA02531_CS', 'HSI_HI', 'S0031510', 'S0105912', 'M0049225', 'S0031525', 'S0143884', 'S0179664', 'M0049385', 'M0049387', 'M0000271', 'S0069669', 'M0330361']
2025-11-25 14:56:50,471 - data_load_from_wind_20251125 - INFO - 配置文件代码(规范化): ['CBA00602_CS', 'CBA04031_CS', 'CBA02531_CS', 'HSI_HI', 'S0031510', 'S0105912', 'M0049225', 'S0031525', 'S0143884', 'S0179664', 'M0049385', 'M0049387', 'M0000271', 'S0069669', 'M0330361', 'M0000185']
2025-11-25 14:56:50,471 - data_load_from_wind_20251125 - INFO - 新增代码(规范化): ['M0000185']
2025-11-25 14:56:50,471 - data_load_from_wind_20251125 - INFO - 新增代码(原始): ['M0000185']
2025-11-25 14:56:50,471 - data_load_from_wind_20251125 - INFO - 本次更新存在新增指标: ['M0000185']
2025-11-25 14:56:50,471 - data_load_from_wind_20251125 - INFO - 开始更新存量指标数据...
2025-11-25 14:56:51,166 - data_load_from_wind_20251125 - WARNING - 发现 1 条晚于今天的数据，将被过滤掉
2025-11-25 14:56:51,167 - data_load_from_wind_20251125 - WARNING - 最晚日期: 2025-11-30 00:00:00
2025-11-25 14:56:51,167 - data_load_from_wind_20251125 - INFO - 过滤后数据范围: 2025-11-16 00:00:00 到 2025-11-23 00:00:00
2025-11-25 14:56:51,217 - data_load_from_wind_20251125 - INFO - 存量指标数据更新完成
2025-11-25 14:56:51,217 - data_load_from_wind_20251125 - INFO - 开始获取新增指标数据...
2025-11-25 14:56:51,500 - data_load_from_wind_20251125 - WARNING - 发现 1 条晚于今天的数据，将被过滤掉
2025-11-25 14:56:51,501 - data_load_from_wind_20251125 - WARNING - 最晚日期: 2025-11-30 00:00:00
2025-11-25 14:56:51,501 - data_load_from_wind_20251125 - INFO - 过滤后数据范围: 2006-06-25 00:00:00 到 2025-11-23 00:00:00
2025-11-25 14:56:51,713 - data_load_from_wind_20251125 - INFO - 新增指标数据录入完成
2025-11-25 14:56:51,713 - data_load_from_wind_20251125 - INFO - 本次更新完成
