2025-11-27 09:28:33,446 - datadeal_20251127 - INFO - 数据库连接成功: macro_data_base
2025-11-27 09:28:33,447 - datadeal_20251127 - INFO - [Function: load_table started...]
2025-11-27 09:28:33,489 - datadeal_20251127 - INFO - 按列 'index' 升序排序
2025-11-27 09:28:33,499 - datadeal_20251127 - INFO - 成功从表 macro_high_freq_data_weekly_pct 加载数据，形状: (814, 7)
2025-11-27 09:28:33,499 - datadeal_20251127 - INFO - [Function: load_table completed, elapsed time: 0.05s]
2025-11-27 09:28:33,506 - datadeal_20251127 - INFO - 数据库连接已关闭
2025-11-27 09:28:37,532 - datadeal_20251127 - INFO - 数据库连接成功: macro_data_base
2025-11-27 09:28:37,611 - datadeal_20251127 - INFO - 找到 15 个表
2025-11-27 09:28:37,612 - datadeal_20251127 - INFO - [Function: load_table started...]
2025-11-27 09:28:37,615 - datadeal_20251127 - INFO - 按列 'index' 升序排序
2025-11-27 09:28:37,633 - datadeal_20251127 - INFO - 成功从表 allocation_pool_1_price_weekly 加载数据，形状: (997, 16)
2025-11-27 09:28:37,634 - datadeal_20251127 - INFO - [Function: load_table completed, elapsed time: 0.02s]
2025-11-27 09:28:37,636 - datadeal_20251127 - INFO - 数据库连接已关闭
2025-11-27 09:31:57,841 - datadeal_20251127 - INFO - 数据库连接成功: macro_data_base
2025-11-27 09:31:57,841 - datadeal_20251127 - INFO - [Function: load_table started...]
2025-11-27 09:31:57,846 - datadeal_20251127 - INFO - 按列 'index' 升序排序
2025-11-27 09:31:57,886 - datadeal_20251127 - INFO - 成功从表 lf_macro_data 加载数据，形状: (207, 7)
2025-11-27 09:31:57,887 - datadeal_20251127 - INFO - [Function: load_table completed, elapsed time: 0.04s]
2025-11-27 09:31:57,888 - datadeal_20251127 - INFO - [Function: load_table started...]
2025-11-27 09:31:57,890 - datadeal_20251127 - INFO - 按列 'index' 升序排序
2025-11-27 09:31:57,903 - datadeal_20251127 - INFO - 成功从表 hf_asset_data_w 加载数据，形状: (1014, 17)
2025-11-27 09:31:57,904 - datadeal_20251127 - INFO - [Function: load_table completed, elapsed time: 0.02s]
2025-11-27 09:31:57,905 - datadeal_20251127 - INFO - 数据库连接已关闭
