2025-11-19 13:20:40,624 - data_load_from_wind_20251119 - INFO - WindPy started
2025-11-19 13:21:13,815 - data_load_from_wind_20251119 - INFO - WindPy started
2025-11-19 13:22:46,414 - data_load_from_wind_20251119 - INFO - WindPy started
2025-11-19 13:24:17,349 - data_load_from_wind_20251119 - INFO - WindPy started
2025-11-19 13:24:34,062 - data_load_from_wind_20251119 - INFO - WindPy started
2025-11-19 13:38:25,912 - data_load_from_wind_20251119 - INFO - WindPy started
2025-11-19 13:38:39,908 - data_load_from_wind_20251119 - INFO - WindPy started
2025-11-19 13:38:53,232 - data_load_from_wind_20251119 - INFO - WindPy started
2025-11-19 13:39:06,369 - data_load_from_wind_20251119 - INFO - WindPy started
2025-11-19 13:39:52,084 - data_load_from_wind_20251119 - INFO - WindPy started
2025-11-19 13:45:23,331 - data_load_from_wind_20251119 - INFO - WindPy started
2025-11-19 13:46:05,336 - data_load_from_wind_20251119 - INFO - WindPy started
2025-11-19 13:46:28,002 - data_load_from_wind_20251119 - INFO - WindPy started
2025-11-19 13:47:06,199 - data_load_from_wind_20251119 - INFO - WindPy started
2025-11-19 14:11:05,045 - data_load_from_wind_20251119 - INFO - WindPy started
2025-11-19 14:11:05,084 - data_load_from_wind_20251119 - INFO - 正在检测本次更新是否存在新增指标...
2025-11-19 14:11:05,084 - data_load_from_wind_20251119 - INFO - 本次更新不存在新增指标.
2025-11-19 14:11:05,084 - data_load_from_wind_20251119 - INFO - 开始录入存量指标数据...
2025-11-19 14:11:33,454 - data_load_from_wind_20251119 - INFO - WindPy started
2025-11-19 14:11:33,491 - data_load_from_wind_20251119 - INFO - 正在检测本次更新是否存在新增指标...
2025-11-19 14:11:33,491 - data_load_from_wind_20251119 - INFO - 本次更新不存在新增指标.
2025-11-19 14:11:33,491 - data_load_from_wind_20251119 - INFO - 开始录入存量指标数据...
2025-11-19 14:12:21,797 - data_load_from_wind_20251119 - INFO - WindPy started
2025-11-19 14:12:21,832 - data_load_from_wind_20251119 - INFO - 正在检测本次更新是否存在新增指标...
2025-11-19 14:12:21,832 - data_load_from_wind_20251119 - INFO - 本次更新不存在新增指标.
2025-11-19 14:12:21,832 - data_load_from_wind_20251119 - INFO - 开始录入存量指标数据...
2025-11-19 14:12:22,126 - data_load_from_wind_20251119 - INFO - 本次更新完成.
2025-11-19 14:13:37,752 - data_load_from_wind_20251119 - INFO - WindPy started
2025-11-19 14:13:37,790 - data_load_from_wind_20251119 - INFO - 正在检测本次更新是否存在新增指标...
2025-11-19 14:13:37,790 - data_load_from_wind_20251119 - INFO - 本次更新不存在新增指标.
2025-11-19 14:13:37,790 - data_load_from_wind_20251119 - INFO - 开始录入存量指标数据...
2025-11-19 14:13:38,039 - data_load_from_wind_20251119 - INFO - 本次更新完成.
2025-11-19 14:18:12,085 - data_load_from_wind_20251119 - INFO - WindPy started
2025-11-19 14:18:12,124 - data_load_from_wind_20251119 - INFO - 正在检测本次更新是否存在新增指标...
2025-11-19 14:18:12,124 - data_load_from_wind_20251119 - INFO - 本次更新不存在新增指标.
2025-11-19 14:18:12,124 - data_load_from_wind_20251119 - INFO - 开始录入存量指标数据...
2025-11-19 14:19:15,933 - data_load_from_wind_20251119 - INFO - WindPy started
2025-11-19 14:19:15,972 - data_load_from_wind_20251119 - INFO - 正在检测本次更新是否存在新增指标...
2025-11-19 14:19:15,972 - data_load_from_wind_20251119 - INFO - 本次更新不存在新增指标.
2025-11-19 14:19:15,972 - data_load_from_wind_20251119 - INFO - 开始录入存量指标数据...
2025-11-19 14:20:05,690 - data_load_from_wind_20251119 - INFO - WindPy started
2025-11-19 14:20:05,727 - data_load_from_wind_20251119 - INFO - 正在检测本次更新是否存在新增指标...
2025-11-19 14:20:05,727 - data_load_from_wind_20251119 - INFO - 本次更新不存在新增指标.
2025-11-19 14:20:05,727 - data_load_from_wind_20251119 - INFO - 开始录入存量指标数据...
2025-11-19 14:20:05,947 - data_load_from_wind_20251119 - INFO - 本次更新完成.
2025-11-19 14:22:42,584 - data_load_from_wind_20251119 - INFO - WindPy started
2025-11-19 14:22:42,632 - data_load_from_wind_20251119 - INFO - 正在检测本次更新是否存在新增指标...
2025-11-19 14:22:42,633 - data_load_from_wind_20251119 - INFO - 本次更新存在新增指标,新增指标为: ['M0000545']
2025-11-19 14:22:42,633 - data_load_from_wind_20251119 - INFO - 开始录入存量指标数据...
2025-11-19 14:22:42,907 - data_load_from_wind_20251119 - INFO - 开始录入新增指标数据...
2025-11-19 14:23:41,079 - data_load_from_wind_20251119 - INFO - WindPy started
2025-11-19 14:23:41,120 - data_load_from_wind_20251119 - INFO - 正在检测本次更新是否存在新增指标...
2025-11-19 14:23:41,121 - data_load_from_wind_20251119 - INFO - 本次更新存在新增指标,新增指标为: ['M0000545']
2025-11-19 14:23:41,121 - data_load_from_wind_20251119 - INFO - 开始录入存量指标数据...
2025-11-19 14:23:41,350 - data_load_from_wind_20251119 - INFO - 开始录入新增指标数据...
2025-11-19 14:24:06,312 - data_load_from_wind_20251119 - INFO - WindPy started
2025-11-19 14:24:06,354 - data_load_from_wind_20251119 - INFO - 正在检测本次更新是否存在新增指标...
2025-11-19 14:24:06,354 - data_load_from_wind_20251119 - INFO - 本次更新存在新增指标,新增指标为: ['M0000545']
2025-11-19 14:24:06,354 - data_load_from_wind_20251119 - INFO - 开始录入存量指标数据...
2025-11-19 14:24:06,572 - data_load_from_wind_20251119 - INFO - 开始录入新增指标数据...
2025-11-19 14:24:53,337 - data_load_from_wind_20251119 - INFO - WindPy started
2025-11-19 14:24:53,378 - data_load_from_wind_20251119 - INFO - 正在检测本次更新是否存在新增指标...
2025-11-19 14:24:53,378 - data_load_from_wind_20251119 - INFO - 本次更新存在新增指标,新增指标为: ['M0000545']
2025-11-19 14:24:53,378 - data_load_from_wind_20251119 - INFO - 开始录入存量指标数据...
2025-11-19 14:24:53,618 - data_load_from_wind_20251119 - INFO - 开始录入新增指标数据...
2025-11-19 14:24:53,862 - data_load_from_wind_20251119 - INFO - 新增指标数据录入完成.
2025-11-19 14:24:53,862 - data_load_from_wind_20251119 - INFO - 本次更新完成.
2025-11-19 14:32:36,256 - data_load_from_wind_20251119 - INFO - WindPy started
2025-11-19 14:33:18,442 - data_load_from_wind_20251119 - INFO - WindPy started
2025-11-19 14:34:30,654 - data_load_from_wind_20251119 - INFO - WindPy started
2025-11-19 14:34:30,717 - data_load_from_wind_20251119 - INFO - 正在检测本次更新是否存在新增指标...
2025-11-19 14:34:30,717 - data_load_from_wind_20251119 - INFO - 本次更新不存在新增指标.
2025-11-19 14:34:30,718 - data_load_from_wind_20251119 - INFO - 开始录入存量指标数据...
2025-11-19 14:35:22,746 - data_load_from_wind_20251119 - INFO - WindPy started
2025-11-19 14:35:22,823 - data_load_from_wind_20251119 - INFO - 正在检测本次更新是否存在新增指标...
2025-11-19 14:35:22,824 - data_load_from_wind_20251119 - INFO - 本次更新不存在新增指标.
2025-11-19 14:35:22,824 - data_load_from_wind_20251119 - INFO - 开始录入存量指标数据...
2025-11-19 14:35:23,068 - data_load_from_wind_20251119 - INFO - 本次更新完成.
2025-11-19 14:38:24,224 - data_load_from_wind_20251119 - INFO - WindPy started
2025-11-19 14:38:24,277 - data_load_from_wind_20251119 - INFO - 正在检测本次更新是否存在新增指标...
2025-11-19 14:38:24,277 - data_load_from_wind_20251119 - INFO - 本次更新不存在新增指标.
2025-11-19 14:38:24,277 - data_load_from_wind_20251119 - INFO - 开始录入存量指标数据...
2025-11-19 14:38:24,566 - data_load_from_wind_20251119 - INFO - 本次更新完成.
2025-11-19 14:39:54,723 - data_load_from_wind_20251119 - INFO - WindPy started
2025-11-19 14:39:54,784 - data_load_from_wind_20251119 - INFO - 正在检测本次更新是否存在新增指标...
2025-11-19 14:39:54,784 - data_load_from_wind_20251119 - INFO - 本次更新不存在新增指标.
2025-11-19 14:39:54,785 - data_load_from_wind_20251119 - INFO - 开始录入存量指标数据...
2025-11-19 14:39:55,099 - data_load_from_wind_20251119 - INFO - 本次更新完成.
2025-11-19 14:43:35,780 - data_load_from_wind_20251119 - INFO - WindPy started
2025-11-19 14:43:35,829 - data_load_from_wind_20251119 - INFO - 正在检测本次更新是否存在新增指标...
2025-11-19 14:43:35,829 - data_load_from_wind_20251119 - INFO - 本次更新不存在新增指标.
2025-11-19 14:43:35,829 - data_load_from_wind_20251119 - INFO - 开始录入存量指标数据...
2025-11-19 14:43:36,114 - data_load_from_wind_20251119 - INFO - 本次更新完成.
2025-11-19 14:45:30,171 - data_load_from_wind_20251119 - INFO - WindPy started
2025-11-19 14:45:30,229 - data_load_from_wind_20251119 - INFO - 正在检测本次更新是否存在新增指标...
2025-11-19 14:45:30,230 - data_load_from_wind_20251119 - INFO - 本次更新不存在新增指标.
2025-11-19 14:45:30,230 - data_load_from_wind_20251119 - INFO - 开始录入存量指标数据...
2025-11-19 14:45:30,634 - data_load_from_wind_20251119 - INFO - 本次更新完成.
2025-11-19 14:46:06,601 - data_load_from_wind_20251119 - INFO - WindPy started
2025-11-19 14:46:06,659 - data_load_from_wind_20251119 - INFO - 正在检测本次更新是否存在新增指标...
2025-11-19 14:46:06,659 - data_load_from_wind_20251119 - INFO - 本次更新不存在新增指标.
2025-11-19 14:46:06,659 - data_load_from_wind_20251119 - INFO - 开始录入存量指标数据...
2025-11-19 14:46:07,297 - data_load_from_wind_20251119 - INFO - 本次更新完成.
2025-11-19 14:50:40,741 - data_load_from_wind_20251119 - INFO - WindPy started
2025-11-19 14:50:40,803 - data_load_from_wind_20251119 - INFO - 正在检测本次更新是否存在新增指标...
2025-11-19 14:50:40,803 - data_load_from_wind_20251119 - INFO - 本次更新不存在新增指标.
2025-11-19 14:50:40,803 - data_load_from_wind_20251119 - INFO - 开始录入存量指标数据...
2025-11-19 14:50:41,113 - data_load_from_wind_20251119 - INFO - 本次更新完成.
2025-11-19 14:50:49,323 - data_load_from_wind_20251119 - INFO - WindPy started
2025-11-19 14:50:49,395 - data_load_from_wind_20251119 - INFO - 正在检测本次更新是否存在新增指标...
2025-11-19 14:50:49,395 - data_load_from_wind_20251119 - INFO - 本次更新不存在新增指标.
2025-11-19 14:50:49,395 - data_load_from_wind_20251119 - INFO - 开始录入存量指标数据...
2025-11-19 14:50:49,784 - data_load_from_wind_20251119 - INFO - 本次更新完成.
2025-11-19 15:22:38,857 - data_load_from_wind_20251119 - INFO - WindPy started
2025-11-19 15:25:33,578 - data_load_from_wind_20251119 - INFO - WindPy started
2025-11-19 15:25:33,633 - data_load_from_wind_20251119 - INFO - 正在检测本次更新是否存在新增指标...
2025-11-19 15:25:33,633 - data_load_from_wind_20251119 - INFO - 本次更新不存在新增指标.
2025-11-19 15:25:33,633 - data_load_from_wind_20251119 - INFO - 开始录入存量指标数据...
2025-11-19 15:26:30,509 - data_load_from_wind_20251119 - INFO - WindPy started
2025-11-19 15:26:30,556 - data_load_from_wind_20251119 - INFO - 正在检测本次更新是否存在新增指标...
2025-11-19 15:26:30,556 - data_load_from_wind_20251119 - INFO - 本次更新不存在新增指标.
2025-11-19 15:26:30,556 - data_load_from_wind_20251119 - INFO - 开始录入存量指标数据...
2025-11-19 15:27:53,706 - data_load_from_wind_20251119 - INFO - WindPy started
2025-11-19 15:27:53,752 - data_load_from_wind_20251119 - INFO - 正在检测本次更新是否存在新增指标...
2025-11-19 15:27:53,752 - data_load_from_wind_20251119 - INFO - 本次更新不存在新增指标.
2025-11-19 15:27:53,752 - data_load_from_wind_20251119 - INFO - 开始录入存量指标数据...
2025-11-19 15:27:54,081 - data_load_from_wind_20251119 - INFO - 本次更新完成.
2025-11-19 15:28:26,372 - data_load_from_wind_20251119 - INFO - WindPy started
2025-11-19 15:28:26,418 - data_load_from_wind_20251119 - INFO - 正在检测本次更新是否存在新增指标...
2025-11-19 15:28:26,418 - data_load_from_wind_20251119 - INFO - 本次更新不存在新增指标.
2025-11-19 15:28:26,418 - data_load_from_wind_20251119 - INFO - 开始录入存量指标数据...
2025-11-19 15:28:26,674 - data_load_from_wind_20251119 - INFO - 本次更新完成.
2025-11-19 15:31:59,172 - data_load_from_wind_20251119 - INFO - WindPy started
2025-11-19 15:31:59,220 - data_load_from_wind_20251119 - INFO - 正在检测本次更新是否存在新增指标...
2025-11-19 15:31:59,220 - data_load_from_wind_20251119 - INFO - 本次更新不存在新增指标.
2025-11-19 15:31:59,220 - data_load_from_wind_20251119 - INFO - 开始录入存量指标数据...
2025-11-19 15:31:59,430 - data_load_from_wind_20251119 - INFO - 本次更新完成.
2025-11-19 15:32:46,646 - data_load_from_wind_20251119 - INFO - WindPy started
2025-11-19 15:32:46,695 - data_load_from_wind_20251119 - INFO - 正在检测本次更新是否存在新增指标...
2025-11-19 15:32:46,695 - data_load_from_wind_20251119 - INFO - 本次更新不存在新增指标.
2025-11-19 15:32:46,695 - data_load_from_wind_20251119 - INFO - 开始录入存量指标数据...
2025-11-19 15:32:46,932 - data_load_from_wind_20251119 - INFO - 本次更新完成.
2025-11-19 15:40:07,713 - data_load_from_wind_20251119 - INFO - WindPy started
2025-11-19 15:40:07,762 - data_load_from_wind_20251119 - INFO - 正在检测本次更新是否存在新增指标...
2025-11-19 15:40:07,762 - data_load_from_wind_20251119 - INFO - 本次更新不存在新增指标.
2025-11-19 15:40:07,763 - data_load_from_wind_20251119 - INFO - 开始录入存量指标数据...
2025-11-19 15:40:08,470 - data_load_from_wind_20251119 - INFO - 本次更新完成.
2025-11-19 16:04:47,163 - data_load_from_wind_20251119 - INFO - WindPy started
2025-11-19 16:04:47,211 - data_load_from_wind_20251119 - INFO - 正在检测本次更新是否存在新增指标...
2025-11-19 16:04:47,211 - data_load_from_wind_20251119 - INFO - 本次更新不存在新增指标.
2025-11-19 16:04:47,211 - data_load_from_wind_20251119 - INFO - 开始录入存量指标数据...
2025-11-19 16:04:47,444 - data_load_from_wind_20251119 - INFO - 本次更新完成.
2025-11-19 16:05:58,610 - data_load_from_wind_20251119 - INFO - WindPy started
2025-11-19 16:05:58,666 - data_load_from_wind_20251119 - INFO - 正在检测本次更新是否存在新增指标...
2025-11-19 16:05:58,666 - data_load_from_wind_20251119 - INFO - 本次更新不存在新增指标.
2025-11-19 16:05:58,666 - data_load_from_wind_20251119 - INFO - 开始录入存量指标数据...
2025-11-19 16:05:58,962 - data_load_from_wind_20251119 - INFO - 本次更新完成.
2025-11-19 16:06:31,808 - data_load_from_wind_20251119 - INFO - WindPy started
2025-11-19 16:06:31,857 - data_load_from_wind_20251119 - INFO - 正在检测本次更新是否存在新增指标...
2025-11-19 16:06:31,857 - data_load_from_wind_20251119 - INFO - 本次更新不存在新增指标.
2025-11-19 16:06:31,857 - data_load_from_wind_20251119 - INFO - 开始录入存量指标数据...
2025-11-19 16:06:32,071 - data_load_from_wind_20251119 - INFO - 本次更新完成.
2025-11-19 16:20:14,975 - data_load_from_wind_20251119 - INFO - WindPy started
2025-11-19 16:20:15,026 - data_load_from_wind_20251119 - INFO - 正在检测本次更新是否存在新增指标...
2025-11-19 16:20:15,026 - data_load_from_wind_20251119 - INFO - 本次更新不存在新增指标.
2025-11-19 16:20:15,026 - data_load_from_wind_20251119 - INFO - 开始录入存量指标数据...
2025-11-19 16:20:15,253 - data_load_from_wind_20251119 - INFO - 本次更新完成.
2025-11-19 16:34:22,920 - data_load_from_wind_20251119 - INFO - WindPy started
2025-11-19 16:34:22,982 - data_load_from_wind_20251119 - INFO - 正在检测本次更新是否存在新增指标...
2025-11-19 16:34:22,982 - data_load_from_wind_20251119 - INFO - 本次更新不存在新增指标.
2025-11-19 16:34:22,982 - data_load_from_wind_20251119 - INFO - 开始录入存量指标数据...
2025-11-19 16:34:23,231 - data_load_from_wind_20251119 - INFO - 本次更新完成.
2025-11-19 16:34:23,231 - data_load_from_wind_20251119 - INFO - 开始计算低频宏观因子...
2025-11-19 16:34:39,242 - data_load_from_wind_20251119 - INFO - WindPy started
2025-11-19 16:34:39,298 - data_load_from_wind_20251119 - INFO - 正在检测本次更新是否存在新增指标...
2025-11-19 16:34:39,298 - data_load_from_wind_20251119 - INFO - 本次更新不存在新增指标.
2025-11-19 16:34:39,298 - data_load_from_wind_20251119 - INFO - 开始录入存量指标数据...
2025-11-19 16:34:39,657 - data_load_from_wind_20251119 - INFO - 本次更新完成.
2025-11-19 16:34:39,658 - data_load_from_wind_20251119 - INFO - 开始计算低频宏观因子...
2025-11-19 16:34:42,212 - data_load_from_wind_20251119 - INFO - 本次低频指标计算完成
2025-11-19 16:40:27,223 - data_load_from_wind_20251119 - INFO - WindPy started
2025-11-19 16:40:27,268 - data_load_from_wind_20251119 - INFO - 正在检测本次更新是否存在新增指标...
2025-11-19 16:40:27,268 - data_load_from_wind_20251119 - INFO - 本次更新不存在新增指标.
2025-11-19 16:40:27,268 - data_load_from_wind_20251119 - INFO - 开始录入存量指标数据...
2025-11-19 16:40:27,521 - data_load_from_wind_20251119 - INFO - 本次更新完成.
2025-11-19 16:40:27,521 - data_load_from_wind_20251119 - INFO - 开始计算低频宏观因子...
2025-11-19 16:40:29,962 - data_load_from_wind_20251119 - INFO - 本次低频指标计算完成,本次更新完成.
2025-11-19 16:41:08,899 - data_load_from_wind_20251119 - INFO - WindPy started
2025-11-19 16:41:08,947 - data_load_from_wind_20251119 - INFO - 正在检测本次更新是否存在新增指标...
2025-11-19 16:41:08,947 - data_load_from_wind_20251119 - INFO - 本次更新不存在新增指标.
2025-11-19 16:41:08,947 - data_load_from_wind_20251119 - INFO - 开始录入存量指标数据...
2025-11-19 16:41:09,187 - data_load_from_wind_20251119 - INFO - 本次更新完成.
2025-11-19 16:41:09,187 - data_load_from_wind_20251119 - INFO - 开始计算低频宏观因子...
2025-11-19 16:41:11,544 - data_load_from_wind_20251119 - INFO - 本次低频指标计算完成,本次更新完成.
2025-11-19 17:05:19,912 - data_load_from_wind_20251119 - INFO - WindPy started
2025-11-19 17:05:19,913 - data_load_from_wind_20251119 - INFO - 开始更新高频资产数据...
2025-11-19 17:05:35,680 - data_load_from_wind_20251119 - INFO - WindPy started
2025-11-19 17:05:35,681 - data_load_from_wind_20251119 - INFO - 开始批量获取高频资产数据...
2025-11-19 17:05:35,681 - data_load_from_wind_20251119 - INFO - 正在获取WSD数据: CBA00602.CS,CBA04031.CS,CBA02531.CS,HSI.HI
2025-11-19 17:05:35,916 - data_load_from_wind_20251119 - INFO - WSD数据获取完成，形状: (1015, 4)
2025-11-19 17:05:35,917 - data_load_from_wind_20251119 - INFO - 正在获取EDB数据: S0031510,S0105912,M0049225,S0031525,S0143884,S0179664,M0049385,M0049387,M0000271
2025-11-19 17:05:36,290 - data_load_from_wind_20251119 - INFO - EDB数据获取完成，形状: (1014, 9)
2025-11-19 17:05:36,291 - data_load_from_wind_20251119 - INFO - 合并后数据形状: (1015, 13)
2025-11-19 17:05:36,532 - data_load_from_wind_20251119 - INFO - 高频资产数据已存储到数据库
2025-11-19 17:06:46,004 - data_load_from_wind_20251119 - INFO - WindPy started
2025-11-19 17:06:46,004 - data_load_from_wind_20251119 - INFO - 开始批量获取高频资产数据...
2025-11-19 17:06:46,004 - data_load_from_wind_20251119 - INFO - 正在获取WSD数据: CBA00602.CS,CBA04031.CS,CBA02531.CS,HSI.HI
2025-11-19 17:06:46,262 - data_load_from_wind_20251119 - INFO - WSD数据获取完成，形状: (1007, 4)
2025-11-19 17:06:46,262 - data_load_from_wind_20251119 - INFO - 正在获取EDB数据: S0031510,S0105912,M0049225,S0031525,S0143884,S0179664,M0049385,M0049387
2025-11-19 17:06:46,595 - data_load_from_wind_20251119 - INFO - EDB数据获取完成，形状: (1007, 8)
2025-11-19 17:06:46,595 - data_load_from_wind_20251119 - INFO - 合并后数据形状: (1007, 12)
2025-11-19 17:06:46,712 - data_load_from_wind_20251119 - INFO - 高频资产数据已存储到数据库
2025-11-19 17:07:19,038 - data_load_from_wind_20251119 - INFO - WindPy started
2025-11-19 17:07:19,039 - data_load_from_wind_20251119 - INFO - 开始更新高频资产数据...
2025-11-19 17:07:19,101 - data_load_from_wind_20251119 - INFO - 更新起始日期: 2025-09-21 00:00:00
2025-11-19 17:07:19,102 - data_load_from_wind_20251119 - INFO - 更新结束日期: 2025-11-16
2025-11-19 17:07:19,102 - data_load_from_wind_20251119 - INFO - 本次更新存在新增指标: ['HSI.HI', 'CBA04031.CS', 'CBA00602.CS', 'CBA02531.CS', 'M0000271']
2025-11-19 17:07:19,102 - data_load_from_wind_20251119 - INFO - 开始更新存量指标数据...
2025-11-19 17:09:08,260 - data_load_from_wind_20251119 - INFO - WindPy started
2025-11-19 17:09:08,260 - data_load_from_wind_20251119 - INFO - 开始更新高频资产数据...
2025-11-19 17:09:08,420 - data_load_from_wind_20251119 - INFO - 更新起始日期: 2025-09-21 00:00:00
2025-11-19 17:09:08,421 - data_load_from_wind_20251119 - INFO - 更新结束日期: 2025-11-16
2025-11-19 17:09:08,421 - data_load_from_wind_20251119 - INFO - 本次更新存在新增指标: ['CBA02531.CS', 'CBA00602.CS', 'CBA04031.CS', 'M0000271', 'HSI.HI']
2025-11-19 17:09:08,421 - data_load_from_wind_20251119 - INFO - 开始更新存量指标数据...
2025-11-19 17:09:51,458 - data_load_from_wind_20251119 - INFO - WindPy started
2025-11-19 17:09:51,459 - data_load_from_wind_20251119 - INFO - 开始更新高频资产数据...
2025-11-19 17:09:51,504 - data_load_from_wind_20251119 - INFO - 更新起始日期: 2025-09-21 00:00:00
2025-11-19 17:09:51,504 - data_load_from_wind_20251119 - INFO - 更新结束日期: 2025-11-16
2025-11-19 17:09:51,504 - data_load_from_wind_20251119 - INFO - 本次更新存在新增指标: ['CBA02531.CS', 'HSI.HI', 'CBA00602.CS', 'CBA04031.CS', 'M0000271']
2025-11-19 17:09:51,504 - data_load_from_wind_20251119 - INFO - 开始更新存量指标数据...
2025-11-19 17:11:55,417 - data_load_from_wind_20251119 - INFO - WindPy started
2025-11-19 17:11:55,417 - data_load_from_wind_20251119 - INFO - 开始更新高频资产数据...
2025-11-19 17:11:55,466 - data_load_from_wind_20251119 - INFO - 更新起始日期: 2025-09-21 00:00:00
2025-11-19 17:11:55,466 - data_load_from_wind_20251119 - INFO - 更新结束日期: 2025-11-16
2025-11-19 17:11:55,466 - data_load_from_wind_20251119 - INFO - 本次更新存在新增指标: ['CBA02531.CS', 'CBA00602.CS', 'M0000271', 'HSI.HI', 'CBA04031.CS']
2025-11-19 17:11:55,466 - data_load_from_wind_20251119 - INFO - 开始更新存量指标数据...
2025-11-19 17:12:24,277 - data_load_from_wind_20251119 - INFO - WindPy started
2025-11-19 17:12:24,277 - data_load_from_wind_20251119 - INFO - 开始更新高频资产数据...
2025-11-19 17:12:24,323 - data_load_from_wind_20251119 - INFO - 更新起始日期: 2025-09-21 00:00:00
2025-11-19 17:12:24,323 - data_load_from_wind_20251119 - INFO - 更新结束日期: 2025-11-16
2025-11-19 17:12:24,324 - data_load_from_wind_20251119 - INFO - 本次更新存在新增指标: ['CBA02531.CS', 'CBA04031.CS', 'M0000271', 'HSI.HI', 'CBA00602.CS']
2025-11-19 17:12:24,324 - data_load_from_wind_20251119 - INFO - 开始更新存量指标数据...
2025-11-19 17:16:52,047 - data_load_from_wind_20251119 - INFO - WindPy started
2025-11-19 17:16:52,047 - data_load_from_wind_20251119 - INFO - 开始更新高频资产数据...
2025-11-19 17:16:52,094 - data_load_from_wind_20251119 - INFO - 更新起始日期: 2025-09-21 00:00:00
2025-11-19 17:16:52,095 - data_load_from_wind_20251119 - INFO - 更新结束日期: 2025-11-16
2025-11-19 17:16:52,095 - data_load_from_wind_20251119 - INFO - 本次更新存在新增指标: ['M0000271', 'CBA00602.CS', 'HSI.HI', 'CBA04031.CS', 'CBA02531.CS']
2025-11-19 17:16:52,095 - data_load_from_wind_20251119 - INFO - 开始更新存量指标数据...
2025-11-19 17:17:54,042 - data_load_from_wind_20251119 - INFO - WindPy started
2025-11-19 17:17:54,043 - data_load_from_wind_20251119 - INFO - 开始更新高频资产数据...
2025-11-19 17:17:54,089 - data_load_from_wind_20251119 - INFO - 更新起始日期: 2025-09-21 00:00:00
2025-11-19 17:17:54,089 - data_load_from_wind_20251119 - INFO - 更新结束日期: 2025-11-16
2025-11-19 17:17:54,089 - data_load_from_wind_20251119 - INFO - 本次更新存在新增指标: ['M0000271', 'HSI.HI', 'CBA04031.CS', 'CBA00602.CS', 'CBA02531.CS']
2025-11-19 17:17:54,089 - data_load_from_wind_20251119 - INFO - 开始更新存量指标数据...
2025-11-19 17:23:01,526 - data_load_from_wind_20251119 - INFO - WindPy started
2025-11-19 17:23:01,526 - data_load_from_wind_20251119 - INFO - 开始更新高频资产数据...
2025-11-19 17:23:01,571 - data_load_from_wind_20251119 - INFO - 更新起始日期: 2025-09-21 00:00:00
2025-11-19 17:23:01,572 - data_load_from_wind_20251119 - INFO - 更新结束日期: 2025-11-16
2025-11-19 17:23:01,572 - data_load_from_wind_20251119 - INFO - 本次更新存在新增指标: ['CBA04031.CS', 'HSI.HI', 'M0000271', 'CBA00602.CS', 'CBA02531.CS']
2025-11-19 17:23:01,572 - data_load_from_wind_20251119 - INFO - 开始更新存量指标数据...
2025-11-19 17:23:57,969 - data_load_from_wind_20251119 - INFO - WindPy started
2025-11-19 17:23:57,969 - data_load_from_wind_20251119 - INFO - 开始更新高频资产数据...
2025-11-19 17:23:58,131 - data_load_from_wind_20251119 - INFO - 更新起始日期: 2025-09-21 00:00:00
2025-11-19 17:23:58,131 - data_load_from_wind_20251119 - INFO - 更新结束日期: 2025-11-16
2025-11-19 17:24:24,328 - data_load_from_wind_20251119 - INFO - WindPy started
2025-11-19 17:24:24,328 - data_load_from_wind_20251119 - INFO - 开始更新高频资产数据...
2025-11-19 17:24:24,374 - data_load_from_wind_20251119 - INFO - 更新起始日期: 2025-09-21 00:00:00
2025-11-19 17:24:24,374 - data_load_from_wind_20251119 - INFO - 更新结束日期: 2025-11-16
2025-11-19 17:24:42,318 - data_load_from_wind_20251119 - INFO - WindPy started
2025-11-19 17:24:42,318 - data_load_from_wind_20251119 - INFO - 开始更新高频资产数据...
2025-11-19 17:24:42,371 - data_load_from_wind_20251119 - INFO - 更新起始日期: 2025-09-21 00:00:00
2025-11-19 17:24:42,371 - data_load_from_wind_20251119 - INFO - 更新结束日期: 2025-11-16
2025-11-19 17:24:42,371 - data_load_from_wind_20251119 - INFO - 本次更新存在新增指标: ['M0000271', 'HSI.HI', 'CBA00602.CS', 'CBA04031.CS', 'CBA02531.CS']
2025-11-19 17:24:42,371 - data_load_from_wind_20251119 - INFO - 开始更新存量指标数据...
2025-11-19 19:09:47,756 - data_load_from_wind_20251119 - INFO - WindPy started
2025-11-19 19:09:47,756 - data_load_from_wind_20251119 - INFO - 开始批量获取高频资产数据...
2025-11-19 19:09:47,756 - data_load_from_wind_20251119 - INFO - 正在获取WSD数据: CBA00602.CS,CBA04031.CS,CBA02531.CS,HSI.HI
2025-11-19 19:09:48,079 - data_load_from_wind_20251119 - INFO - WSD数据获取完成，形状: (1007, 4)
2025-11-19 19:09:48,079 - data_load_from_wind_20251119 - INFO - 正在获取EDB数据: S0031510,S0105912,M0049225,S0031525,S0143884,S0179664,M0049385,M0049387,M0000271
2025-11-19 19:09:48,442 - data_load_from_wind_20251119 - INFO - EDB数据获取完成，形状: (1007, 9)
2025-11-19 19:09:48,443 - data_load_from_wind_20251119 - INFO - 合并后数据形状: (1007, 13)
2025-11-19 19:09:48,705 - data_load_from_wind_20251119 - INFO - 高频资产数据已存储到数据库
2025-11-19 19:10:47,505 - data_load_from_wind_20251119 - INFO - WindPy started
2025-11-19 19:10:47,505 - data_load_from_wind_20251119 - INFO - 开始批量获取高频资产数据...
2025-11-19 19:10:47,505 - data_load_from_wind_20251119 - INFO - 正在获取WSD数据: CBA00602.CS,CBA04031.CS,CBA02531.CS,HSI.HI
2025-11-19 19:10:47,750 - data_load_from_wind_20251119 - INFO - WSD数据获取完成，形状: (1007, 4)
2025-11-19 19:10:47,751 - data_load_from_wind_20251119 - INFO - 正在获取EDB数据: S0031510,S0105912,M0049225,S0031525,S0143884,S0179664,M0049385,M0049387,M0000271
2025-11-19 19:10:48,153 - data_load_from_wind_20251119 - INFO - EDB数据获取完成，形状: (1007, 9)
2025-11-19 19:10:48,155 - data_load_from_wind_20251119 - INFO - 合并后数据形状: (1007, 13)
2025-11-19 19:10:48,363 - data_load_from_wind_20251119 - INFO - 高频资产数据已存储到数据库
2025-11-19 19:11:46,392 - data_load_from_wind_20251119 - INFO - WindPy started
2025-11-19 19:11:46,393 - data_load_from_wind_20251119 - INFO - 开始更新高频资产数据...
2025-11-19 19:11:46,474 - data_load_from_wind_20251119 - INFO - 更新起始日期: 2025-09-21 00:00:00
2025-11-19 19:11:46,474 - data_load_from_wind_20251119 - INFO - 更新结束日期: 2025-11-16
2025-11-19 19:11:46,474 - data_load_from_wind_20251119 - INFO - 数据库现有列: ['CBA00602_CS', 'CBA04031_CS', 'CBA02531_CS', 'HSI_HI', 'S0031510', 'S0105912', 'M0049225', 'S0031525', 'S0143884', 'S0179664', 'M0049385', 'M0049387', 'M0000271']
2025-11-19 19:11:46,474 - data_load_from_wind_20251119 - INFO - 配置文件代码(规范化): ['CBA00602_CS', 'CBA04031_CS', 'CBA02531_CS', 'HSI_HI', 'S0031510', 'S0105912', 'M0049225', 'S0031525', 'S0143884', 'S0179664', 'M0049385', 'M0049387', 'M0000271']
2025-11-19 19:11:46,475 - data_load_from_wind_20251119 - INFO - 新增代码(规范化): []
2025-11-19 19:11:46,475 - data_load_from_wind_20251119 - INFO - 新增代码(原始): []
2025-11-19 19:11:46,475 - data_load_from_wind_20251119 - INFO - 本次更新不存在新增指标
2025-11-19 19:11:46,475 - data_load_from_wind_20251119 - INFO - 开始更新存量指标数据...
2025-11-19 19:11:46,862 - data_load_from_wind_20251119 - INFO - 数据更新完成
2025-11-19 19:11:46,862 - data_load_from_wind_20251119 - INFO - 本次更新完成
2025-11-19 19:17:42,739 - data_load_from_wind_20251119 - INFO - WindPy started
2025-11-19 19:17:42,739 - data_load_from_wind_20251119 - INFO - 开始批量获取高频资产数据...
2025-11-19 19:17:42,741 - data_load_from_wind_20251119 - INFO - 数据获取起始日期: 2006-06-22
2025-11-19 19:17:42,741 - data_load_from_wind_20251119 - INFO - 数据获取结束日期: 2025-09-30
2025-11-19 19:17:42,741 - data_load_from_wind_20251119 - INFO - 正在获取WSD数据: CBA00602.CS,CBA04031.CS,CBA02531.CS,HSI.HI
2025-11-19 19:17:43,084 - data_load_from_wind_20251119 - INFO - WSD数据获取完成，形状: (1007, 4)
2025-11-19 19:17:43,085 - data_load_from_wind_20251119 - INFO - 正在获取EDB数据: S0031510,S0105912,M0049225,S0031525,S0143884,S0179664,M0049385,M0049387
2025-11-19 19:17:43,426 - data_load_from_wind_20251119 - INFO - EDB数据获取完成，形状: (1007, 8)
2025-11-19 19:17:43,478 - data_load_from_wind_20251119 - INFO - 合并后数据形状: (1007, 12)
2025-11-19 19:17:43,653 - data_load_from_wind_20251119 - INFO - 高频资产数据已存储到数据库
2025-11-19 19:18:58,007 - data_load_from_wind_20251119 - INFO - WindPy started
2025-11-19 19:18:58,008 - data_load_from_wind_20251119 - INFO - 开始更新高频资产数据...
2025-11-19 19:18:58,075 - data_load_from_wind_20251119 - WARNING - 计算的周末日期 2025-11-16 晚于配置的结束日期 2025-09-30，使用配置的结束日期
2025-11-19 19:18:58,076 - data_load_from_wind_20251119 - INFO - 更新起始日期: 2025-09-21 00:00:00
2025-11-19 19:18:58,076 - data_load_from_wind_20251119 - INFO - 更新结束日期: 2025-09-30
2025-11-19 19:18:58,076 - data_load_from_wind_20251119 - INFO - 数据库现有列: ['CBA00602_CS', 'CBA04031_CS', 'CBA02531_CS', 'HSI_HI', 'S0031510', 'S0105912', 'M0049225', 'S0031525', 'S0143884', 'S0179664', 'M0049385', 'M0049387']
2025-11-19 19:18:58,077 - data_load_from_wind_20251119 - INFO - 配置文件代码(规范化): ['CBA00602_CS', 'CBA04031_CS', 'CBA02531_CS', 'HSI_HI', 'S0031510', 'S0105912', 'M0049225', 'S0031525', 'S0143884', 'S0179664', 'M0049385', 'M0049387']
2025-11-19 19:18:58,077 - data_load_from_wind_20251119 - INFO - 新增代码(规范化): []
2025-11-19 19:18:58,077 - data_load_from_wind_20251119 - INFO - 新增代码(原始): []
2025-11-19 19:18:58,077 - data_load_from_wind_20251119 - INFO - 本次更新不存在新增指标
2025-11-19 19:18:58,077 - data_load_from_wind_20251119 - INFO - 开始更新存量指标数据...
2025-11-19 19:18:58,375 - data_load_from_wind_20251119 - INFO - 数据更新完成
2025-11-19 19:18:58,379 - data_load_from_wind_20251119 - INFO - 本次更新完成
2025-11-19 19:21:16,652 - data_load_from_wind_20251119 - INFO - WindPy started
2025-11-19 19:21:16,652 - data_load_from_wind_20251119 - INFO - 开始更新高频资产数据...
2025-11-19 19:21:16,766 - data_load_from_wind_20251119 - INFO - 更新起始日期: 2025-09-21 00:00:00
2025-11-19 19:21:16,774 - data_load_from_wind_20251119 - INFO - 更新结束日期: 2025-11-16
2025-11-19 19:21:16,778 - data_load_from_wind_20251119 - INFO - 数据库现有列: ['CBA00602_CS', 'CBA04031_CS', 'CBA02531_CS', 'HSI_HI', 'S0031510', 'S0105912', 'M0049225', 'S0031525', 'S0143884', 'S0179664', 'M0049385', 'M0049387']
2025-11-19 19:21:16,784 - data_load_from_wind_20251119 - INFO - 配置文件代码(规范化): ['CBA00602_CS', 'CBA04031_CS', 'CBA02531_CS', 'HSI_HI', 'S0031510', 'S0105912', 'M0049225', 'S0031525', 'S0143884', 'S0179664', 'M0049385', 'M0049387']
2025-11-19 19:21:16,784 - data_load_from_wind_20251119 - INFO - 新增代码(规范化): []
2025-11-19 19:21:16,785 - data_load_from_wind_20251119 - INFO - 新增代码(原始): []
2025-11-19 19:21:16,791 - data_load_from_wind_20251119 - INFO - 本次更新不存在新增指标
2025-11-19 19:21:16,804 - data_load_from_wind_20251119 - INFO - 开始更新存量指标数据...
2025-11-19 19:21:17,127 - data_load_from_wind_20251119 - INFO - 数据更新完成
2025-11-19 19:21:17,128 - data_load_from_wind_20251119 - INFO - 本次更新完成
2025-11-19 19:26:32,578 - data_load_from_wind_20251119 - INFO - WindPy started
2025-11-19 19:26:32,578 - data_load_from_wind_20251119 - INFO - 开始批量获取高频资产数据...
2025-11-19 19:26:32,578 - data_load_from_wind_20251119 - INFO - 正在获取WSD数据: CBA00602.CS,CBA04031.CS,CBA02531.CS,HSI.HI
2025-11-19 19:26:32,829 - data_load_from_wind_20251119 - INFO - WSD数据获取完成，形状: (1007, 4)
2025-11-19 19:26:32,829 - data_load_from_wind_20251119 - INFO - 正在获取EDB数据: S0031510,S0105912,M0049225,S0031525,S0143884,S0179664,M0049385,M0049387
2025-11-19 19:26:33,164 - data_load_from_wind_20251119 - INFO - EDB数据获取完成，形状: (1007, 8)
2025-11-19 19:26:33,165 - data_load_from_wind_20251119 - INFO - 合并后数据形状: (1007, 12)
2025-11-19 19:26:33,373 - data_load_from_wind_20251119 - INFO - 高频资产数据已存储到数据库
2025-11-19 19:28:07,741 - data_load_from_wind_20251119 - INFO - WindPy started
2025-11-19 19:28:07,741 - data_load_from_wind_20251119 - INFO - 开始更新高频资产数据...
2025-11-19 19:28:07,822 - data_load_from_wind_20251119 - INFO - 更新起始日期: 2025-09-21 00:00:00
2025-11-19 19:28:07,822 - data_load_from_wind_20251119 - INFO - 更新结束日期: 2025-11-16
2025-11-19 19:28:07,823 - data_load_from_wind_20251119 - INFO - 数据库现有列: ['CBA00602_CS', 'CBA04031_CS', 'CBA02531_CS', 'HSI_HI', 'S0031510', 'S0105912', 'M0049225', 'S0031525', 'S0143884', 'S0179664', 'M0049385', 'M0049387']
2025-11-19 19:28:07,823 - data_load_from_wind_20251119 - INFO - 配置文件代码(规范化): ['CBA00602_CS', 'CBA04031_CS', 'CBA02531_CS', 'HSI_HI', 'S0031510', 'S0105912', 'M0049225', 'S0031525', 'S0143884', 'S0179664', 'M0049385', 'M0049387']
2025-11-19 19:28:07,823 - data_load_from_wind_20251119 - INFO - 新增代码(规范化): []
2025-11-19 19:28:07,824 - data_load_from_wind_20251119 - INFO - 新增代码(原始): []
2025-11-19 19:28:07,824 - data_load_from_wind_20251119 - INFO - 本次更新不存在新增指标
2025-11-19 19:28:07,824 - data_load_from_wind_20251119 - INFO - 开始更新存量指标数据...
2025-11-19 19:28:08,077 - data_load_from_wind_20251119 - WARNING - 发现 1 条晚于今天的数据，将被过滤掉
2025-11-19 19:28:08,078 - data_load_from_wind_20251119 - WARNING - 最晚日期: 2025-11-23 00:00:00
2025-11-19 19:28:08,079 - data_load_from_wind_20251119 - INFO - 过滤后数据范围: 2025-09-28 00:00:00 到 2025-11-16 00:00:00
2025-11-19 19:28:08,149 - data_load_from_wind_20251119 - INFO - 数据更新完成
2025-11-19 19:28:08,149 - data_load_from_wind_20251119 - INFO - 本次更新完成
2025-11-19 19:28:36,940 - data_load_from_wind_20251119 - INFO - WindPy started
2025-11-19 19:28:36,940 - data_load_from_wind_20251119 - INFO - 开始更新高频资产数据...
2025-11-19 19:28:37,052 - data_load_from_wind_20251119 - INFO - 更新起始日期: 2025-11-02 00:00:00
2025-11-19 19:28:37,052 - data_load_from_wind_20251119 - INFO - 更新结束日期: 2025-11-16
2025-11-19 19:28:37,052 - data_load_from_wind_20251119 - INFO - 数据库现有列: ['CBA00602_CS', 'CBA04031_CS', 'CBA02531_CS', 'HSI_HI', 'S0031510', 'S0105912', 'M0049225', 'S0031525', 'S0143884', 'S0179664', 'M0049385', 'M0049387']
2025-11-19 19:28:37,052 - data_load_from_wind_20251119 - INFO - 配置文件代码(规范化): ['CBA00602_CS', 'CBA04031_CS', 'CBA02531_CS', 'HSI_HI', 'S0031510', 'S0105912', 'M0049225', 'S0031525', 'S0143884', 'S0179664', 'M0049385', 'M0049387', 'M0000271']
2025-11-19 19:28:37,053 - data_load_from_wind_20251119 - INFO - 新增代码(规范化): ['M0000271']
2025-11-19 19:28:37,053 - data_load_from_wind_20251119 - INFO - 新增代码(原始): ['M0000271']
2025-11-19 19:28:37,053 - data_load_from_wind_20251119 - INFO - 本次更新存在新增指标: ['M0000271']
2025-11-19 19:28:37,053 - data_load_from_wind_20251119 - INFO - 开始更新存量指标数据...
2025-11-19 19:28:37,292 - data_load_from_wind_20251119 - WARNING - 发现 1 条晚于今天的数据，将被过滤掉
2025-11-19 19:28:37,292 - data_load_from_wind_20251119 - WARNING - 最晚日期: 2025-11-23 00:00:00
2025-11-19 19:28:37,293 - data_load_from_wind_20251119 - INFO - 过滤后数据范围: 2025-11-09 00:00:00 到 2025-11-16 00:00:00
2025-11-19 19:28:37,350 - data_load_from_wind_20251119 - INFO - 存量指标数据更新完成
2025-11-19 19:28:37,351 - data_load_from_wind_20251119 - INFO - 开始获取新增指标数据...
2025-11-19 19:28:37,735 - data_load_from_wind_20251119 - WARNING - 发现 1 条晚于今天的数据，将被过滤掉
2025-11-19 19:28:37,735 - data_load_from_wind_20251119 - WARNING - 最晚日期: 2025-11-23 00:00:00
2025-11-19 19:28:37,736 - data_load_from_wind_20251119 - INFO - 过滤后数据范围: 2006-06-25 00:00:00 到 2025-11-16 00:00:00
2025-11-19 19:28:38,028 - data_load_from_wind_20251119 - INFO - 新增指标数据录入完成
2025-11-19 19:28:38,028 - data_load_from_wind_20251119 - INFO - 本次更新完成
2025-11-19 19:29:52,746 - data_load_from_wind_20251119 - INFO - WindPy started
2025-11-19 19:29:52,746 - data_load_from_wind_20251119 - INFO - 开始批量获取高频资产数据...
2025-11-19 19:29:52,747 - data_load_from_wind_20251119 - INFO - 正在获取WSD数据: CBA00602.CS,CBA04031.CS,CBA02531.CS,HSI.HI
2025-11-19 19:29:53,030 - data_load_from_wind_20251119 - INFO - WSD数据获取完成，形状: (1007, 4)
2025-11-19 19:29:53,030 - data_load_from_wind_20251119 - INFO - 正在获取EDB数据: S0031510,S0105912,M0049225,S0031525,S0143884,S0179664,M0049385,M0049387,M0000271
2025-11-19 19:29:53,459 - data_load_from_wind_20251119 - INFO - EDB数据获取完成，形状: (1007, 9)
2025-11-19 19:29:53,460 - data_load_from_wind_20251119 - INFO - 合并后数据形状: (1007, 13)
2025-11-19 19:29:53,665 - data_load_from_wind_20251119 - INFO - 高频资产数据已存储到数据库
2025-11-19 19:30:07,399 - data_load_from_wind_20251119 - INFO - WindPy started
2025-11-19 19:30:07,399 - data_load_from_wind_20251119 - INFO - 开始更新高频资产数据...
2025-11-19 19:30:07,518 - data_load_from_wind_20251119 - INFO - 更新起始日期: 2025-09-21 00:00:00
2025-11-19 19:30:07,518 - data_load_from_wind_20251119 - INFO - 更新结束日期: 2025-11-16
2025-11-19 19:30:07,519 - data_load_from_wind_20251119 - INFO - 数据库现有列: ['CBA00602_CS', 'CBA04031_CS', 'CBA02531_CS', 'HSI_HI', 'S0031510', 'S0105912', 'M0049225', 'S0031525', 'S0143884', 'S0179664', 'M0049385', 'M0049387', 'M0000271']
2025-11-19 19:30:07,519 - data_load_from_wind_20251119 - INFO - 配置文件代码(规范化): ['CBA00602_CS', 'CBA04031_CS', 'CBA02531_CS', 'HSI_HI', 'S0031510', 'S0105912', 'M0049225', 'S0031525', 'S0143884', 'S0179664', 'M0049385', 'M0049387', 'M0000271']
2025-11-19 19:30:07,519 - data_load_from_wind_20251119 - INFO - 新增代码(规范化): []
2025-11-19 19:30:07,519 - data_load_from_wind_20251119 - INFO - 新增代码(原始): []
2025-11-19 19:30:07,519 - data_load_from_wind_20251119 - INFO - 本次更新不存在新增指标
2025-11-19 19:30:07,519 - data_load_from_wind_20251119 - INFO - 开始更新存量指标数据...
2025-11-19 19:30:07,808 - data_load_from_wind_20251119 - WARNING - 发现 1 条晚于今天的数据，将被过滤掉
2025-11-19 19:30:07,812 - data_load_from_wind_20251119 - WARNING - 最晚日期: 2025-11-23 00:00:00
2025-11-19 19:30:07,815 - data_load_from_wind_20251119 - INFO - 过滤后数据范围: 2025-09-28 00:00:00 到 2025-11-16 00:00:00
2025-11-19 19:30:07,863 - data_load_from_wind_20251119 - INFO - 数据更新完成
2025-11-19 19:30:07,863 - data_load_from_wind_20251119 - INFO - 本次更新完成
2025-11-19 19:30:23,090 - data_load_from_wind_20251119 - INFO - WindPy started
2025-11-19 19:30:23,090 - data_load_from_wind_20251119 - INFO - 开始批量获取高频资产数据...
2025-11-19 19:30:23,090 - data_load_from_wind_20251119 - INFO - 正在获取WSD数据: CBA00602.CS,CBA04031.CS,CBA02531.CS,HSI.HI
2025-11-19 19:30:23,327 - data_load_from_wind_20251119 - INFO - WSD数据获取完成，形状: (1007, 4)
2025-11-19 19:30:23,327 - data_load_from_wind_20251119 - INFO - 正在获取EDB数据: S0031510,S0105912,M0049225,S0031525,S0143884,S0179664,M0049385,M0049387
2025-11-19 19:30:23,641 - data_load_from_wind_20251119 - INFO - EDB数据获取完成，形状: (1007, 8)
2025-11-19 19:30:23,642 - data_load_from_wind_20251119 - INFO - 合并后数据形状: (1007, 12)
2025-11-19 19:30:23,949 - data_load_from_wind_20251119 - INFO - 高频资产数据已存储到数据库
2025-11-19 19:30:32,957 - data_load_from_wind_20251119 - INFO - WindPy started
2025-11-19 19:30:32,958 - data_load_from_wind_20251119 - INFO - 开始批量获取高频资产数据...
2025-11-19 19:30:32,958 - data_load_from_wind_20251119 - INFO - 正在获取WSD数据: CBA00602.CS,CBA04031.CS,CBA02531.CS,HSI.HI
2025-11-19 19:30:33,184 - data_load_from_wind_20251119 - INFO - WSD数据获取完成，形状: (1007, 4)
2025-11-19 19:30:33,184 - data_load_from_wind_20251119 - INFO - 正在获取EDB数据: S0031510,S0105912,M0049225,S0031525,S0143884,S0179664,M0049385,M0049387,M0000271
2025-11-19 19:30:33,649 - data_load_from_wind_20251119 - INFO - EDB数据获取完成，形状: (1007, 9)
2025-11-19 19:30:33,650 - data_load_from_wind_20251119 - INFO - 合并后数据形状: (1007, 13)
2025-11-19 19:30:33,867 - data_load_from_wind_20251119 - INFO - 高频资产数据已存储到数据库
2025-11-19 19:31:06,542 - data_load_from_wind_20251119 - INFO - WindPy started
2025-11-19 19:31:06,543 - data_load_from_wind_20251119 - INFO - 开始批量获取高频资产数据...
2025-11-19 19:31:06,543 - data_load_from_wind_20251119 - INFO - 正在获取WSD数据: CBA00602.CS,CBA04031.CS,CBA02531.CS,HSI.HI
2025-11-19 19:31:06,794 - data_load_from_wind_20251119 - INFO - WSD数据获取完成，形状: (1007, 4)
2025-11-19 19:31:06,794 - data_load_from_wind_20251119 - INFO - 正在获取EDB数据: S0031510,S0105912,M0049225,S0031525,S0143884,S0179664,M0049385,M0049387
2025-11-19 19:31:07,121 - data_load_from_wind_20251119 - INFO - EDB数据获取完成，形状: (1007, 8)
2025-11-19 19:31:07,123 - data_load_from_wind_20251119 - INFO - 合并后数据形状: (1007, 12)
2025-11-19 19:31:07,342 - data_load_from_wind_20251119 - INFO - 高频资产数据已存储到数据库
2025-11-19 19:31:22,116 - data_load_from_wind_20251119 - INFO - WindPy started
2025-11-19 19:31:22,116 - data_load_from_wind_20251119 - INFO - 开始更新高频资产数据...
2025-11-19 19:31:22,224 - data_load_from_wind_20251119 - INFO - 更新起始日期: 2025-09-21 00:00:00
2025-11-19 19:31:22,224 - data_load_from_wind_20251119 - INFO - 更新结束日期: 2025-11-16
2025-11-19 19:31:22,224 - data_load_from_wind_20251119 - INFO - 数据库现有列: ['CBA00602_CS', 'CBA04031_CS', 'CBA02531_CS', 'HSI_HI', 'S0031510', 'S0105912', 'M0049225', 'S0031525', 'S0143884', 'S0179664', 'M0049385', 'M0049387']
2025-11-19 19:31:22,224 - data_load_from_wind_20251119 - INFO - 配置文件代码(规范化): ['CBA00602_CS', 'CBA04031_CS', 'CBA02531_CS', 'HSI_HI', 'S0031510', 'S0105912', 'M0049225', 'S0031525', 'S0143884', 'S0179664', 'M0049385', 'M0049387', 'M0000271']
2025-11-19 19:31:22,225 - data_load_from_wind_20251119 - INFO - 新增代码(规范化): ['M0000271']
2025-11-19 19:31:22,225 - data_load_from_wind_20251119 - INFO - 新增代码(原始): ['M0000271']
2025-11-19 19:31:22,225 - data_load_from_wind_20251119 - INFO - 本次更新存在新增指标: ['M0000271']
2025-11-19 19:31:22,225 - data_load_from_wind_20251119 - INFO - 开始更新存量指标数据...
2025-11-19 19:31:22,459 - data_load_from_wind_20251119 - WARNING - 发现 1 条晚于今天的数据，将被过滤掉
2025-11-19 19:31:22,459 - data_load_from_wind_20251119 - WARNING - 最晚日期: 2025-11-23 00:00:00
2025-11-19 19:31:22,460 - data_load_from_wind_20251119 - INFO - 过滤后数据范围: 2025-09-28 00:00:00 到 2025-11-16 00:00:00
2025-11-19 19:31:22,526 - data_load_from_wind_20251119 - INFO - 存量指标数据更新完成
2025-11-19 19:31:22,527 - data_load_from_wind_20251119 - INFO - 开始获取新增指标数据...
2025-11-19 19:31:22,866 - data_load_from_wind_20251119 - WARNING - 发现 1 条晚于今天的数据，将被过滤掉
2025-11-19 19:31:22,867 - data_load_from_wind_20251119 - WARNING - 最晚日期: 2025-11-23 00:00:00
2025-11-19 19:31:22,867 - data_load_from_wind_20251119 - INFO - 过滤后数据范围: 2006-06-25 00:00:00 到 2025-11-16 00:00:00
2025-11-19 19:31:23,170 - data_load_from_wind_20251119 - INFO - 新增指标数据录入完成
2025-11-19 19:31:23,170 - data_load_from_wind_20251119 - INFO - 本次更新完成
