2025-11-26 08:32:43,979 - datadeal_20251126 - INFO - 数据库连接成功: macro_data_base
2025-11-26 08:32:43,980 - datadeal_20251126 - INFO - [Function: load_table started...]
2025-11-26 08:32:44,016 - datadeal_20251126 - INFO - 按列 'index' 升序排序
2025-11-26 08:32:44,025 - datadeal_20251126 - INFO - 成功从表 macro_high_freq_data_weekly_pct 加载数据，形状: (814, 7)
2025-11-26 08:32:44,026 - datadeal_20251126 - INFO - [Function: load_table completed, elapsed time: 0.05s]
2025-11-26 08:32:44,032 - datadeal_20251126 - INFO - 数据库连接已关闭
2025-11-26 08:33:11,098 - datadeal_20251126 - INFO - 数据库连接成功: macro_data_base
2025-11-26 08:33:11,229 - datadeal_20251126 - INFO - 找到 15 个表
2025-11-26 08:33:11,230 - datadeal_20251126 - INFO - [Function: load_table started...]
2025-11-26 08:33:11,235 - datadeal_20251126 - INFO - 按列 'index' 升序排序
2025-11-26 08:33:11,250 - datadeal_20251126 - INFO - 成功从表 allocation_pool_1_price_weekly 加载数据，形状: (997, 16)
2025-11-26 08:33:11,251 - datadeal_20251126 - INFO - [Function: load_table completed, elapsed time: 0.02s]
2025-11-26 08:33:11,254 - datadeal_20251126 - INFO - 数据库连接已关闭
2025-11-26 13:32:55,989 - datadeal_20251126 - INFO - 数据库连接成功: macro_data_base
2025-11-26 13:32:55,990 - datadeal_20251126 - INFO - [Function: load_table started...]
2025-11-26 13:32:56,036 - datadeal_20251126 - INFO - 按列 'index' 升序排序
2025-11-26 13:32:56,046 - datadeal_20251126 - INFO - 成功从表 macro_high_freq_data_weekly_pct 加载数据，形状: (814, 7)
2025-11-26 13:32:56,047 - datadeal_20251126 - INFO - [Function: load_table completed, elapsed time: 0.06s]
2025-11-26 13:32:56,051 - datadeal_20251126 - INFO - 数据库连接已关闭
2025-11-26 13:32:57,188 - datadeal_20251126 - INFO - 数据库连接成功: macro_data_base
2025-11-26 13:32:57,252 - datadeal_20251126 - INFO - 找到 15 个表
2025-11-26 13:32:57,252 - datadeal_20251126 - INFO - [Function: load_table started...]
2025-11-26 13:32:57,256 - datadeal_20251126 - INFO - 按列 'index' 升序排序
2025-11-26 13:32:57,270 - datadeal_20251126 - INFO - 成功从表 allocation_pool_1_price_weekly 加载数据，形状: (997, 16)
2025-11-26 13:32:57,272 - datadeal_20251126 - INFO - [Function: load_table completed, elapsed time: 0.02s]
2025-11-26 13:32:57,274 - datadeal_20251126 - INFO - 数据库连接已关闭
2025-11-26 13:38:15,807 - datadeal_20251126 - INFO - 数据库连接成功: macro_data_base
2025-11-26 13:38:15,808 - datadeal_20251126 - INFO - [Function: load_table started...]
2025-11-26 13:38:15,814 - datadeal_20251126 - INFO - 按列 'index' 升序排序
2025-11-26 13:38:15,820 - datadeal_20251126 - INFO - 成功从表 macro_high_freq_data_weekly_pct 加载数据，形状: (814, 7)
2025-11-26 13:38:15,820 - datadeal_20251126 - INFO - [Function: load_table completed, elapsed time: 0.01s]
2025-11-26 13:38:15,823 - datadeal_20251126 - INFO - 数据库连接已关闭
2025-11-26 13:38:16,595 - datadeal_20251126 - INFO - 数据库连接成功: macro_data_base
2025-11-26 13:38:16,621 - datadeal_20251126 - INFO - 找到 15 个表
2025-11-26 13:38:16,621 - datadeal_20251126 - INFO - [Function: load_table started...]
2025-11-26 13:38:16,624 - datadeal_20251126 - INFO - 按列 'index' 升序排序
2025-11-26 13:38:16,636 - datadeal_20251126 - INFO - 成功从表 allocation_pool_1_price_weekly 加载数据，形状: (997, 16)
2025-11-26 13:38:16,636 - datadeal_20251126 - INFO - [Function: load_table completed, elapsed time: 0.01s]
2025-11-26 13:38:16,637 - datadeal_20251126 - INFO - 数据库连接已关闭
2025-11-26 14:44:40,002 - datadeal_20251126 - INFO - 数据库连接成功: macro_data_base
2025-11-26 14:44:40,003 - datadeal_20251126 - INFO - [Function: load_table started...]
2025-11-26 14:44:40,009 - datadeal_20251126 - INFO - 按列 'index' 升序排序
2025-11-26 14:44:40,018 - datadeal_20251126 - INFO - 成功从表 macro_high_freq_data_weekly_pct 加载数据，形状: (814, 7)
2025-11-26 14:44:40,019 - datadeal_20251126 - INFO - [Function: load_table completed, elapsed time: 0.02s]
2025-11-26 14:44:40,023 - datadeal_20251126 - INFO - 数据库连接已关闭
2025-11-26 14:44:41,011 - datadeal_20251126 - INFO - 数据库连接成功: macro_data_base
2025-11-26 14:44:41,044 - datadeal_20251126 - INFO - 找到 15 个表
2025-11-26 14:44:41,044 - datadeal_20251126 - INFO - [Function: load_table started...]
2025-11-26 14:44:41,047 - datadeal_20251126 - INFO - 按列 'index' 升序排序
2025-11-26 14:44:41,059 - datadeal_20251126 - INFO - 成功从表 allocation_pool_1_price_weekly 加载数据，形状: (997, 16)
2025-11-26 14:44:41,059 - datadeal_20251126 - INFO - [Function: load_table completed, elapsed time: 0.01s]
2025-11-26 14:44:41,061 - datadeal_20251126 - INFO - 数据库连接已关闭
2025-11-26 15:01:28,816 - datadeal_20251126 - INFO - 数据库连接成功: macro_data_base
2025-11-26 15:01:28,817 - datadeal_20251126 - INFO - [Function: load_table started...]
2025-11-26 15:01:28,824 - datadeal_20251126 - INFO - 按列 'index' 升序排序
2025-11-26 15:01:28,868 - datadeal_20251126 - INFO - 成功从表 macro_high_freq_data_weekly_match 加载数据，形状: (763, 7)
2025-11-26 15:01:28,869 - datadeal_20251126 - INFO - [Function: load_table completed, elapsed time: 0.05s]
2025-11-26 15:01:28,871 - datadeal_20251126 - INFO - 数据库连接已关闭
2025-11-26 15:01:30,119 - datadeal_20251126 - INFO - 数据库连接成功: macro_data_base
2025-11-26 15:01:30,143 - datadeal_20251126 - INFO - 找到 15 个表
2025-11-26 15:01:30,144 - datadeal_20251126 - INFO - [Function: load_table started...]
2025-11-26 15:01:30,147 - datadeal_20251126 - INFO - 按列 'index' 升序排序
2025-11-26 15:01:30,160 - datadeal_20251126 - INFO - 成功从表 allocation_pool_1_price_weekly 加载数据，形状: (997, 16)
2025-11-26 15:01:30,161 - datadeal_20251126 - INFO - [Function: load_table completed, elapsed time: 0.02s]
2025-11-26 15:01:30,162 - datadeal_20251126 - INFO - 数据库连接已关闭
2025-11-26 15:02:16,649 - datadeal_20251126 - INFO - 数据库连接成功: macro_data_base
2025-11-26 15:02:16,650 - datadeal_20251126 - INFO - [Function: load_table started...]
2025-11-26 15:02:16,659 - datadeal_20251126 - INFO - 按列 'index' 升序排序
2025-11-26 15:02:16,667 - datadeal_20251126 - INFO - 成功从表 macro_high_freq_data_weekly_net 加载数据，形状: (814, 7)
2025-11-26 15:02:16,668 - datadeal_20251126 - INFO - [Function: load_table completed, elapsed time: 0.02s]
2025-11-26 15:02:16,671 - datadeal_20251126 - INFO - 数据库连接已关闭
2025-11-26 15:02:18,099 - datadeal_20251126 - INFO - 数据库连接成功: macro_data_base
2025-11-26 15:02:18,118 - datadeal_20251126 - INFO - 找到 15 个表
2025-11-26 15:02:18,119 - datadeal_20251126 - INFO - [Function: load_table started...]
2025-11-26 15:02:18,122 - datadeal_20251126 - INFO - 按列 'index' 升序排序
2025-11-26 15:02:18,135 - datadeal_20251126 - INFO - 成功从表 allocation_pool_1_price_weekly 加载数据，形状: (997, 16)
2025-11-26 15:02:18,136 - datadeal_20251126 - INFO - [Function: load_table completed, elapsed time: 0.02s]
2025-11-26 15:02:18,137 - datadeal_20251126 - INFO - 数据库连接已关闭
2025-11-26 15:03:14,719 - datadeal_20251126 - INFO - 数据库连接成功: macro_data_base
2025-11-26 15:03:14,720 - datadeal_20251126 - INFO - [Function: load_table started...]
2025-11-26 15:03:14,727 - datadeal_20251126 - INFO - 按列 'index' 升序排序
2025-11-26 15:03:14,735 - datadeal_20251126 - INFO - 成功从表 macro_high_freq_data_weekly_pct 加载数据，形状: (814, 7)
2025-11-26 15:03:14,736 - datadeal_20251126 - INFO - [Function: load_table completed, elapsed time: 0.02s]
2025-11-26 15:03:14,739 - datadeal_20251126 - INFO - 数据库连接已关闭
2025-11-26 15:03:16,256 - datadeal_20251126 - INFO - 数据库连接成功: macro_data_base
2025-11-26 15:03:16,283 - datadeal_20251126 - INFO - 找到 15 个表
2025-11-26 15:03:16,283 - datadeal_20251126 - INFO - [Function: load_table started...]
2025-11-26 15:03:16,287 - datadeal_20251126 - INFO - 按列 'index' 升序排序
2025-11-26 15:03:16,298 - datadeal_20251126 - INFO - 成功从表 allocation_pool_1_price_weekly 加载数据，形状: (997, 16)
2025-11-26 15:03:16,299 - datadeal_20251126 - INFO - [Function: load_table completed, elapsed time: 0.02s]
2025-11-26 15:03:16,300 - datadeal_20251126 - INFO - 数据库连接已关闭
2025-11-26 15:05:28,231 - datadeal_20251126 - INFO - 数据库连接成功: macro_data_base
2025-11-26 15:05:28,232 - datadeal_20251126 - INFO - [Function: load_table started...]
2025-11-26 15:05:28,239 - datadeal_20251126 - INFO - 按列 'index' 升序排序
2025-11-26 15:05:28,280 - datadeal_20251126 - INFO - 成功从表 lf_macro_data 加载数据，形状: (207, 7)
2025-11-26 15:05:28,280 - datadeal_20251126 - INFO - [Function: load_table completed, elapsed time: 0.05s]
2025-11-26 15:05:28,282 - datadeal_20251126 - INFO - [Function: load_table started...]
2025-11-26 15:05:28,285 - datadeal_20251126 - INFO - 按列 'index' 升序排序
2025-11-26 15:05:28,301 - datadeal_20251126 - INFO - 成功从表 hf_asset_data_w 加载数据，形状: (1014, 17)
2025-11-26 15:05:28,302 - datadeal_20251126 - INFO - [Function: load_table completed, elapsed time: 0.02s]
2025-11-26 15:05:28,304 - datadeal_20251126 - INFO - 数据库连接已关闭
2025-11-26 15:17:42,910 - datadeal_20251126 - INFO - 数据库连接成功: macro_data_base
2025-11-26 15:17:42,911 - datadeal_20251126 - INFO - [Function: load_table started...]
2025-11-26 15:17:42,919 - datadeal_20251126 - INFO - 按列 'index' 升序排序
2025-11-26 15:17:42,927 - datadeal_20251126 - INFO - 成功从表 macro_high_freq_data_weekly_pct 加载数据，形状: (814, 7)
2025-11-26 15:17:42,928 - datadeal_20251126 - INFO - [Function: load_table completed, elapsed time: 0.02s]
2025-11-26 15:17:42,930 - datadeal_20251126 - INFO - 数据库连接已关闭
2025-11-26 15:17:43,739 - datadeal_20251126 - INFO - 数据库连接成功: macro_data_base
2025-11-26 15:17:43,772 - datadeal_20251126 - INFO - 找到 15 个表
2025-11-26 15:17:43,773 - datadeal_20251126 - INFO - [Function: load_table started...]
2025-11-26 15:17:43,779 - datadeal_20251126 - INFO - 按列 'index' 升序排序
2025-11-26 15:17:43,795 - datadeal_20251126 - INFO - 成功从表 allocation_pool_1_price_weekly 加载数据，形状: (997, 16)
2025-11-26 15:17:43,796 - datadeal_20251126 - INFO - [Function: load_table completed, elapsed time: 0.02s]
2025-11-26 15:17:43,799 - datadeal_20251126 - INFO - 数据库连接已关闭
