2025-11-12 11:33:49 | INFO | 数据库连接成功: macro_data_base
2025-11-12 11:33:49 | INFO | [Function: create_table started...]
2025-11-12 11:33:49 | INFO | 表 macro_intial_data_monthly 创建成功，包含 18 列
2025-11-12 11:33:49 | INFO | 成功插入 205 行数据到表 macro_intial_data_monthly
2025-11-12 11:33:49 | INFO | [Function: create_table completed, elapsed time: 0.09s]
2025-11-12 11:33:49 | INFO | [Function: create_table started...]
2025-11-12 11:33:49 | INFO | 表 macro_raw_con_data_monthly 创建成功，包含 7 列
2025-11-12 11:33:49 | INFO | 成功插入 199 行数据到表 macro_raw_con_data_monthly
2025-11-12 11:33:49 | INFO | [Function: create_table completed, elapsed time: 0.04s]
2025-11-12 11:33:49 | INFO | [Function: create_table started...]
2025-11-12 11:33:49 | INFO | 表 macro_high_freq_data_weekly_yoy 创建成功，包含 6 列
2025-11-12 11:33:49 | INFO | 成功插入 864 行数据到表 macro_high_freq_data_weekly_yoy
2025-11-12 11:33:49 | INFO | [Function: create_table completed, elapsed time: 0.09s]
2025-11-12 11:33:49 | INFO | 数据库连接已关闭
2025-11-12 13:27:01 | INFO | 数据库连接成功: macro_data_base
2025-11-12 13:27:01 | INFO | [Function: create_table started...]
2025-11-12 13:27:01 | INFO | 已删除现有表 macro_intial_data_monthly
2025-11-12 13:27:01 | INFO | 表 macro_intial_data_monthly 创建成功，包含 18 列
2025-11-12 13:27:01 | INFO | 成功插入 205 行数据到表 macro_intial_data_monthly
2025-11-12 13:27:01 | INFO | [Function: create_table completed, elapsed time: 0.06s]
2025-11-12 13:27:01 | INFO | [Function: create_table started...]
2025-11-12 13:27:01 | INFO | 已删除现有表 macro_raw_con_data_monthly
2025-11-12 13:27:01 | INFO | 表 macro_raw_con_data_monthly 创建成功，包含 7 列
2025-11-12 13:27:01 | INFO | 成功插入 199 行数据到表 macro_raw_con_data_monthly
2025-11-12 13:27:01 | INFO | [Function: create_table completed, elapsed time: 0.03s]
2025-11-12 13:27:01 | INFO | [Function: create_table started...]
2025-11-12 13:27:01 | INFO | 已删除现有表 macro_high_freq_data_weekly_yoy
2025-11-12 13:27:01 | INFO | 表 macro_high_freq_data_weekly_yoy 创建成功，包含 7 列
2025-11-12 13:27:01 | INFO | 成功插入 1751 行数据到表 macro_high_freq_data_weekly_yoy
2025-11-12 13:27:01 | INFO | [Function: create_table completed, elapsed time: 0.10s]
2025-11-12 13:27:01 | INFO | 数据库连接已关闭
2025-11-12 13:28:40 | INFO | 数据库连接成功: macro_data_base
2025-11-12 13:28:40 | INFO | [Function: create_table started...]
2025-11-12 13:28:40 | INFO | 已删除现有表 macro_intial_data_monthly
2025-11-12 13:28:40 | INFO | 表 macro_intial_data_monthly 创建成功，包含 18 列
2025-11-12 13:28:40 | INFO | 成功插入 205 行数据到表 macro_intial_data_monthly
2025-11-12 13:28:40 | INFO | [Function: create_table completed, elapsed time: 0.04s]
2025-11-12 13:28:40 | INFO | [Function: create_table started...]
2025-11-12 13:28:40 | INFO | 已删除现有表 macro_raw_con_data_monthly
2025-11-12 13:28:40 | INFO | 表 macro_raw_con_data_monthly 创建成功，包含 7 列
2025-11-12 13:28:40 | INFO | 成功插入 199 行数据到表 macro_raw_con_data_monthly
2025-11-12 13:28:40 | INFO | [Function: create_table completed, elapsed time: 0.02s]
2025-11-12 13:28:40 | INFO | [Function: create_table started...]
2025-11-12 13:28:40 | INFO | 已删除现有表 macro_high_freq_data_weekly_yoy
2025-11-12 13:28:40 | INFO | 表 macro_high_freq_data_weekly_yoy 创建成功，包含 7 列
2025-11-12 13:28:40 | INFO | 成功插入 1751 行数据到表 macro_high_freq_data_weekly_yoy
2025-11-12 13:28:40 | INFO | [Function: create_table completed, elapsed time: 0.09s]
2025-11-12 13:28:40 | INFO | 数据库连接已关闭
2025-11-12 13:29:42 | INFO | 数据库连接成功: macro_data_base
2025-11-12 13:29:42 | INFO | [Function: create_table started...]
2025-11-12 13:29:42 | INFO | 已删除现有表 macro_intial_data_monthly
2025-11-12 13:29:42 | INFO | 表 macro_intial_data_monthly 创建成功，包含 18 列
2025-11-12 13:29:42 | INFO | 成功插入 205 行数据到表 macro_intial_data_monthly
2025-11-12 13:29:42 | INFO | [Function: create_table completed, elapsed time: 0.05s]
2025-11-12 13:29:42 | INFO | [Function: create_table started...]
2025-11-12 13:29:42 | INFO | 已删除现有表 macro_raw_con_data_monthly
2025-11-12 13:29:42 | INFO | 表 macro_raw_con_data_monthly 创建成功，包含 7 列
2025-11-12 13:29:42 | INFO | 成功插入 199 行数据到表 macro_raw_con_data_monthly
2025-11-12 13:29:42 | INFO | [Function: create_table completed, elapsed time: 0.02s]
2025-11-12 13:29:42 | INFO | [Function: create_table started...]
2025-11-12 13:29:42 | INFO | 已删除现有表 macro_high_freq_data_weekly_yoy
2025-11-12 13:29:42 | INFO | 表 macro_high_freq_data_weekly_yoy 创建成功，包含 7 列
2025-11-12 13:29:43 | INFO | 成功插入 892 行数据到表 macro_high_freq_data_weekly_yoy
2025-11-12 13:29:43 | INFO | [Function: create_table completed, elapsed time: 0.06s]
2025-11-12 13:29:43 | INFO | 数据库连接已关闭
2025-11-12 13:56:26 | INFO | 数据库连接成功: macro_data_base
2025-11-12 13:56:26 | INFO | [Function: load_table started...]
2025-11-12 13:56:26 | INFO | 成功从表 macro_high_freq_data_weekly_yoy 加载数据，形状: (892, 7)
2025-11-12 13:56:26 | INFO | [Function: load_table completed, elapsed time: 0.02s]
2025-11-12 13:56:26 | INFO | 数据库连接已关闭
2025-11-12 14:00:28 | INFO | 数据库连接成功: macro_data_base
2025-11-12 14:00:28 | INFO | [Function: load_table started...]
2025-11-12 14:00:28 | INFO | 成功从表 macro_high_freq_data_weekly_yoy 加载数据，形状: (892, 7)
2025-11-12 14:00:28 | INFO | [Function: load_table completed, elapsed time: 0.01s]
2025-11-12 14:00:28 | INFO | 数据库连接已关闭
2025-11-12 14:00:41 | INFO | 数据库连接成功: macro_data_base
2025-11-12 14:00:41 | INFO | [Function: load_table started...]
2025-11-12 14:00:41 | INFO | 成功从表 macro_high_freq_data_weekly_yoy 加载数据，形状: (892, 7)
2025-11-12 14:00:41 | INFO | [Function: load_table completed, elapsed time: 0.01s]
2025-11-12 14:00:41 | INFO | 数据库连接已关闭
2025-11-12 14:01:02 | INFO | 数据库连接成功: macro_data_base
2025-11-12 14:01:02 | INFO | [Function: load_table started...]
2025-11-12 14:01:02 | INFO | 成功从表 macro_high_freq_data_weekly_yoy 加载数据，形状: (892, 7)
2025-11-12 14:01:02 | INFO | [Function: load_table completed, elapsed time: 0.01s]
2025-11-12 14:01:02 | INFO | 数据库连接已关闭
2025-11-12 14:01:06 | INFO | 数据库连接成功: macro_data_base
2025-11-12 14:01:06 | INFO | [Function: load_table started...]
2025-11-12 14:01:06 | INFO | 成功从表 macro_high_freq_data_weekly_yoy 加载数据，形状: (892, 7)
2025-11-12 14:01:06 | INFO | [Function: load_table completed, elapsed time: 0.01s]
2025-11-12 14:01:06 | INFO | 数据库连接已关闭
2025-11-12 15:05:24 | INFO | 数据库连接成功: price_data_base
2025-11-12 15:05:24 | INFO | [Function: create_table started...]
2025-11-12 15:05:24 | INFO | 表 Allocation_pool_1_price_daily 创建成功，包含 15 列
2025-11-12 15:05:24 | INFO | 成功插入 4638 行数据到表 Allocation_pool_1_price_daily
2025-11-12 15:05:24 | INFO | [Function: create_table completed, elapsed time: 0.30s]
2025-11-12 15:05:24 | INFO | 数据库连接已关闭
2025-11-12 15:05:54 | INFO | 数据库连接成功: price_data_base
2025-11-12 15:05:54 | INFO | [Function: load_table started...]
2025-11-12 15:05:54 | ERROR | 表 Allocation_pool_1_price_daily 不存在
2025-11-12 15:05:54 | INFO | [Function: load_table completed, elapsed time: 0.00s]
2025-11-12 15:05:54 | INFO | 数据库连接已关闭
2025-11-12 15:07:55 | INFO | 数据库连接成功: price_data_base
2025-11-12 15:07:55 | INFO | [Function: load_table started...]
2025-11-12 15:07:55 | INFO | 成功从表 allocation_pool_1_price_daily 加载数据，形状: (4638, 15)
2025-11-12 15:07:55 | INFO | [Function: load_table completed, elapsed time: 0.21s]
2025-11-12 15:07:55 | INFO | 数据库连接已关闭
2025-11-12 15:12:09 | INFO | 数据库连接成功: price_data_base
2025-11-12 15:12:09 | INFO | [Function: load_table started...]
2025-11-12 15:12:09 | INFO | 成功从表 allocation_pool_1_price_daily 加载数据，形状: (4638, 15)
2025-11-12 15:12:09 | INFO | [Function: load_table completed, elapsed time: 0.06s]
2025-11-12 15:12:09 | INFO | 数据库连接已关闭
2025-11-13 10:50:57 | INFO | 数据库连接成功: macro_data_base
2025-11-13 10:50:57 | INFO | [Function: load_table started...]
2025-11-13 10:50:57 | INFO | 成功从表 macro_high_freq_data_weekly_yoy 加载数据，形状: (892, 7)
2025-11-13 10:50:57 | INFO | [Function: load_table completed, elapsed time: 0.01s]
2025-11-13 10:50:57 | INFO | 数据库连接已关闭
2025-11-13 10:51:18 | INFO | 数据库连接成功: price_data_base
2025-11-13 10:51:18 | INFO | [Function: load_table started...]
2025-11-13 10:51:18 | INFO | 成功从表 allocation_pool_1_price_daily 加载数据，形状: (4638, 15)
2025-11-13 10:51:18 | INFO | [Function: load_table completed, elapsed time: 0.05s]
2025-11-13 10:51:18 | INFO | 数据库连接已关闭
2025-11-13 11:31:27 | INFO | 数据库连接成功: price_data_base
2025-11-13 11:31:27 | INFO | [Function: load_table started...]
2025-11-13 11:31:27 | INFO | 成功从表 allocation_pool_1_price_daily 加载数据，形状: (4638, 15)
2025-11-13 11:31:27 | INFO | [Function: load_table completed, elapsed time: 0.05s]
2025-11-13 11:31:27 | INFO | 数据库连接已关闭
2025-11-13 13:03:49 | INFO | 数据库连接成功: macro_data_base
2025-11-13 13:03:49 | INFO | [Function: load_table started...]
2025-11-13 13:03:49 | INFO | 成功从表 macro_high_freq_data_weekly_yoy 加载数据，形状: (892, 7)
2025-11-13 13:03:49 | INFO | [Function: load_table completed, elapsed time: 0.01s]
2025-11-13 13:03:49 | INFO | 数据库连接已关闭
2025-11-13 13:03:53 | INFO | 数据库连接成功: price_data_base
2025-11-13 13:03:53 | INFO | [Function: load_table started...]
2025-11-13 13:03:53 | INFO | 成功从表 allocation_pool_1_price_daily 加载数据，形状: (4638, 15)
2025-11-13 13:03:53 | INFO | [Function: load_table completed, elapsed time: 0.06s]
2025-11-13 13:03:53 | INFO | 数据库连接已关闭
2025-11-13 13:34:47 | INFO | 数据库连接成功: macro_data_base
2025-11-13 13:34:47 | INFO | [Function: load_table started...]
2025-11-13 13:34:47 | INFO | 成功从表 macro_high_freq_data_weekly_yoy 加载数据，形状: (892, 7)
2025-11-13 13:34:47 | INFO | [Function: load_table completed, elapsed time: 0.04s]
2025-11-13 13:34:47 | INFO | 数据库连接已关闭
2025-11-13 13:34:53 | INFO | 数据库连接成功: price_data_base
2025-11-13 13:34:53 | INFO | [Function: load_table started...]
2025-11-13 13:34:54 | INFO | 成功从表 allocation_pool_1_price_daily 加载数据，形状: (4638, 15)
2025-11-13 13:34:54 | INFO | [Function: load_table completed, elapsed time: 0.10s]
2025-11-13 13:34:54 | INFO | 数据库连接已关闭
2025-11-13 15:07:16 | INFO | 数据库连接成功: macro_data_base
2025-11-13 15:07:16 | INFO | [Function: create_table started...]
2025-11-13 15:07:16 | INFO | 已删除现有表 macro_intial_data_monthly
2025-11-13 15:07:16 | INFO | 表 macro_intial_data_monthly 创建成功，包含 18 列
2025-11-13 15:07:16 | INFO | 成功插入 205 行数据到表 macro_intial_data_monthly
2025-11-13 15:07:16 | INFO | [Function: create_table completed, elapsed time: 0.09s]
2025-11-13 15:07:16 | INFO | [Function: create_table started...]
2025-11-13 15:07:16 | INFO | 已删除现有表 macro_raw_con_data_monthly
2025-11-13 15:07:16 | INFO | 表 macro_raw_con_data_monthly 创建成功，包含 7 列
2025-11-13 15:07:16 | INFO | 成功插入 199 行数据到表 macro_raw_con_data_monthly
2025-11-13 15:07:16 | INFO | [Function: create_table completed, elapsed time: 0.01s]
2025-11-13 15:07:16 | INFO | [Function: create_table started...]
2025-11-13 15:07:16 | INFO | 已删除现有表 macro_high_freq_data_weekly_yoy
2025-11-13 15:07:16 | INFO | 表 macro_high_freq_data_weekly_yoy 创建成功，包含 7 列
2025-11-13 15:07:16 | INFO | 成功插入 892 行数据到表 macro_high_freq_data_weekly_yoy
2025-11-13 15:07:16 | INFO | [Function: create_table completed, elapsed time: 0.05s]
2025-11-13 15:07:16 | INFO | [Function: create_table started...]
2025-11-13 15:07:16 | INFO | 表 macro_high_freq_data_weekly_mom_1 创建成功，包含 7 列
2025-11-13 15:07:16 | INFO | 成功插入 892 行数据到表 macro_high_freq_data_weekly_mom_1
2025-11-13 15:07:16 | INFO | [Function: create_table completed, elapsed time: 0.04s]
2025-11-13 15:07:16 | INFO | [Function: create_table started...]
2025-11-13 15:07:16 | INFO | 表 macro_high_freq_data_weekly_mom_2 创建成功，包含 7 列
2025-11-13 15:07:16 | INFO | 成功插入 892 行数据到表 macro_high_freq_data_weekly_mom_2
2025-11-13 15:07:16 | INFO | [Function: create_table completed, elapsed time: 0.04s]
2025-11-13 15:07:16 | INFO | 数据库连接已关闭
2025-11-13 15:08:05 | INFO | 数据库连接成功: macro_data_base
2025-11-13 15:08:05 | INFO | [Function: load_table started...]
2025-11-13 15:08:05 | INFO | 成功从表 macro_high_freq_data_weekly_mom_1 加载数据，形状: (892, 7)
2025-11-13 15:08:05 | INFO | [Function: load_table completed, elapsed time: 0.01s]
2025-11-13 15:08:05 | INFO | 数据库连接已关闭
2025-11-13 15:08:21 | INFO | 数据库连接成功: price_data_base
2025-11-13 15:08:21 | INFO | [Function: load_table started...]
2025-11-13 15:08:21 | INFO | 成功从表 allocation_pool_1_price_daily 加载数据，形状: (4638, 15)
2025-11-13 15:08:21 | INFO | [Function: load_table completed, elapsed time: 0.05s]
2025-11-13 15:08:21 | INFO | 数据库连接已关闭
2025-11-13 15:10:41 | INFO | 数据库连接成功: macro_data_base
2025-11-13 15:10:41 | INFO | [Function: load_table started...]
2025-11-13 15:10:41 | INFO | 成功从表 macro_high_freq_data_weekly_mom_2 加载数据，形状: (892, 7)
2025-11-13 15:10:41 | INFO | [Function: load_table completed, elapsed time: 0.01s]
2025-11-13 15:10:41 | INFO | 数据库连接已关闭
2025-11-13 15:10:44 | INFO | 数据库连接成功: price_data_base
2025-11-13 15:10:44 | INFO | [Function: load_table started...]
2025-11-13 15:10:44 | INFO | 成功从表 allocation_pool_1_price_daily 加载数据，形状: (4638, 15)
2025-11-13 15:10:44 | INFO | [Function: load_table completed, elapsed time: 0.05s]
2025-11-13 15:10:44 | INFO | 数据库连接已关闭
2025-11-13 15:11:15 | INFO | 数据库连接成功: macro_data_base
2025-11-13 15:11:15 | INFO | [Function: load_table started...]
2025-11-13 15:11:15 | INFO | 成功从表 macro_high_freq_data_weekly_mom_1 加载数据，形状: (892, 7)
2025-11-13 15:11:15 | INFO | [Function: load_table completed, elapsed time: 0.01s]
2025-11-13 15:11:15 | INFO | 数据库连接已关闭
2025-11-13 15:11:17 | INFO | 数据库连接成功: price_data_base
2025-11-13 15:11:17 | INFO | [Function: load_table started...]
2025-11-13 15:11:17 | INFO | 成功从表 allocation_pool_1_price_daily 加载数据，形状: (4638, 15)
2025-11-13 15:11:17 | INFO | [Function: load_table completed, elapsed time: 0.14s]
2025-11-13 15:11:17 | INFO | 数据库连接已关闭
2025-11-13 15:48:53 | INFO | 数据库连接成功: macro_data_base
2025-11-13 15:48:53 | INFO | [Function: create_table started...]
2025-11-13 15:48:53 | INFO | 已删除现有表 macro_intial_data_monthly
2025-11-13 15:48:53 | INFO | 表 macro_intial_data_monthly 创建成功，包含 18 列
2025-11-13 15:48:53 | INFO | 成功插入 205 行数据到表 macro_intial_data_monthly
2025-11-13 15:48:53 | INFO | [Function: create_table completed, elapsed time: 0.07s]
2025-11-13 15:48:53 | INFO | [Function: create_table started...]
2025-11-13 15:48:53 | INFO | 已删除现有表 macro_raw_con_data_monthly
2025-11-13 15:48:53 | INFO | 表 macro_raw_con_data_monthly 创建成功，包含 7 列
2025-11-13 15:48:53 | INFO | 成功插入 199 行数据到表 macro_raw_con_data_monthly
2025-11-13 15:48:53 | INFO | [Function: create_table completed, elapsed time: 0.02s]
2025-11-13 15:48:53 | INFO | [Function: create_table started...]
2025-11-13 15:48:53 | INFO | 已删除现有表 macro_high_freq_data_weekly_yoy
2025-11-13 15:48:53 | INFO | 表 macro_high_freq_data_weekly_yoy 创建成功，包含 7 列
2025-11-13 15:48:53 | INFO | 成功插入 892 行数据到表 macro_high_freq_data_weekly_yoy
2025-11-13 15:48:53 | INFO | [Function: create_table completed, elapsed time: 0.05s]
2025-11-13 15:48:53 | INFO | [Function: create_table started...]
2025-11-13 15:48:53 | INFO | 已删除现有表 macro_high_freq_data_weekly_mom_1
2025-11-13 15:48:53 | INFO | 表 macro_high_freq_data_weekly_mom_1 创建成功，包含 7 列
2025-11-13 15:48:53 | INFO | 成功插入 892 行数据到表 macro_high_freq_data_weekly_mom_1
2025-11-13 15:48:53 | INFO | [Function: create_table completed, elapsed time: 0.05s]
2025-11-13 15:48:53 | INFO | [Function: create_table started...]
2025-11-13 15:48:53 | INFO | 已删除现有表 macro_high_freq_data_weekly_mom_2
2025-11-13 15:48:53 | INFO | 表 macro_high_freq_data_weekly_mom_2 创建成功，包含 7 列
2025-11-13 15:48:53 | INFO | 成功插入 892 行数据到表 macro_high_freq_data_weekly_mom_2
2025-11-13 15:48:53 | INFO | [Function: create_table completed, elapsed time: 0.05s]
2025-11-13 15:48:53 | INFO | 数据库连接已关闭
2025-11-13 15:48:57 | INFO | 数据库连接成功: macro_data_base
2025-11-13 15:48:57 | INFO | [Function: load_table started...]
2025-11-13 15:48:57 | INFO | 成功从表 macro_high_freq_data_weekly_mom_1 加载数据，形状: (892, 7)
2025-11-13 15:48:57 | INFO | [Function: load_table completed, elapsed time: 0.01s]
2025-11-13 15:48:57 | INFO | 数据库连接已关闭
2025-11-13 15:48:59 | INFO | 数据库连接成功: price_data_base
2025-11-13 15:48:59 | INFO | [Function: load_table started...]
2025-11-13 15:48:59 | INFO | 成功从表 allocation_pool_1_price_daily 加载数据，形状: (4638, 15)
2025-11-13 15:48:59 | INFO | [Function: load_table completed, elapsed time: 0.05s]
2025-11-13 15:48:59 | INFO | 数据库连接已关闭
2025-11-14 09:23:43 | INFO | 数据库连接成功: macro_data_base
2025-11-14 09:23:43 | INFO | [Function: load_table started...]
2025-11-14 09:23:44 | INFO | 成功从表 macro_high_freq_data_weekly_mom_1 加载数据，形状: (892, 7)
2025-11-14 09:23:44 | INFO | [Function: load_table completed, elapsed time: 0.06s]
2025-11-14 09:23:44 | INFO | 数据库连接已关闭
2025-11-14 09:23:51 | INFO | 数据库连接成功: price_data_base
2025-11-14 09:23:51 | INFO | [Function: load_table started...]
2025-11-14 09:23:51 | INFO | 成功从表 allocation_pool_1_price_daily 加载数据，形状: (4638, 15)
2025-11-14 09:23:51 | INFO | [Function: load_table completed, elapsed time: 0.08s]
2025-11-14 09:23:51 | INFO | 数据库连接已关闭
2025-11-14 10:24:22 | INFO | 数据库连接成功: macro_data_base
2025-11-14 10:24:22 | INFO | [Function: load_table started...]
2025-11-14 10:24:22 | INFO | 成功从表 macro_high_freq_data_weekly_mom_1 加载数据，形状: (892, 7)
2025-11-14 10:24:22 | INFO | [Function: load_table completed, elapsed time: 0.02s]
2025-11-14 10:24:22 | INFO | 数据库连接已关闭
2025-11-14 10:24:24 | INFO | 数据库连接成功: price_data_base
2025-11-14 10:24:24 | INFO | [Function: load_table started...]
2025-11-14 10:24:24 | INFO | 成功从表 allocation_pool_1_price_daily 加载数据，形状: (4638, 15)
2025-11-14 10:24:24 | INFO | [Function: load_table completed, elapsed time: 0.06s]
2025-11-14 10:24:24 | INFO | 数据库连接已关闭
2025-11-17 10:00:22 | INFO | 数据库连接成功: macro_data_base
2025-11-17 10:00:22 | INFO | [Function: load_table started...]
2025-11-17 10:00:22 | INFO | 成功从表 macro_high_freq_data_weekly_mom_1 加载数据，形状: (892, 7)
2025-11-17 10:00:22 | INFO | [Function: load_table completed, elapsed time: 0.05s]
2025-11-17 10:00:22 | INFO | 数据库连接已关闭
2025-11-17 10:00:38 | INFO | 数据库连接成功: price_data_base
2025-11-17 10:00:38 | INFO | [Function: load_table started...]
2025-11-17 10:00:38 | INFO | 成功从表 allocation_pool_1_price_daily 加载数据，形状: (4638, 15)
2025-11-17 10:00:38 | INFO | [Function: load_table completed, elapsed time: 0.10s]
2025-11-17 10:00:38 | INFO | 数据库连接已关闭
