2025-11-20 08:54:01,806 - datadeal_20251120 - ERROR - 数据库连接失败: connection to server at "localhost" (::1), port 5432 failed: Connection refused (0x0000274D/10061)
	Is the server running on that host and accepting TCP/IP connections?
connection to server at "localhost" (127.0.0.1), port 5432 failed: Connection refused (0x0000274D/10061)
	Is the server running on that host and accepting TCP/IP connections?

2025-11-20 08:55:51,632 - datadeal_20251120 - ERROR - 数据库连接失败: connection to server at "localhost" (::1), port 5432 failed: Connection refused (0x0000274D/10061)
	Is the server running on that host and accepting TCP/IP connections?
connection to server at "localhost" (127.0.0.1), port 5432 failed: Connection refused (0x0000274D/10061)
	Is the server running on that host and accepting TCP/IP connections?

2025-11-20 08:56:18,759 - datadeal_20251120 - INFO - 数据库连接成功: macro_data_base
2025-11-20 08:56:18,760 - datadeal_20251120 - INFO - 数据库连接已关闭
2025-11-20 08:56:35,117 - datadeal_20251120 - INFO - 数据库连接成功: macro_data_base
2025-11-20 08:56:35,153 - datadeal_20251120 - INFO - 找到 10 个表
2025-11-20 08:56:35,154 - datadeal_20251120 - INFO - 数据库连接已关闭
2025-11-20 08:57:52,266 - datadeal_20251120 - INFO - 数据库连接成功: macro_data_base
2025-11-20 08:57:52,267 - datadeal_20251120 - INFO - 数据库连接已关闭
2025-11-20 08:59:50,294 - datadeal_20251120 - INFO - 数据库连接成功: macro_data_base
2025-11-20 08:59:50,295 - datadeal_20251120 - INFO - [Function: load_table started...]
2025-11-20 08:59:50,354 - datadeal_20251120 - INFO - 按列 'index' 升序排序
2025-11-20 08:59:50,361 - datadeal_20251120 - INFO - 成功从表 lf_macro_data 加载数据，形状: (227, 7)
2025-11-20 08:59:50,361 - datadeal_20251120 - INFO - [Function: load_table completed, elapsed time: 0.07s]
2025-11-20 08:59:50,362 - datadeal_20251120 - INFO - [Function: load_table started...]
2025-11-20 08:59:50,365 - datadeal_20251120 - INFO - 按列 'index' 升序排序
2025-11-20 08:59:50,381 - datadeal_20251120 - INFO - 成功从表 hf_asset_data_w 加载数据，形状: (1013, 14)
2025-11-20 08:59:50,382 - datadeal_20251120 - INFO - [Function: load_table completed, elapsed time: 0.02s]
2025-11-20 08:59:50,383 - datadeal_20251120 - INFO - 数据库连接已关闭
2025-11-20 09:00:20,552 - datadeal_20251120 - INFO - 数据库连接成功: macro_data_base
2025-11-20 09:00:20,553 - datadeal_20251120 - INFO - [Function: load_table started...]
2025-11-20 09:00:20,562 - datadeal_20251120 - INFO - 按列 'index' 升序排序
2025-11-20 09:00:20,564 - datadeal_20251120 - INFO - 成功从表 lf_macro_data 加载数据，形状: (227, 7)
2025-11-20 09:00:20,565 - datadeal_20251120 - INFO - [Function: load_table completed, elapsed time: 0.01s]
2025-11-20 09:00:20,566 - datadeal_20251120 - INFO - [Function: load_table started...]
2025-11-20 09:00:20,570 - datadeal_20251120 - INFO - 按列 'index' 升序排序
2025-11-20 09:00:20,582 - datadeal_20251120 - INFO - 成功从表 hf_asset_data_w 加载数据，形状: (1013, 14)
2025-11-20 09:00:20,583 - datadeal_20251120 - INFO - [Function: load_table completed, elapsed time: 0.02s]
2025-11-20 09:00:20,585 - datadeal_20251120 - INFO - 数据库连接已关闭
2025-11-20 10:33:31,408 - datadeal_20251120 - INFO - 数据库连接成功: macro_data_base
2025-11-20 10:33:31,408 - datadeal_20251120 - INFO - [Function: load_table started...]
2025-11-20 10:33:31,422 - datadeal_20251120 - INFO - 按列 'index' 升序排序
2025-11-20 10:33:31,468 - datadeal_20251120 - INFO - 成功从表 raw_macro_data_m 加载数据，形状: (233, 14)
2025-11-20 10:33:31,469 - datadeal_20251120 - INFO - [Function: load_table completed, elapsed time: 0.06s]
2025-11-20 10:33:41,428 - datadeal_20251120 - INFO - [Function: insert_data started...]
2025-11-20 10:33:41,430 - datadeal_20251120 - INFO - [Function: load_table started...]
2025-11-20 10:33:41,433 - datadeal_20251120 - INFO - 按列 'index' 升序排序
2025-11-20 10:33:41,497 - datadeal_20251120 - INFO - 获取最后 80 行数据（总行数: 227）
2025-11-20 10:33:41,500 - datadeal_20251120 - INFO - 成功从表 lf_macro_data 加载数据，形状: (80, 7)
2025-11-20 10:33:41,500 - datadeal_20251120 - INFO - [Function: load_table completed, elapsed time: 0.07s]
2025-11-20 10:33:41,501 - datadeal_20251120 - INFO - 没有新的索引数据需要插入到表 lf_macro_data
2025-11-20 10:33:41,502 - datadeal_20251120 - INFO - [Function: insert_data completed, elapsed time: 0.07s]
2025-11-20 10:33:41,502 - datadeal_20251120 - INFO - 数据库连接已关闭
2025-11-20 10:33:41,554 - datadeal_20251120 - INFO - 数据库连接成功: macro_data_base
2025-11-20 10:33:41,555 - datadeal_20251120 - INFO - [Function: load_table started...]
2025-11-20 10:33:41,573 - datadeal_20251120 - INFO - 按列 'index' 升序排序
2025-11-20 10:33:41,592 - datadeal_20251120 - INFO - 成功从表 hf_asset_data_w 加载数据，形状: (1013, 14)
2025-11-20 10:33:41,592 - datadeal_20251120 - INFO - [Function: load_table completed, elapsed time: 0.04s]
2025-11-20 10:33:41,612 - datadeal_20251120 - INFO - 数据库连接已关闭
2025-11-20 10:53:34,457 - datadeal_20251120 - INFO - 数据库连接成功: macro_data_base
2025-11-20 10:53:34,457 - datadeal_20251120 - INFO - [Function: load_table started...]
2025-11-20 10:53:34,468 - datadeal_20251120 - INFO - 按列 'index' 升序排序
2025-11-20 10:53:34,472 - datadeal_20251120 - INFO - 成功从表 raw_macro_data_m 加载数据，形状: (233, 14)
2025-11-20 10:53:34,472 - datadeal_20251120 - INFO - [Function: load_table completed, elapsed time: 0.01s]
2025-11-20 10:53:41,527 - datadeal_20251120 - INFO - [Function: insert_data started...]
2025-11-20 10:53:41,528 - datadeal_20251120 - INFO - [Function: load_table started...]
2025-11-20 10:53:41,530 - datadeal_20251120 - INFO - 按列 'index' 升序排序
2025-11-20 10:53:41,531 - datadeal_20251120 - INFO - 获取最后 80 行数据（总行数: 227）
2025-11-20 10:53:41,532 - datadeal_20251120 - INFO - 成功从表 lf_macro_data 加载数据，形状: (80, 7)
2025-11-20 10:53:41,532 - datadeal_20251120 - INFO - [Function: load_table completed, elapsed time: 0.00s]
2025-11-20 10:53:41,532 - datadeal_20251120 - INFO - 没有新的索引数据需要插入到表 lf_macro_data
2025-11-20 10:53:41,532 - datadeal_20251120 - INFO - [Function: insert_data completed, elapsed time: 0.01s]
2025-11-20 10:53:41,533 - datadeal_20251120 - INFO - 数据库连接已关闭
2025-11-20 10:53:41,563 - datadeal_20251120 - INFO - 数据库连接成功: macro_data_base
2025-11-20 10:53:41,563 - datadeal_20251120 - INFO - [Function: load_table started...]
2025-11-20 10:53:41,572 - datadeal_20251120 - INFO - 按列 'index' 升序排序
2025-11-20 10:53:41,583 - datadeal_20251120 - INFO - 成功从表 hf_asset_data_w 加载数据，形状: (1013, 14)
2025-11-20 10:53:41,584 - datadeal_20251120 - INFO - [Function: load_table completed, elapsed time: 0.02s]
2025-11-20 10:53:41,593 - datadeal_20251120 - INFO - 数据库连接已关闭
2025-11-20 10:57:42,480 - datadeal_20251120 - INFO - 数据库连接成功: macro_data_base
2025-11-20 10:57:42,480 - datadeal_20251120 - INFO - 数据库连接已关闭
2025-11-20 10:58:13,415 - datadeal_20251120 - INFO - 数据库连接成功: macro_data_base
2025-11-20 10:58:13,416 - datadeal_20251120 - INFO - [Function: load_table started...]
2025-11-20 10:58:13,433 - datadeal_20251120 - INFO - 按列 'index' 升序排序
2025-11-20 10:58:13,439 - datadeal_20251120 - INFO - 成功从表 raw_macro_data_m 加载数据，形状: (233, 14)
2025-11-20 10:58:13,440 - datadeal_20251120 - INFO - [Function: load_table completed, elapsed time: 0.02s]
2025-11-20 10:58:13,441 - datadeal_20251120 - INFO - 数据库连接已关闭
2025-11-20 10:59:10,479 - datadeal_20251120 - INFO - 数据库连接成功: macro_data_base
2025-11-20 10:59:10,480 - datadeal_20251120 - INFO - [Function: load_table started...]
2025-11-20 10:59:10,496 - datadeal_20251120 - INFO - 按列 'index' 升序排序
2025-11-20 10:59:10,501 - datadeal_20251120 - INFO - 成功从表 raw_macro_data_m 加载数据，形状: (233, 14)
2025-11-20 10:59:10,502 - datadeal_20251120 - INFO - [Function: load_table completed, elapsed time: 0.02s]
2025-11-20 10:59:10,503 - datadeal_20251120 - INFO - 数据库连接已关闭
2025-11-20 15:06:30,257 - datadeal_20251120 - INFO - 数据库连接成功: macro_data_base
2025-11-20 15:06:30,258 - datadeal_20251120 - INFO - [Function: create_table started...]
2025-11-20 15:06:30,259 - datadeal_20251120 - ERROR - [Function: create_table failed after 0.00s, error: EasyManager.create_table() got an unexpected keyword argument 'data']
2025-11-20 15:06:30,259 - datadeal_20251120 - INFO - 数据库连接已关闭
2025-11-20 15:06:51,061 - datadeal_20251120 - INFO - 数据库连接成功: macro_data_base
2025-11-20 15:06:51,061 - datadeal_20251120 - INFO - [Function: create_table started...]
2025-11-20 15:06:51,117 - datadeal_20251120 - INFO - 已删除现有表 lf_macro_data
2025-11-20 15:06:51,134 - datadeal_20251120 - INFO - 表 lf_macro_data 创建成功，包含 7 列
2025-11-20 15:06:51,152 - datadeal_20251120 - INFO - 成功插入 227 行数据到表 lf_macro_data
2025-11-20 15:06:51,153 - datadeal_20251120 - INFO - [Function: create_table completed, elapsed time: 0.09s]
2025-11-20 15:06:51,153 - datadeal_20251120 - INFO - 数据库连接已关闭
2025-11-20 15:07:08,188 - datadeal_20251120 - INFO - 数据库连接成功: macro_data_base
2025-11-20 15:07:08,189 - datadeal_20251120 - INFO - [Function: load_table started...]
2025-11-20 15:07:08,213 - datadeal_20251120 - INFO - 按列 'index' 升序排序
2025-11-20 15:07:08,219 - datadeal_20251120 - INFO - 成功从表 lf_macro_data 加载数据，形状: (227, 7)
2025-11-20 15:07:08,220 - datadeal_20251120 - INFO - [Function: load_table completed, elapsed time: 0.03s]
2025-11-20 15:07:08,221 - datadeal_20251120 - INFO - [Function: load_table started...]
2025-11-20 15:07:08,225 - datadeal_20251120 - INFO - 按列 'index' 升序排序
2025-11-20 15:07:08,240 - datadeal_20251120 - INFO - 成功从表 hf_asset_data_w 加载数据，形状: (1013, 14)
2025-11-20 15:07:08,241 - datadeal_20251120 - INFO - [Function: load_table completed, elapsed time: 0.02s]
2025-11-20 15:07:08,243 - datadeal_20251120 - INFO - 数据库连接已关闭
2025-11-20 15:34:29,326 - datadeal_20251120 - INFO - 数据库连接成功: macro_data_base
2025-11-20 15:34:29,327 - datadeal_20251120 - INFO - [Function: create_table started...]
2025-11-20 15:34:29,334 - datadeal_20251120 - INFO - 已删除现有表 lf_macro_data
2025-11-20 15:34:29,340 - datadeal_20251120 - INFO - 表 lf_macro_data 创建成功，包含 7 列
2025-11-20 15:34:29,351 - datadeal_20251120 - INFO - 成功插入 227 行数据到表 lf_macro_data
2025-11-20 15:34:29,352 - datadeal_20251120 - INFO - [Function: create_table completed, elapsed time: 0.02s]
2025-11-20 15:34:29,352 - datadeal_20251120 - INFO - 数据库连接已关闭
2025-11-20 15:34:33,712 - datadeal_20251120 - INFO - 数据库连接成功: macro_data_base
2025-11-20 15:34:33,713 - datadeal_20251120 - INFO - [Function: load_table started...]
2025-11-20 15:34:33,724 - datadeal_20251120 - INFO - 按列 'index' 升序排序
2025-11-20 15:34:33,728 - datadeal_20251120 - INFO - 成功从表 lf_macro_data 加载数据，形状: (227, 7)
2025-11-20 15:34:33,729 - datadeal_20251120 - INFO - [Function: load_table completed, elapsed time: 0.02s]
2025-11-20 15:34:33,730 - datadeal_20251120 - INFO - [Function: load_table started...]
2025-11-20 15:34:33,734 - datadeal_20251120 - INFO - 按列 'index' 升序排序
2025-11-20 15:34:33,750 - datadeal_20251120 - INFO - 成功从表 hf_asset_data_w 加载数据，形状: (1013, 14)
2025-11-20 15:34:33,751 - datadeal_20251120 - INFO - [Function: load_table completed, elapsed time: 0.02s]
2025-11-20 15:34:33,752 - datadeal_20251120 - INFO - 数据库连接已关闭
2025-11-20 17:09:06,062 - datadeal_20251120 - INFO - 数据库连接成功: macro_data_base
2025-11-20 17:09:06,063 - datadeal_20251120 - INFO - [Function: load_table started...]
2025-11-20 17:09:06,086 - datadeal_20251120 - INFO - 按列 'index' 升序排序
2025-11-20 17:09:06,091 - datadeal_20251120 - INFO - 成功从表 lf_macro_data 加载数据，形状: (227, 7)
2025-11-20 17:09:06,092 - datadeal_20251120 - INFO - [Function: load_table completed, elapsed time: 0.03s]
2025-11-20 17:09:06,094 - datadeal_20251120 - INFO - [Function: load_table started...]
2025-11-20 17:09:06,099 - datadeal_20251120 - INFO - 按列 'index' 升序排序
2025-11-20 17:09:06,115 - datadeal_20251120 - INFO - 成功从表 hf_asset_data_w 加载数据，形状: (1013, 14)
2025-11-20 17:09:06,117 - datadeal_20251120 - INFO - [Function: load_table completed, elapsed time: 0.02s]
2025-11-20 17:09:06,119 - datadeal_20251120 - INFO - 数据库连接已关闭
