2025-12-03 17:17:55,134 - MFH_model_20251203 - INFO - ******************************MFH回测系统************************************************************
2025-12-03 17:17:55,135 - MFH_model_20251203 - INFO - ============================================================
2025-12-03 17:17:55,135 - MFH_model_20251203 - INFO - 开始加载数据库数据，加载日志为-datadeal
2025-12-03 17:17:55,231 - MFH_model_20251203 - INFO - ============================================================
2025-12-03 17:17:55,232 - MFH_model_20251203 - INFO - 数据库读取完成
2025-12-03 17:17:55,232 - MFH_model_20251203 - INFO - ============================================================
2025-12-03 17:17:55,546 - MFH_model_20251203 - INFO - ============================================================
2025-12-03 17:17:55,582 - MFH_model_20251203 - INFO - 策略运行器初始化完成
2025-12-03 17:17:55,583 - MFH_model_20251203 - INFO - ============================================================
2025-12-03 17:17:55,583 - MFH_model_20251203 - INFO - ============================================================
2025-12-03 17:17:55,583 - MFH_model_20251203 - INFO - MFH工作流开始
2025-12-03 17:17:55,583 - MFH_model_20251203 - INFO - ============================================================
2025-12-03 17:17:55,583 - MFH_model_20251203 - INFO - ============================================================
2025-12-03 17:17:55,583 - MFH_model_20251203 - INFO - 计算BENCH_MARK暴露值
2025-12-03 17:17:55,584 - MFH_model_20251203 - INFO - ============================================================
2025-12-03 17:18:03,521 - MFH_model_20251203 - INFO - ============================================================
2025-12-03 17:18:03,521 - MFH_model_20251203 - INFO - 计算宏观高频因子趋势值
2025-12-03 17:18:03,521 - MFH_model_20251203 - INFO - ============================================================
2025-12-03 17:18:03,605 - MFH_model_20251203 - INFO - ============================================================
2025-12-03 17:18:03,606 - MFH_model_20251203 - INFO - 计算MFH最优权重
2025-12-03 17:18:03,606 - MFH_model_20251203 - INFO - ============================================================
2025-12-03 17:18:03,658 - MFH_model_20251203 - INFO - 回测日期:2015-04-01 00:00:00 权重:[0.05714409 0.02588521 0.12873614 0.33397675 0.02203584 0.05991469
 0.06579674 0.05055317 0.00349304 0.25246434]
2025-12-03 17:18:03,685 - MFH_model_20251203 - INFO - 回测日期:2015-05-04 00:00:00 权重:[0.00054656 0.03249122 0.29970949 0.19894005 0.00312162 0.14122434
 0.02726178 0.01446833 0.04911635 0.23312025]
2025-12-03 17:18:03,712 - MFH_model_20251203 - INFO - 回测日期:2015-06-01 00:00:00 权重:[3.44888561e-02 1.93733151e-02 8.35438838e-02 3.56465787e-01
 8.88342244e-11 2.07666394e-11 8.15987654e-11 3.02551459e-02
 4.77342115e-11 4.75873012e-01]
2025-12-03 17:18:03,745 - MFH_model_20251203 - INFO - 回测日期:2015-07-01 00:00:00 权重:[1.17156371e-05 1.91943579e-02 1.96917086e-01 1.90528388e-01
 2.73560215e-02 4.80396028e-02 6.60282072e-02 1.96029529e-02
 9.04070145e-02 3.41914653e-01]
2025-12-03 17:18:03,773 - MFH_model_20251203 - INFO - 回测日期:2015-08-03 00:00:00 权重:[0.06410606 0.01571342 0.31902431 0.19192971 0.004435   0.05833581
 0.0634964  0.0415833  0.00184005 0.23953594]
2025-12-03 17:18:03,800 - MFH_model_20251203 - INFO - 回测日期:2015-09-01 00:00:00 权重:[1.14241061e-05 3.67808051e-02 1.24102118e-01 3.04788915e-01
 3.47940479e-02 9.52835920e-02 4.12441521e-02 4.19174510e-02
 9.69488487e-02 2.24128646e-01]
2025-12-03 17:18:03,836 - MFH_model_20251203 - INFO - 回测日期:2015-10-08 00:00:00 权重:[0.00673724 0.02830021 0.21787311 0.35404059 0.02247733 0.03376856
 0.09180127 0.02239542 0.0262316  0.19637467]
2025-12-03 17:18:03,868 - MFH_model_20251203 - INFO - 回测日期:2015-11-02 00:00:00 权重:[0.01640933 0.02259211 0.14309413 0.32833487 0.01553883 0.02362963
 0.10562048 0.02387424 0.00101412 0.31989225]
2025-12-03 17:18:03,901 - MFH_model_20251203 - INFO - 回测日期:2015-12-01 00:00:00 权重:[0.03206617 0.0051705  0.21266305 0.17723387 0.02415297 0.06616537
 0.07574929 0.02949398 0.09358222 0.28372259]
2025-12-03 17:18:03,933 - MFH_model_20251203 - INFO - 回测日期:2016-01-04 00:00:00 权重:[0.0057705  0.00931344 0.32756632 0.14176415 0.04325478 0.10771949
 0.04254561 0.0346875  0.09869151 0.18868669]
2025-12-03 17:18:03,966 - MFH_model_20251203 - INFO - 回测日期:2016-02-01 00:00:00 权重:[5.78478760e-08 2.71491393e-02 2.10597844e-01 3.79424781e-01
 1.67320807e-02 1.62418601e-02 1.02250957e-02 3.89613328e-02
 1.62370767e-01 1.38297042e-01]
2025-12-03 17:18:03,997 - MFH_model_20251203 - INFO - 回测日期:2016-03-01 00:00:00 权重:[0.00525881 0.03330795 0.11579907 0.33513239 0.03001233 0.09992528
 0.01798898 0.03005286 0.09447155 0.23805078]
2025-12-03 17:18:04,049 - MFH_model_20251203 - INFO - 回测日期:2016-04-01 00:00:00 权重:[0.02081031 0.0249364  0.2492119  0.19625697 0.00505244 0.0030521
 0.10996352 0.03778335 0.01884994 0.33408307]
2025-12-03 17:18:04,096 - MFH_model_20251203 - INFO - 回测日期:2016-05-03 00:00:00 权重:[0.03634197 0.01483986 0.26946448 0.18284002 0.00821488 0.00332661
 0.08742241 0.03313767 0.02599251 0.3384196 ]
2025-12-03 17:18:04,130 - MFH_model_20251203 - INFO - 回测日期:2016-06-01 00:00:00 权重:[0.02029791 0.00824685 0.14466538 0.32806133 0.02450077 0.06557804
 0.06212459 0.00987978 0.09894065 0.23770472]
2025-12-03 17:18:04,157 - MFH_model_20251203 - INFO - 回测日期:2016-07-01 00:00:00 权重:[3.56689987e-02 2.35395892e-04 3.31967771e-01 2.59733901e-01
 1.08822205e-03 5.06809282e-03 8.99243010e-02 2.31679290e-02
 2.70532941e-02 2.26092095e-01]
2025-12-03 17:18:04,187 - MFH_model_20251203 - INFO - 回测日期:2016-08-01 00:00:00 权重:[3.42536002e-04 2.69554538e-02 1.46659581e-01 4.24780115e-01
 4.14689411e-02 8.96253817e-02 3.03929414e-02 1.76149164e-02
 1.12605119e-01 1.09555016e-01]
2025-12-03 17:18:04,214 - MFH_model_20251203 - INFO - 回测日期:2016-09-01 00:00:00 权重:[3.22408873e-02 1.90530784e-03 2.84401845e-01 2.68843540e-01
 5.13395346e-05 1.53429717e-02 3.91632369e-02 3.60065854e-02
 1.69299620e-02 3.05114324e-01]
2025-12-03 17:18:04,240 - MFH_model_20251203 - INFO - 回测日期:2016-10-10 00:00:00 权重:[2.78166299e-02 2.14745106e-02 2.91807615e-01 2.40013206e-01
 7.66577177e-05 7.10661692e-03 3.70972324e-02 2.40305487e-02
 1.18007268e-02 3.38776255e-01]
2025-12-03 17:18:04,270 - MFH_model_20251203 - INFO - 回测日期:2016-11-01 00:00:00 权重:[0.00182733 0.03128847 0.11174355 0.40674278 0.03399744 0.04451686
 0.07845916 0.02204287 0.10187708 0.16750445]
2025-12-03 17:18:04,316 - MFH_model_20251203 - INFO - 回测日期:2016-12-01 00:00:00 权重:[0.00113522 0.0139814  0.10932703 0.38119432 0.02974517 0.05672102
 0.05775378 0.02280191 0.09358832 0.23375182]
2025-12-03 17:18:04,357 - MFH_model_20251203 - INFO - 回测日期:2017-01-03 00:00:00 权重:[0.04014311 0.01485971 0.29957935 0.25374843 0.00471595 0.00200681
 0.03474345 0.02172571 0.03078366 0.29769381]
2025-12-03 17:18:04,398 - MFH_model_20251203 - INFO - 回测日期:2017-02-03 00:00:00 权重:[5.17355881e-02 4.49886883e-05 2.50546424e-01 3.68701561e-01
 6.05956940e-04 4.36508659e-02 4.44081731e-02 1.64315447e-02
 2.90009644e-02 1.94873934e-01]
2025-12-03 17:18:04,429 - MFH_model_20251203 - INFO - 回测日期:2017-03-01 00:00:00 权重:[1.22067550e-06 3.33483481e-02 2.07773205e-01 3.74269320e-01
 2.54923461e-02 1.87334411e-02 3.14156787e-02 2.26598518e-02
 1.40758984e-01 1.45547604e-01]
2025-12-03 17:18:04,461 - MFH_model_20251203 - INFO - 回测日期:2017-04-05 00:00:00 权重:[4.23153468e-06 1.39318270e-02 3.55533771e-01 1.91496638e-01
 2.91613321e-02 2.04351381e-02 4.33834485e-02 2.11006512e-02
 1.22567577e-01 2.02385386e-01]
2025-12-03 17:18:04,498 - MFH_model_20251203 - INFO - 回测日期:2017-05-02 00:00:00 权重:[6.69541179e-05 1.16292765e-02 2.55631915e-01 2.27729528e-01
 2.88373320e-02 1.98519741e-02 3.37012924e-02 2.23962234e-02
 9.69528327e-02 3.03202671e-01]
2025-12-03 17:18:04,524 - MFH_model_20251203 - INFO - 回测日期:2017-06-01 00:00:00 权重:[0.03601595 0.02396771 0.2472916  0.38824178 0.00598514 0.04322162
 0.04753406 0.02746418 0.0268792  0.15339876]
2025-12-03 17:18:04,557 - MFH_model_20251203 - INFO - 回测日期:2017-07-03 00:00:00 权重:[1.76321687e-06 3.70329930e-02 1.99688206e-01 3.89410183e-01
 2.30907936e-02 4.56163642e-02 4.08289852e-02 1.56043211e-02
 1.23048284e-01 1.25678106e-01]
2025-12-03 17:18:04,584 - MFH_model_20251203 - INFO - 回测日期:2017-08-01 00:00:00 权重:[0.05175076 0.01392987 0.12620845 0.43735919 0.00682035 0.03765734
 0.04088647 0.02969382 0.02133092 0.23436282]
2025-12-03 17:18:04,637 - MFH_model_20251203 - INFO - 回测日期:2017-09-01 00:00:00 权重:[5.33740137e-02 1.03966256e-11 3.13247213e-01 2.31159213e-01
 4.22287607e-11 4.55286397e-11 1.83107579e-01 2.42841844e-02
 4.00049408e-11 1.94827797e-01]
2025-12-03 17:18:04,661 - MFH_model_20251203 - INFO - 回测日期:2017-10-09 00:00:00 权重:[1.33790606e-07 2.21330616e-02 1.95315124e-01 3.97687304e-01
 3.11984969e-03 2.02984887e-02 8.00949254e-03 1.68449093e-02
 1.65098998e-01 1.71492638e-01]
2025-12-03 17:18:04,687 - MFH_model_20251203 - INFO - 回测日期:2017-11-01 00:00:00 权重:[3.77064426e-07 2.21855008e-02 1.71330519e-01 4.58096554e-01
 7.60868820e-04 1.94525382e-02 2.97359246e-06 1.57130295e-02
 1.59313375e-01 1.53144264e-01]
2025-12-03 17:18:04,713 - MFH_model_20251203 - INFO - 回测日期:2017-12-01 00:00:00 权重:[1.55689748e-06 1.66987381e-02 2.69901827e-01 3.13519136e-01
 1.64160694e-02 6.00695246e-02 1.32083260e-05 2.14634372e-02
 1.11677750e-01 1.90238753e-01]
2025-12-03 17:18:04,741 - MFH_model_20251203 - INFO - 回测日期:2018-01-02 00:00:00 权重:[0.05502307 0.02313462 0.398516   0.24498972 0.0100232  0.01734616
 0.07497761 0.01921109 0.04209974 0.11467878]
2025-12-03 17:18:04,766 - MFH_model_20251203 - INFO - 回测日期:2018-02-01 00:00:00 权重:[7.40082436e-02 2.35809548e-10 2.44396302e-01 3.62975104e-01
 2.84986334e-10 1.51891722e-09 3.68445702e-02 2.79908015e-02
 6.14715794e-09 2.53784971e-01]
2025-12-03 17:18:04,791 - MFH_model_20251203 - INFO - 回测日期:2018-03-01 00:00:00 权重:[6.22054581e-12 4.27862951e-02 2.80075606e-01 1.68109416e-01
 3.43239036e-11 1.15417535e-11 8.47785987e-11 3.07549812e-02
 2.35356230e-01 2.42917471e-01]
2025-12-03 17:18:04,817 - MFH_model_20251203 - INFO - 回测日期:2018-04-02 00:00:00 权重:[5.23609586e-07 5.32621436e-02 3.70257137e-01 1.77565431e-01
 1.90272076e-03 6.55067734e-02 1.93883223e-02 2.09723126e-03
 7.67062679e-02 2.33313450e-01]
2025-12-03 17:18:04,857 - MFH_model_20251203 - INFO - 回测日期:2018-05-02 00:00:00 权重:[6.61846423e-07 2.88370104e-02 1.64541484e-01 3.86680739e-01
 1.22121645e-02 8.51359919e-02 2.03792071e-04 1.15894737e-02
 7.04875933e-02 2.40311090e-01]
2025-12-03 17:18:04,888 - MFH_model_20251203 - INFO - 回测日期:2018-06-01 00:00:00 权重:[0.02781295 0.0049684  0.23378589 0.1614185  0.0364932  0.05643981
 0.03145217 0.02164195 0.06318489 0.36280225]
2025-12-03 17:18:04,927 - MFH_model_20251203 - INFO - 回测日期:2018-07-02 00:00:00 权重:[2.16566607e-07 2.02445019e-02 3.69500115e-01 1.98136105e-01
 1.10469722e-04 2.57111756e-02 1.11624187e-01 1.41138086e-02
 3.14242118e-02 2.29135208e-01]
2025-12-03 17:18:04,959 - MFH_model_20251203 - INFO - 回测日期:2018-08-01 00:00:00 权重:[7.48895480e-11 1.81370058e-02 2.77006787e-01 3.45784304e-01
 6.04641341e-10 3.68330482e-09 2.87572615e-01 1.77574788e-02
 1.55223515e-09 5.37418035e-02]
2025-12-03 17:18:04,983 - MFH_model_20251203 - INFO - 回测日期:2018-09-03 00:00:00 权重:[8.10336871e-02 2.93067162e-05 9.97853380e-02 4.04855256e-01
 1.70066207e-02 2.60688763e-02 2.66344301e-02 3.57231139e-02
 6.41967621e-02 2.44666609e-01]
2025-12-03 17:18:05,009 - MFH_model_20251203 - INFO - 回测日期:2018-10-08 00:00:00 权重:[0.02280336 0.0127986  0.36262159 0.15585291 0.05952397 0.05640439
 0.04329645 0.00598671 0.0814788  0.19923321]
2025-12-03 17:18:05,038 - MFH_model_20251203 - INFO - 回测日期:2018-11-01 00:00:00 权重:[0.00551241 0.05628884 0.33956855 0.16721267 0.03909742 0.05424139
 0.05507345 0.00653631 0.07798365 0.19848532]
2025-12-03 17:18:05,063 - MFH_model_20251203 - INFO - 回测日期:2018-12-03 00:00:00 权重:[0.0036492  0.04279416 0.2392705  0.40392767 0.04744249 0.00158937
 0.03110991 0.02813999 0.05800637 0.14407035]
2025-12-03 17:18:05,092 - MFH_model_20251203 - INFO - 回测日期:2019-01-02 00:00:00 权重:[7.17972562e-02 2.74684207e-11 3.14810334e-01 1.69478578e-01
 2.82755539e-10 8.17782224e-11 4.11245571e-10 3.49453582e-02
 3.07830528e-02 3.78185419e-01]
2025-12-03 17:18:05,116 - MFH_model_20251203 - INFO - 回测日期:2019-02-01 00:00:00 权重:[0.04871698 0.00684073 0.23756335 0.14714993 0.02657787 0.04710759
 0.04837597 0.02140186 0.10412164 0.31214407]
2025-12-03 17:18:05,143 - MFH_model_20251203 - INFO - 回测日期:2019-03-01 00:00:00 权重:[9.39583538e-06 4.95172398e-02 9.05636164e-02 3.48357721e-01
 4.41334507e-02 6.01759840e-02 6.00853633e-02 1.94904540e-02
 1.03638837e-01 2.24027937e-01]
2025-12-03 17:18:05,174 - MFH_model_20251203 - INFO - 回测日期:2019-04-01 00:00:00 权重:[0.01691868 0.05221995 0.30339399 0.06541752 0.02989349 0.06343635
 0.04610433 0.01873585 0.09470544 0.3091744 ]
2025-12-03 17:18:05,203 - MFH_model_20251203 - INFO - 回测日期:2019-05-06 00:00:00 权重:[0.01692321 0.01309102 0.12716837 0.3718663  0.02652963 0.01979583
 0.09451862 0.01402956 0.08801956 0.22805791]
2025-12-03 17:18:05,231 - MFH_model_20251203 - INFO - 回测日期:2019-06-03 00:00:00 权重:[0.01205385 0.01182072 0.26720852 0.17180104 0.03069971 0.04040341
 0.07410701 0.01424166 0.07251773 0.30514637]
2025-12-03 17:18:05,268 - MFH_model_20251203 - INFO - 回测日期:2019-07-01 00:00:00 权重:[1.04781909e-01 1.11509500e-11 2.30635833e-01 1.84189030e-01
 8.00376038e-11 4.17372587e-11 2.10648443e-10 3.63431445e-02
 1.25783830e-01 3.18266254e-01]
2025-12-03 17:18:05,303 - MFH_model_20251203 - INFO - 回测日期:2019-08-01 00:00:00 权重:[8.81230684e-02 1.64864990e-09 1.63507557e-01 2.77555553e-01
 1.13503582e-08 2.14538150e-07 2.64179034e-02 3.09871509e-02
 1.90006309e-01 2.23402231e-01]
2025-12-03 17:18:05,346 - MFH_model_20251203 - INFO - 回测日期:2019-09-02 00:00:00 权重:[5.99326908e-12 4.78438586e-02 6.70361667e-02 4.10338249e-01
 4.96059190e-11 7.54230453e-12 3.38912190e-11 3.38283372e-02
 1.60578492e-01 2.80374896e-01]
2025-12-03 17:18:05,376 - MFH_model_20251203 - INFO - 回测日期:2019-10-08 00:00:00 权重:[0.02110014 0.03921163 0.13752608 0.48657927 0.03629341 0.03811183
 0.06444263 0.02504816 0.05720374 0.09448312]
2025-12-03 17:18:05,416 - MFH_model_20251203 - INFO - 回测日期:2019-11-01 00:00:00 权重:[1.83962802e-02 4.74408804e-07 1.45292932e-01 5.28232140e-01
 2.16737926e-02 2.98758571e-02 5.12082033e-02 1.86107334e-02
 5.24451931e-02 1.34264394e-01]
2025-12-03 17:18:05,449 - MFH_model_20251203 - INFO - 回测日期:2019-12-02 00:00:00 权重:[4.54903375e-06 4.76840291e-02 4.30813493e-01 2.41013875e-01
 1.41507348e-02 1.00310034e-02 4.12855762e-02 9.80286951e-03
 9.86440789e-02 1.06569792e-01]
2025-12-03 17:18:05,474 - MFH_model_20251203 - INFO - 回测日期:2020-01-02 00:00:00 权重:[1.05679958e-01 2.47639333e-02 4.29530509e-01 1.40890053e-09
 1.94129965e-08 1.53059758e-07 1.89664653e-07 2.12736563e-02
 1.15106773e-01 3.03644807e-01]
2025-12-03 17:18:05,505 - MFH_model_20251203 - INFO - 回测日期:2020-02-03 00:00:00 权重:[3.79045608e-08 8.04033879e-02 5.85560370e-07 5.74020837e-01
 7.12280782e-07 4.21780761e-03 7.54352629e-02 3.68815680e-02
 2.17623184e-01 1.14166170e-02]
2025-12-03 17:18:05,534 - MFH_model_20251203 - INFO - 回测日期:2020-03-02 00:00:00 权重:[0.00955987 0.03735991 0.39751457 0.11152911 0.03078049 0.03058921
 0.06078566 0.01141286 0.05219357 0.25827475]
2025-12-03 17:18:05,561 - MFH_model_20251203 - INFO - 回测日期:2020-04-01 00:00:00 权重:[2.30263285e-02 8.88031954e-12 4.96272453e-01 9.08157688e-02
 8.11319802e-11 2.76768790e-02 2.26298677e-01 8.87247295e-13
 7.89422633e-10 1.35909892e-01]
2025-12-03 17:18:05,597 - MFH_model_20251203 - INFO - 回测日期:2020-05-06 00:00:00 权重:[0.00163037 0.04892332 0.10358018 0.57577188 0.02490679 0.03411919
 0.04593897 0.02053809 0.02706612 0.11752508]
2025-12-03 17:18:05,624 - MFH_model_20251203 - INFO - 回测日期:2020-06-01 00:00:00 权重:[6.56021824e-10 4.37908715e-10 2.11233229e-09 2.19133897e-01
 2.20374983e-01 1.51101338e-03 7.25315921e-10 1.87872173e-02
 1.64006840e-01 3.76186044e-01]
2025-12-03 17:18:05,655 - MFH_model_20251203 - INFO - 回测日期:2020-07-01 00:00:00 权重:[2.87067578e-02 1.54960123e-08 3.53106881e-01 1.15155921e-01
 8.02352503e-08 2.57080791e-02 1.96805647e-01 1.49456255e-02
 5.34668831e-02 2.12104110e-01]
2025-12-03 17:18:05,687 - MFH_model_20251203 - INFO - 回测日期:2020-08-03 00:00:00 权重:[7.34787403e-07 4.67670286e-02 1.63400304e-01 5.79291681e-01
 5.96277713e-02 1.39997277e-02 2.92270120e-04 1.08460540e-02
 5.42609031e-02 7.15135251e-02]
2025-12-03 17:18:05,732 - MFH_model_20251203 - INFO - 回测日期:2020-09-01 00:00:00 权重:[1.70695917e-02 7.59447969e-08 3.53584886e-01 3.01955855e-02
 3.34675468e-06 4.76163140e-02 1.01461320e-01 1.92663094e-03
 7.28181471e-02 3.75324101e-01]
2025-12-03 17:18:05,766 - MFH_model_20251203 - INFO - 回测日期:2020-10-09 00:00:00 权重:[1.61550450e-02 1.36976311e-07 1.95405371e-01 8.23085972e-02
 4.27755276e-07 4.65634714e-02 1.50593364e-01 4.07910293e-04
 7.68514182e-02 4.31714259e-01]
2025-12-03 17:18:05,794 - MFH_model_20251203 - INFO - 回测日期:2020-11-02 00:00:00 权重:[9.29553567e-03 1.04207304e-07 3.18726831e-01 8.03459489e-02
 4.56587609e-07 4.78983757e-02 1.01035430e-01 4.08949774e-04
 7.80269025e-02 3.64261466e-01]
2025-12-03 17:18:05,823 - MFH_model_20251203 - INFO - 回测日期:2020-12-01 00:00:00 权重:[0.01684246 0.05150887 0.45817261 0.17994389 0.00702337 0.01406818
 0.07960552 0.01955979 0.02421571 0.14905959]
2025-12-03 17:18:05,852 - MFH_model_20251203 - INFO - 回测日期:2021-01-04 00:00:00 权重:[3.53121455e-02 3.59942408e-08 4.31016385e-01 2.00049782e-01
 1.10662882e-06 3.30444050e-02 1.53856036e-01 1.40217583e-02
 1.58171368e-04 1.32540174e-01]
2025-12-03 17:18:05,884 - MFH_model_20251203 - INFO - 回测日期:2021-02-01 00:00:00 权重:[5.32030826e-03 1.97176910e-09 6.46307611e-09 5.28666872e-01
 4.48202880e-02 9.82727277e-02 9.35204047e-08 2.69321869e-11
 7.85735467e-02 2.44346156e-01]
2025-12-03 17:18:05,929 - MFH_model_20251203 - INFO - 回测日期:2021-03-01 00:00:00 权重:[1.23205811e-09 6.48718987e-02 5.71353103e-02 6.76742779e-01
 4.76819477e-10 4.61736211e-11 2.34026774e-09 7.39218864e-03
 2.67983674e-10 1.93857819e-01]
2025-12-03 17:18:05,966 - MFH_model_20251203 - INFO - 回测日期:2021-04-01 00:00:00 权重:[4.71990999e-07 4.00523353e-02 4.13429439e-01 3.96708762e-02
 3.89601155e-02 3.93829961e-02 1.35504212e-02 1.76928110e-03
 4.33930854e-02 3.69790978e-01]
2025-12-03 17:18:05,997 - MFH_model_20251203 - INFO - 回测日期:2021-05-06 00:00:00 权重:[2.47339434e-02 1.91066752e-06 2.06081664e-01 5.88936428e-01
 1.05050549e-02 1.89684952e-02 4.05133331e-02 2.16310654e-02
 2.63311522e-02 6.22969525e-02]
2025-12-03 17:18:06,025 - MFH_model_20251203 - INFO - 回测日期:2021-06-01 00:00:00 权重:[3.91232277e-02 8.21672665e-06 9.81569369e-02 6.80952437e-01
 1.43414943e-03 2.55881266e-02 7.16750766e-02 3.38536511e-03
 2.29279626e-02 5.67485013e-02]
2025-12-03 17:18:06,056 - MFH_model_20251203 - INFO - 回测日期:2021-07-01 00:00:00 权重:[2.10283843e-05 4.33023315e-02 4.13958545e-01 7.36027537e-03
 4.09304567e-02 3.73297098e-02 2.53501430e-05 2.42450033e-03
 4.93645500e-02 4.05283253e-01]
2025-12-03 17:18:06,090 - MFH_model_20251203 - INFO - 回测日期:2021-08-02 00:00:00 权重:[3.89010981e-04 7.75111984e-02 5.27822457e-01 7.58730939e-02
 2.41071107e-02 2.75783000e-02 5.80209384e-02 1.54288121e-02
 1.13793058e-04 1.93155285e-01]
2025-12-03 17:18:06,116 - MFH_model_20251203 - INFO - 回测日期:2021-09-01 00:00:00 权重:[7.04449584e-10 7.59078415e-03 2.12222646e-01 4.95800072e-02
 1.38163540e-01 2.35645045e-10 1.40496240e-01 4.83004754e-10
 3.49844332e-10 4.51946780e-01]
2025-12-03 17:18:06,146 - MFH_model_20251203 - INFO - 回测日期:2021-10-08 00:00:00 权重:[3.95371992e-02 2.52975916e-07 1.42799605e-01 2.39233805e-01
 7.19004197e-07 3.79161565e-02 4.61502774e-02 1.78950038e-02
 1.24376553e-01 3.52090428e-01]
2025-12-03 17:18:06,177 - MFH_model_20251203 - INFO - 回测日期:2021-11-01 00:00:00 权重:[4.57638821e-11 5.92802596e-11 1.71444736e-01 6.97538676e-01
 3.16969651e-10 9.62931387e-12 7.67907243e-02 1.81009253e-02
 4.41301146e-11 3.61249387e-02]
2025-12-03 17:18:06,205 - MFH_model_20251203 - INFO - 回测日期:2021-12-01 00:00:00 权重:[9.54097668e-02 3.63455001e-09 3.53292166e-01 1.59066537e-01
 1.37990589e-01 4.21787575e-04 4.83190535e-10 3.63870976e-12
 4.29805904e-10 2.53819149e-01]
2025-12-03 17:18:06,231 - MFH_model_20251203 - INFO - 回测日期:2022-01-04 00:00:00 权重:[2.16595045e-02 2.34216278e-06 3.52800947e-01 1.91075484e-01
 2.93032610e-05 3.38500733e-02 3.08899234e-02 2.34907079e-02
 9.65787534e-02 2.49622961e-01]
2025-12-03 17:18:06,258 - MFH_model_20251203 - INFO - 回测日期:2022-02-07 00:00:00 权重:[2.51036888e-10 2.61751565e-10 9.96614633e-02 6.69625090e-01
 7.23513614e-09 3.23381009e-10 1.59747827e-09 2.54696376e-02
 8.67047143e-02 1.18539086e-01]
2025-12-03 17:18:06,287 - MFH_model_20251203 - INFO - 回测日期:2022-03-01 00:00:00 权重:[1.21478942e-02 8.39566696e-02 2.52782030e-02 8.12198401e-01
 1.09777416e-08 2.06469516e-02 1.54803161e-08 3.68829702e-11
 7.35291801e-09 4.57718465e-02]
2025-12-03 17:18:06,318 - MFH_model_20251203 - INFO - 回测日期:2022-04-01 00:00:00 权重:[1.34563202e-07 2.22827387e-08 4.43082156e-02 3.29013704e-01
 9.53286682e-07 1.20100924e-02 1.62727274e-01 1.24789522e-02
 1.32355694e-01 3.07104958e-01]
2025-12-03 17:18:06,346 - MFH_model_20251203 - INFO - 回测日期:2022-05-05 00:00:00 权重:[4.55010845e-10 2.68610476e-10 3.00598104e-01 8.65279295e-09
 1.30739950e-01 5.52836396e-10 2.75179030e-02 1.52553427e-02
 5.76119417e-02 4.68276749e-01]
2025-12-03 17:18:06,374 - MFH_model_20251203 - INFO - 回测日期:2022-06-01 00:00:00 权重:[7.06668050e-11 3.90716089e-02 1.92679171e-01 5.97087923e-01
 2.05964204e-02 3.80029953e-11 1.34601775e-10 1.01771670e-02
 8.47626458e-11 1.40387709e-01]
2025-12-03 17:18:06,400 - MFH_model_20251203 - INFO - 回测日期:2022-07-01 00:00:00 权重:[4.40634994e-02 3.61112119e-10 8.22930740e-02 7.44211693e-01
 3.55906949e-10 1.14596721e-09 2.93521030e-02 8.35876181e-03
 5.43827899e-10 9.17208668e-02]
2025-12-03 17:18:06,438 - MFH_model_20251203 - INFO - 回测日期:2022-08-01 00:00:00 权重:[6.38847773e-07 6.60367598e-02 5.33480688e-01 7.88019692e-02
 5.07948255e-02 2.57771445e-02 9.34710756e-03 2.24006822e-02
 2.69570333e-02 1.86403151e-01]
2025-12-03 17:18:06,465 - MFH_model_20251203 - INFO - 回测日期:2022-09-01 00:00:00 权重:[5.79451690e-02 2.49116946e-10 2.47031507e-01 3.04690808e-01
 4.26927386e-11 2.26586001e-09 8.92918078e-02 2.67086447e-11
 1.13190044e-01 1.87850662e-01]
2025-12-03 17:18:06,489 - MFH_model_20251203 - INFO - 回测日期:2022-10-10 00:00:00 权重:[ 1.91386872e-12  1.92561110e-11  7.29732142e-02  3.89317294e-01
  6.21724353e-02 -5.34652977e-11  1.21044030e-01  5.66291123e-03
  1.00061683e-10  3.48830115e-01]
2025-12-03 17:18:06,521 - MFH_model_20251203 - INFO - 回测日期:2022-11-01 00:00:00 权重:[3.03858447e-03 8.36434263e-02 2.92575704e-01 3.73678479e-01
 1.36958981e-06 3.16553826e-02 9.81998607e-03 2.06094552e-02
 1.68471013e-02 1.68130511e-01]
2025-12-03 17:18:06,547 - MFH_model_20251203 - INFO - 回测日期:2022-12-01 00:00:00 权重:[8.78612924e-02 2.75518204e-10 3.43230555e-01 3.42700238e-01
 3.49987448e-10 4.55772432e-02 3.35243433e-02 8.12591178e-11
 1.15280550e-08 1.47106316e-01]
2025-12-03 17:18:06,572 - MFH_model_20251203 - INFO - 回测日期:2023-01-03 00:00:00 权重:[3.49152668e-02 5.20313096e-11 5.11785212e-01 3.23444899e-01
 8.79337232e-11 6.93144539e-02 1.97678065e-02 4.60546266e-11
 1.87786621e-09 4.07723599e-02]
2025-12-03 17:18:06,597 - MFH_model_20251203 - INFO - 回测日期:2023-02-01 00:00:00 权重:[8.20278126e-07 3.59316201e-02 3.41244491e-01 1.21342557e-01
 1.27662569e-01 3.18620023e-02 3.02040261e-03 6.59620258e-03
 8.00106273e-02 2.52328708e-01]
2025-12-03 17:18:06,628 - MFH_model_20251203 - INFO - 回测日期:2023-03-01 00:00:00 权重:[2.97209855e-10 5.39311316e-02 3.28412938e-01 3.71821606e-01
 5.36998385e-02 7.01071871e-11 2.70666249e-10 2.41170095e-02
 2.23532693e-10 1.68017476e-01]
2025-12-03 17:18:06,658 - MFH_model_20251203 - INFO - 回测日期:2023-04-03 00:00:00 权重:[3.53860834e-06 2.74772246e-06 3.61848599e-01 2.14538764e-01
 1.67888358e-02 3.19847595e-02 9.07988868e-02 9.85605146e-03
 1.06856351e-01 1.67321466e-01]
2025-12-03 17:18:06,684 - MFH_model_20251203 - INFO - 回测日期:2023-05-04 00:00:00 权重:[6.66522528e-07 4.93585789e-02 4.20180084e-01 7.92255652e-02
 7.35569625e-02 1.06959460e-03 6.71019880e-04 6.62527098e-03
 7.27012886e-02 2.96610969e-01]
2025-12-03 17:18:06,711 - MFH_model_20251203 - INFO - 回测日期:2023-06-01 00:00:00 权重:[1.29090852e-02 4.09838755e-08 1.61711359e-01 3.89406565e-01
 5.65149608e-09 4.68887120e-02 5.44874133e-02 3.11304801e-03
 3.04244336e-02 3.01059337e-01]
2025-12-03 17:18:06,738 - MFH_model_20251203 - INFO - 回测日期:2023-07-03 00:00:00 权重:[8.35444688e-06 1.24671759e-07 2.94786525e-01 2.76026344e-01
 2.40318983e-02 4.61838186e-02 6.42261456e-02 1.14276602e-02
 1.00677737e-01 1.82631391e-01]
2025-12-03 17:18:06,766 - MFH_model_20251203 - INFO - 回测日期:2023-08-01 00:00:00 权重:[2.65904989e-02 3.59864476e-06 2.77866645e-01 5.09357525e-01
 1.26545003e-02 2.98204628e-02 7.45447285e-02 1.60338576e-02
 4.14829028e-02 1.16452805e-02]
2025-12-03 17:18:06,794 - MFH_model_20251203 - INFO - 回测日期:2023-09-01 00:00:00 权重:[4.76860681e-06 3.83401914e-02 1.79753016e-01 2.60534995e-01
 1.02359988e-01 3.16718743e-05 3.44644295e-04 2.06446276e-02
 7.26933853e-02 3.25292712e-01]
2025-12-03 17:18:06,820 - MFH_model_20251203 - INFO - 回测日期:2023-10-09 00:00:00 权重:[2.64300781e-02 7.83954572e-02 3.35973881e-01 4.69984513e-01
 4.67530807e-10 4.45799727e-11 1.43949035e-10 1.19577964e-02
 8.85020394e-11 7.72582732e-02]
2025-12-03 17:18:06,846 - MFH_model_20251203 - INFO - 回测日期:2023-11-01 00:00:00 权重:[5.71460881e-02 2.63534803e-07 3.36398348e-01 4.65913751e-01
 6.20496849e-07 4.40263989e-02 4.09330588e-02 9.08791206e-03
 3.64213371e-02 1.00722224e-02]
2025-12-03 17:18:06,874 - MFH_model_20251203 - INFO - 回测日期:2023-12-01 00:00:00 权重:[5.72636700e-06 5.96507629e-06 8.21860425e-02 3.89032650e-01
 7.08021368e-02 4.45409789e-02 1.10735820e-01 3.36454408e-03
 7.25319859e-02 2.26794150e-01]
2025-12-03 17:18:06,903 - MFH_model_20251203 - INFO - 回测日期:2024-01-02 00:00:00 权重:[1.10363406e-02 1.09713674e-05 3.83614868e-01 1.61411605e-01
 2.39639458e-02 2.26982932e-02 5.92582601e-02 1.14658834e-02
 6.90494420e-02 2.57490391e-01]
2025-12-03 17:18:06,927 - MFH_model_20251203 - INFO - 回测日期:2024-02-01 00:00:00 权重:[4.78852041e-02 4.97690640e-06 1.32197693e-01 6.01919490e-01
 3.65905070e-05 4.20740852e-03 3.73946836e-02 2.50056537e-02
 4.89908371e-02 1.02357463e-01]
2025-12-03 17:18:06,954 - MFH_model_20251203 - INFO - 回测日期:2024-03-01 00:00:00 权重:[1.00700892e-01 3.87328053e-02 3.76747522e-01 2.02969708e-01
 1.73275145e-07 3.30600388e-07 2.63880211e-07 6.36263347e-03
 3.67515207e-03 2.70810519e-01]
2025-12-03 17:18:06,982 - MFH_model_20251203 - INFO - 回测日期:2024-04-01 00:00:00 权重:[ 7.85616340e-02  3.22504214e-02  3.99848709e-01  2.58024317e-01
  3.46159309e-09  7.69547298e-11  2.23114305e-10 -2.90365189e-11
  6.91436479e-03  2.24400550e-01]
2025-12-03 17:18:07,010 - MFH_model_20251203 - INFO - 回测日期:2024-05-06 00:00:00 权重:[ 7.85616499e-02  3.22504425e-02  3.99848885e-01  2.58024354e-01
  3.69896658e-09  8.10424797e-11  2.37150628e-10 -3.13411822e-11
  6.91418186e-03  2.24400483e-01]
2025-12-03 17:18:07,027 - MFH_model_20251203 - INFO - 回测日期:2024-06-03 00:00:00 权重:[ 7.85616112e-02  3.22504621e-02  3.99848799e-01  2.58024345e-01
  3.77920703e-09  8.22942585e-11  2.41190631e-10 -3.19494470e-11
  6.91428222e-03  2.24400497e-01]
2025-12-03 17:18:07,255 - MFH_model_20251203 - INFO - 计算完成
2025-12-03 17:18:07,255 - MFH_model_20251203 - INFO - ============================================================
2025-12-03 17:18:07,256 - MFH_model_20251203 - INFO - ============================================================
2025-12-03 17:18:07,256 - MFH_model_20251203 - INFO - 开始评价回测结果
2025-12-03 17:18:07,256 - MFH_model_20251203 - INFO - ============================================================
2025-12-03 17:18:30,565 - MFH_model_20251203 - INFO - ******************************MFH回测系统************************************************************
2025-12-03 17:18:30,565 - MFH_model_20251203 - INFO - ============================================================
2025-12-03 17:18:30,565 - MFH_model_20251203 - INFO - 开始加载数据库数据，加载日志为-datadeal
2025-12-03 17:18:30,669 - MFH_model_20251203 - INFO - ============================================================
2025-12-03 17:18:30,670 - MFH_model_20251203 - INFO - 数据库读取完成
2025-12-03 17:18:30,670 - MFH_model_20251203 - INFO - ============================================================
2025-12-03 17:18:31,051 - MFH_model_20251203 - INFO - ============================================================
2025-12-03 17:18:31,051 - MFH_model_20251203 - INFO - 策略运行器初始化完成
2025-12-03 17:18:31,052 - MFH_model_20251203 - INFO - ============================================================
2025-12-03 17:18:31,052 - MFH_model_20251203 - INFO - ============================================================
2025-12-03 17:18:31,052 - MFH_model_20251203 - INFO - MFH工作流开始
2025-12-03 17:18:31,052 - MFH_model_20251203 - INFO - ============================================================
2025-12-03 17:18:31,053 - MFH_model_20251203 - INFO - ============================================================
2025-12-03 17:18:31,053 - MFH_model_20251203 - INFO - 计算BENCH_MARK暴露值
2025-12-03 17:18:31,053 - MFH_model_20251203 - INFO - ============================================================
2025-12-03 17:18:40,118 - MFH_model_20251203 - INFO - ============================================================
2025-12-03 17:18:40,119 - MFH_model_20251203 - INFO - 计算宏观高频因子趋势值
2025-12-03 17:18:40,119 - MFH_model_20251203 - INFO - ============================================================
2025-12-03 17:18:40,214 - MFH_model_20251203 - INFO - ============================================================
2025-12-03 17:18:40,214 - MFH_model_20251203 - INFO - 计算MFH最优权重
2025-12-03 17:18:40,214 - MFH_model_20251203 - INFO - ============================================================
2025-12-03 17:18:40,268 - MFH_model_20251203 - INFO - 回测日期:2015-04-01 00:00:00 权重:[0.05714409 0.02588521 0.12873614 0.33397675 0.02203584 0.05991469
 0.06579674 0.05055317 0.00349304 0.25246434]
2025-12-03 17:18:40,298 - MFH_model_20251203 - INFO - 回测日期:2015-05-04 00:00:00 权重:[0.00054656 0.03249122 0.29970949 0.19894005 0.00312162 0.14122434
 0.02726178 0.01446833 0.04911635 0.23312025]
2025-12-03 17:18:40,327 - MFH_model_20251203 - INFO - 回测日期:2015-06-01 00:00:00 权重:[3.44888561e-02 1.93733151e-02 8.35438838e-02 3.56465787e-01
 8.88342244e-11 2.07666394e-11 8.15987654e-11 3.02551459e-02
 4.77342115e-11 4.75873012e-01]
2025-12-03 17:18:40,362 - MFH_model_20251203 - INFO - 回测日期:2015-07-01 00:00:00 权重:[1.17156371e-05 1.91943579e-02 1.96917086e-01 1.90528388e-01
 2.73560215e-02 4.80396028e-02 6.60282072e-02 1.96029529e-02
 9.04070145e-02 3.41914653e-01]
2025-12-03 17:18:40,397 - MFH_model_20251203 - INFO - 回测日期:2015-08-03 00:00:00 权重:[0.06410606 0.01571342 0.31902431 0.19192971 0.004435   0.05833581
 0.0634964  0.0415833  0.00184005 0.23953594]
2025-12-03 17:18:40,426 - MFH_model_20251203 - INFO - 回测日期:2015-09-01 00:00:00 权重:[1.14241061e-05 3.67808051e-02 1.24102118e-01 3.04788915e-01
 3.47940479e-02 9.52835920e-02 4.12441521e-02 4.19174510e-02
 9.69488487e-02 2.24128646e-01]
2025-12-03 17:18:40,479 - MFH_model_20251203 - INFO - 回测日期:2015-10-08 00:00:00 权重:[0.00673724 0.02830021 0.21787311 0.35404059 0.02247733 0.03376856
 0.09180127 0.02239542 0.0262316  0.19637467]
2025-12-03 17:18:40,511 - MFH_model_20251203 - INFO - 回测日期:2015-11-02 00:00:00 权重:[0.01640933 0.02259211 0.14309413 0.32833487 0.01553883 0.02362963
 0.10562048 0.02387424 0.00101412 0.31989225]
2025-12-03 17:18:40,543 - MFH_model_20251203 - INFO - 回测日期:2015-12-01 00:00:00 权重:[0.03206617 0.0051705  0.21266305 0.17723387 0.02415297 0.06616537
 0.07574929 0.02949398 0.09358222 0.28372259]
2025-12-03 17:18:40,572 - MFH_model_20251203 - INFO - 回测日期:2016-01-04 00:00:00 权重:[0.0057705  0.00931344 0.32756632 0.14176415 0.04325478 0.10771949
 0.04254561 0.0346875  0.09869151 0.18868669]
2025-12-03 17:18:40,601 - MFH_model_20251203 - INFO - 回测日期:2016-02-01 00:00:00 权重:[5.78478760e-08 2.71491393e-02 2.10597844e-01 3.79424781e-01
 1.67320807e-02 1.62418601e-02 1.02250957e-02 3.89613328e-02
 1.62370767e-01 1.38297042e-01]
2025-12-03 17:18:40,632 - MFH_model_20251203 - INFO - 回测日期:2016-03-01 00:00:00 权重:[0.00525881 0.03330795 0.11579907 0.33513239 0.03001233 0.09992528
 0.01798898 0.03005286 0.09447155 0.23805078]
2025-12-03 17:18:40,660 - MFH_model_20251203 - INFO - 回测日期:2016-04-01 00:00:00 权重:[0.02081031 0.0249364  0.2492119  0.19625697 0.00505244 0.0030521
 0.10996352 0.03778335 0.01884994 0.33408307]
2025-12-03 17:18:40,691 - MFH_model_20251203 - INFO - 回测日期:2016-05-03 00:00:00 权重:[0.03634197 0.01483986 0.26946448 0.18284002 0.00821488 0.00332661
 0.08742241 0.03313767 0.02599251 0.3384196 ]
2025-12-03 17:18:40,721 - MFH_model_20251203 - INFO - 回测日期:2016-06-01 00:00:00 权重:[0.02029791 0.00824685 0.14466538 0.32806133 0.02450077 0.06557804
 0.06212459 0.00987978 0.09894065 0.23770472]
2025-12-03 17:18:40,754 - MFH_model_20251203 - INFO - 回测日期:2016-07-01 00:00:00 权重:[3.56689987e-02 2.35395892e-04 3.31967771e-01 2.59733901e-01
 1.08822205e-03 5.06809282e-03 8.99243010e-02 2.31679290e-02
 2.70532941e-02 2.26092095e-01]
2025-12-03 17:18:40,785 - MFH_model_20251203 - INFO - 回测日期:2016-08-01 00:00:00 权重:[3.42536002e-04 2.69554538e-02 1.46659581e-01 4.24780115e-01
 4.14689411e-02 8.96253817e-02 3.03929414e-02 1.76149164e-02
 1.12605119e-01 1.09555016e-01]
2025-12-03 17:18:40,818 - MFH_model_20251203 - INFO - 回测日期:2016-09-01 00:00:00 权重:[3.22408873e-02 1.90530784e-03 2.84401845e-01 2.68843540e-01
 5.13395346e-05 1.53429717e-02 3.91632369e-02 3.60065854e-02
 1.69299620e-02 3.05114324e-01]
2025-12-03 17:18:40,880 - MFH_model_20251203 - INFO - 回测日期:2016-10-10 00:00:00 权重:[2.78166299e-02 2.14745106e-02 2.91807615e-01 2.40013206e-01
 7.66577177e-05 7.10661692e-03 3.70972324e-02 2.40305487e-02
 1.18007268e-02 3.38776255e-01]
2025-12-03 17:18:40,924 - MFH_model_20251203 - INFO - 回测日期:2016-11-01 00:00:00 权重:[0.00182733 0.03128847 0.11174355 0.40674278 0.03399744 0.04451686
 0.07845916 0.02204287 0.10187708 0.16750445]
2025-12-03 17:18:40,961 - MFH_model_20251203 - INFO - 回测日期:2016-12-01 00:00:00 权重:[0.00113522 0.0139814  0.10932703 0.38119432 0.02974517 0.05672102
 0.05775378 0.02280191 0.09358832 0.23375182]
2025-12-03 17:18:40,995 - MFH_model_20251203 - INFO - 回测日期:2017-01-03 00:00:00 权重:[0.04014311 0.01485971 0.29957935 0.25374843 0.00471595 0.00200681
 0.03474345 0.02172571 0.03078366 0.29769381]
2025-12-03 17:18:41,040 - MFH_model_20251203 - INFO - 回测日期:2017-02-03 00:00:00 权重:[5.17355881e-02 4.49886883e-05 2.50546424e-01 3.68701561e-01
 6.05956940e-04 4.36508659e-02 4.44081731e-02 1.64315447e-02
 2.90009644e-02 1.94873934e-01]
2025-12-03 17:18:41,079 - MFH_model_20251203 - INFO - 回测日期:2017-03-01 00:00:00 权重:[1.22067550e-06 3.33483481e-02 2.07773205e-01 3.74269320e-01
 2.54923461e-02 1.87334411e-02 3.14156787e-02 2.26598518e-02
 1.40758984e-01 1.45547604e-01]
2025-12-03 17:18:41,115 - MFH_model_20251203 - INFO - 回测日期:2017-04-05 00:00:00 权重:[4.23153468e-06 1.39318270e-02 3.55533771e-01 1.91496638e-01
 2.91613321e-02 2.04351381e-02 4.33834485e-02 2.11006512e-02
 1.22567577e-01 2.02385386e-01]
2025-12-03 17:18:41,158 - MFH_model_20251203 - INFO - 回测日期:2017-05-02 00:00:00 权重:[6.69541179e-05 1.16292765e-02 2.55631915e-01 2.27729528e-01
 2.88373320e-02 1.98519741e-02 3.37012924e-02 2.23962234e-02
 9.69528327e-02 3.03202671e-01]
2025-12-03 17:18:41,205 - MFH_model_20251203 - INFO - 回测日期:2017-06-01 00:00:00 权重:[0.03601595 0.02396771 0.2472916  0.38824178 0.00598514 0.04322162
 0.04753406 0.02746418 0.0268792  0.15339876]
2025-12-03 17:18:41,239 - MFH_model_20251203 - INFO - 回测日期:2017-07-03 00:00:00 权重:[1.76321687e-06 3.70329930e-02 1.99688206e-01 3.89410183e-01
 2.30907936e-02 4.56163642e-02 4.08289852e-02 1.56043211e-02
 1.23048284e-01 1.25678106e-01]
2025-12-03 17:18:41,274 - MFH_model_20251203 - INFO - 回测日期:2017-08-01 00:00:00 权重:[0.05175076 0.01392987 0.12620845 0.43735919 0.00682035 0.03765734
 0.04088647 0.02969382 0.02133092 0.23436282]
2025-12-03 17:18:41,309 - MFH_model_20251203 - INFO - 回测日期:2017-09-01 00:00:00 权重:[5.33740137e-02 1.03966256e-11 3.13247213e-01 2.31159213e-01
 4.22287607e-11 4.55286397e-11 1.83107579e-01 2.42841844e-02
 4.00049408e-11 1.94827797e-01]
2025-12-03 17:18:41,336 - MFH_model_20251203 - INFO - 回测日期:2017-10-09 00:00:00 权重:[1.33790606e-07 2.21330616e-02 1.95315124e-01 3.97687304e-01
 3.11984969e-03 2.02984887e-02 8.00949254e-03 1.68449093e-02
 1.65098998e-01 1.71492638e-01]
2025-12-03 17:18:41,368 - MFH_model_20251203 - INFO - 回测日期:2017-11-01 00:00:00 权重:[3.77064426e-07 2.21855008e-02 1.71330519e-01 4.58096554e-01
 7.60868820e-04 1.94525382e-02 2.97359246e-06 1.57130295e-02
 1.59313375e-01 1.53144264e-01]
2025-12-03 17:18:41,398 - MFH_model_20251203 - INFO - 回测日期:2017-12-01 00:00:00 权重:[1.55689748e-06 1.66987381e-02 2.69901827e-01 3.13519136e-01
 1.64160694e-02 6.00695246e-02 1.32083260e-05 2.14634372e-02
 1.11677750e-01 1.90238753e-01]
2025-12-03 17:18:41,429 - MFH_model_20251203 - INFO - 回测日期:2018-01-02 00:00:00 权重:[0.05502307 0.02313462 0.398516   0.24498972 0.0100232  0.01734616
 0.07497761 0.01921109 0.04209974 0.11467878]
2025-12-03 17:18:41,455 - MFH_model_20251203 - INFO - 回测日期:2018-02-01 00:00:00 权重:[7.40082436e-02 2.35809548e-10 2.44396302e-01 3.62975104e-01
 2.84986334e-10 1.51891722e-09 3.68445702e-02 2.79908015e-02
 6.14715794e-09 2.53784971e-01]
2025-12-03 17:18:41,495 - MFH_model_20251203 - INFO - 回测日期:2018-03-01 00:00:00 权重:[6.22054581e-12 4.27862951e-02 2.80075606e-01 1.68109416e-01
 3.43239036e-11 1.15417535e-11 8.47785987e-11 3.07549812e-02
 2.35356230e-01 2.42917471e-01]
2025-12-03 17:18:41,525 - MFH_model_20251203 - INFO - 回测日期:2018-04-02 00:00:00 权重:[5.23609586e-07 5.32621436e-02 3.70257137e-01 1.77565431e-01
 1.90272076e-03 6.55067734e-02 1.93883223e-02 2.09723126e-03
 7.67062679e-02 2.33313450e-01]
2025-12-03 17:18:41,563 - MFH_model_20251203 - INFO - 回测日期:2018-05-02 00:00:00 权重:[6.61846423e-07 2.88370104e-02 1.64541484e-01 3.86680739e-01
 1.22121645e-02 8.51359919e-02 2.03792071e-04 1.15894737e-02
 7.04875933e-02 2.40311090e-01]
2025-12-03 17:18:41,605 - MFH_model_20251203 - INFO - 回测日期:2018-06-01 00:00:00 权重:[0.02781295 0.0049684  0.23378589 0.1614185  0.0364932  0.05643981
 0.03145217 0.02164195 0.06318489 0.36280225]
2025-12-03 17:18:41,650 - MFH_model_20251203 - INFO - 回测日期:2018-07-02 00:00:00 权重:[2.16566607e-07 2.02445019e-02 3.69500115e-01 1.98136105e-01
 1.10469722e-04 2.57111756e-02 1.11624187e-01 1.41138086e-02
 3.14242118e-02 2.29135208e-01]
2025-12-03 17:18:41,694 - MFH_model_20251203 - INFO - 回测日期:2018-08-01 00:00:00 权重:[7.48895480e-11 1.81370058e-02 2.77006787e-01 3.45784304e-01
 6.04641341e-10 3.68330482e-09 2.87572615e-01 1.77574788e-02
 1.55223515e-09 5.37418035e-02]
2025-12-03 17:18:41,729 - MFH_model_20251203 - INFO - 回测日期:2018-09-03 00:00:00 权重:[8.10336871e-02 2.93067162e-05 9.97853380e-02 4.04855256e-01
 1.70066207e-02 2.60688763e-02 2.66344301e-02 3.57231139e-02
 6.41967621e-02 2.44666609e-01]
2025-12-03 17:18:41,762 - MFH_model_20251203 - INFO - 回测日期:2018-10-08 00:00:00 权重:[0.02280336 0.0127986  0.36262159 0.15585291 0.05952397 0.05640439
 0.04329645 0.00598671 0.0814788  0.19923321]
2025-12-03 17:18:41,798 - MFH_model_20251203 - INFO - 回测日期:2018-11-01 00:00:00 权重:[0.00551241 0.05628884 0.33956855 0.16721267 0.03909742 0.05424139
 0.05507345 0.00653631 0.07798365 0.19848532]
2025-12-03 17:18:41,835 - MFH_model_20251203 - INFO - 回测日期:2018-12-03 00:00:00 权重:[0.0036492  0.04279416 0.2392705  0.40392767 0.04744249 0.00158937
 0.03110991 0.02813999 0.05800637 0.14407035]
2025-12-03 17:18:41,867 - MFH_model_20251203 - INFO - 回测日期:2019-01-02 00:00:00 权重:[7.17972562e-02 2.74684207e-11 3.14810334e-01 1.69478578e-01
 2.82755539e-10 8.17782224e-11 4.11245571e-10 3.49453582e-02
 3.07830528e-02 3.78185419e-01]
2025-12-03 17:18:41,896 - MFH_model_20251203 - INFO - 回测日期:2019-02-01 00:00:00 权重:[0.04871698 0.00684073 0.23756335 0.14714993 0.02657787 0.04710759
 0.04837597 0.02140186 0.10412164 0.31214407]
2025-12-03 17:18:41,926 - MFH_model_20251203 - INFO - 回测日期:2019-03-01 00:00:00 权重:[9.39583538e-06 4.95172398e-02 9.05636164e-02 3.48357721e-01
 4.41334507e-02 6.01759840e-02 6.00853633e-02 1.94904540e-02
 1.03638837e-01 2.24027937e-01]
2025-12-03 17:18:41,956 - MFH_model_20251203 - INFO - 回测日期:2019-04-01 00:00:00 权重:[0.01691868 0.05221995 0.30339399 0.06541752 0.02989349 0.06343635
 0.04610433 0.01873585 0.09470544 0.3091744 ]
2025-12-03 17:18:41,983 - MFH_model_20251203 - INFO - 回测日期:2019-05-06 00:00:00 权重:[0.01692321 0.01309102 0.12716837 0.3718663  0.02652963 0.01979583
 0.09451862 0.01402956 0.08801956 0.22805791]
2025-12-03 17:18:42,012 - MFH_model_20251203 - INFO - 回测日期:2019-06-03 00:00:00 权重:[0.01205385 0.01182072 0.26720852 0.17180104 0.03069971 0.04040341
 0.07410701 0.01424166 0.07251773 0.30514637]
2025-12-03 17:18:42,042 - MFH_model_20251203 - INFO - 回测日期:2019-07-01 00:00:00 权重:[1.04781909e-01 1.11509500e-11 2.30635833e-01 1.84189030e-01
 8.00376038e-11 4.17372587e-11 2.10648443e-10 3.63431445e-02
 1.25783830e-01 3.18266254e-01]
2025-12-03 17:18:42,071 - MFH_model_20251203 - INFO - 回测日期:2019-08-01 00:00:00 权重:[8.81230684e-02 1.64864990e-09 1.63507557e-01 2.77555553e-01
 1.13503582e-08 2.14538150e-07 2.64179034e-02 3.09871509e-02
 1.90006309e-01 2.23402231e-01]
2025-12-03 17:18:42,100 - MFH_model_20251203 - INFO - 回测日期:2019-09-02 00:00:00 权重:[5.99326908e-12 4.78438586e-02 6.70361667e-02 4.10338249e-01
 4.96059190e-11 7.54230453e-12 3.38912190e-11 3.38283372e-02
 1.60578492e-01 2.80374896e-01]
2025-12-03 17:18:42,128 - MFH_model_20251203 - INFO - 回测日期:2019-10-08 00:00:00 权重:[0.02110014 0.03921163 0.13752608 0.48657927 0.03629341 0.03811183
 0.06444263 0.02504816 0.05720374 0.09448312]
2025-12-03 17:18:42,155 - MFH_model_20251203 - INFO - 回测日期:2019-11-01 00:00:00 权重:[1.83962802e-02 4.74408804e-07 1.45292932e-01 5.28232140e-01
 2.16737926e-02 2.98758571e-02 5.12082033e-02 1.86107334e-02
 5.24451931e-02 1.34264394e-01]
2025-12-03 17:18:42,183 - MFH_model_20251203 - INFO - 回测日期:2019-12-02 00:00:00 权重:[4.54903375e-06 4.76840291e-02 4.30813493e-01 2.41013875e-01
 1.41507348e-02 1.00310034e-02 4.12855762e-02 9.80286951e-03
 9.86440789e-02 1.06569792e-01]
2025-12-03 17:18:42,207 - MFH_model_20251203 - INFO - 回测日期:2020-01-02 00:00:00 权重:[1.05679958e-01 2.47639333e-02 4.29530509e-01 1.40890053e-09
 1.94129965e-08 1.53059758e-07 1.89664653e-07 2.12736563e-02
 1.15106773e-01 3.03644807e-01]
2025-12-03 17:18:42,235 - MFH_model_20251203 - INFO - 回测日期:2020-02-03 00:00:00 权重:[3.79045608e-08 8.04033879e-02 5.85560370e-07 5.74020837e-01
 7.12280782e-07 4.21780761e-03 7.54352629e-02 3.68815680e-02
 2.17623184e-01 1.14166170e-02]
2025-12-03 17:18:42,264 - MFH_model_20251203 - INFO - 回测日期:2020-03-02 00:00:00 权重:[0.00955987 0.03735991 0.39751457 0.11152911 0.03078049 0.03058921
 0.06078566 0.01141286 0.05219357 0.25827475]
2025-12-03 17:18:42,291 - MFH_model_20251203 - INFO - 回测日期:2020-04-01 00:00:00 权重:[2.30263285e-02 8.88031954e-12 4.96272453e-01 9.08157688e-02
 8.11319802e-11 2.76768790e-02 2.26298677e-01 8.87247295e-13
 7.89422633e-10 1.35909892e-01]
2025-12-03 17:18:42,316 - MFH_model_20251203 - INFO - 回测日期:2020-05-06 00:00:00 权重:[0.00163037 0.04892332 0.10358018 0.57577188 0.02490679 0.03411919
 0.04593897 0.02053809 0.02706612 0.11752508]
2025-12-03 17:18:42,345 - MFH_model_20251203 - INFO - 回测日期:2020-06-01 00:00:00 权重:[6.56021824e-10 4.37908715e-10 2.11233229e-09 2.19133897e-01
 2.20374983e-01 1.51101338e-03 7.25315921e-10 1.87872173e-02
 1.64006840e-01 3.76186044e-01]
2025-12-03 17:18:42,374 - MFH_model_20251203 - INFO - 回测日期:2020-07-01 00:00:00 权重:[2.87067578e-02 1.54960123e-08 3.53106881e-01 1.15155921e-01
 8.02352503e-08 2.57080791e-02 1.96805647e-01 1.49456255e-02
 5.34668831e-02 2.12104110e-01]
2025-12-03 17:18:42,400 - MFH_model_20251203 - INFO - 回测日期:2020-08-03 00:00:00 权重:[7.34787403e-07 4.67670286e-02 1.63400304e-01 5.79291681e-01
 5.96277713e-02 1.39997277e-02 2.92270120e-04 1.08460540e-02
 5.42609031e-02 7.15135251e-02]
2025-12-03 17:18:42,429 - MFH_model_20251203 - INFO - 回测日期:2020-09-01 00:00:00 权重:[1.70695917e-02 7.59447969e-08 3.53584886e-01 3.01955855e-02
 3.34675468e-06 4.76163140e-02 1.01461320e-01 1.92663094e-03
 7.28181471e-02 3.75324101e-01]
2025-12-03 17:18:42,454 - MFH_model_20251203 - INFO - 回测日期:2020-10-09 00:00:00 权重:[1.61550450e-02 1.36976311e-07 1.95405371e-01 8.23085972e-02
 4.27755276e-07 4.65634714e-02 1.50593364e-01 4.07910293e-04
 7.68514182e-02 4.31714259e-01]
2025-12-03 17:18:42,481 - MFH_model_20251203 - INFO - 回测日期:2020-11-02 00:00:00 权重:[9.29553567e-03 1.04207304e-07 3.18726831e-01 8.03459489e-02
 4.56587609e-07 4.78983757e-02 1.01035430e-01 4.08949774e-04
 7.80269025e-02 3.64261466e-01]
2025-12-03 17:18:42,509 - MFH_model_20251203 - INFO - 回测日期:2020-12-01 00:00:00 权重:[0.01684246 0.05150887 0.45817261 0.17994389 0.00702337 0.01406818
 0.07960552 0.01955979 0.02421571 0.14905959]
2025-12-03 17:18:42,536 - MFH_model_20251203 - INFO - 回测日期:2021-01-04 00:00:00 权重:[3.53121455e-02 3.59942408e-08 4.31016385e-01 2.00049782e-01
 1.10662882e-06 3.30444050e-02 1.53856036e-01 1.40217583e-02
 1.58171368e-04 1.32540174e-01]
2025-12-03 17:18:42,560 - MFH_model_20251203 - INFO - 回测日期:2021-02-01 00:00:00 权重:[5.32030826e-03 1.97176910e-09 6.46307611e-09 5.28666872e-01
 4.48202880e-02 9.82727277e-02 9.35204047e-08 2.69321869e-11
 7.85735467e-02 2.44346156e-01]
2025-12-03 17:18:42,590 - MFH_model_20251203 - INFO - 回测日期:2021-03-01 00:00:00 权重:[1.23205811e-09 6.48718987e-02 5.71353103e-02 6.76742779e-01
 4.76819477e-10 4.61736211e-11 2.34026774e-09 7.39218864e-03
 2.67983674e-10 1.93857819e-01]
2025-12-03 17:18:42,618 - MFH_model_20251203 - INFO - 回测日期:2021-04-01 00:00:00 权重:[4.71990999e-07 4.00523353e-02 4.13429439e-01 3.96708762e-02
 3.89601155e-02 3.93829961e-02 1.35504212e-02 1.76928110e-03
 4.33930854e-02 3.69790978e-01]
2025-12-03 17:18:42,645 - MFH_model_20251203 - INFO - 回测日期:2021-05-06 00:00:00 权重:[2.47339434e-02 1.91066752e-06 2.06081664e-01 5.88936428e-01
 1.05050549e-02 1.89684952e-02 4.05133331e-02 2.16310654e-02
 2.63311522e-02 6.22969525e-02]
2025-12-03 17:18:42,673 - MFH_model_20251203 - INFO - 回测日期:2021-06-01 00:00:00 权重:[3.91232277e-02 8.21672665e-06 9.81569369e-02 6.80952437e-01
 1.43414943e-03 2.55881266e-02 7.16750766e-02 3.38536511e-03
 2.29279626e-02 5.67485013e-02]
2025-12-03 17:18:42,703 - MFH_model_20251203 - INFO - 回测日期:2021-07-01 00:00:00 权重:[2.10283843e-05 4.33023315e-02 4.13958545e-01 7.36027537e-03
 4.09304567e-02 3.73297098e-02 2.53501430e-05 2.42450033e-03
 4.93645500e-02 4.05283253e-01]
2025-12-03 17:18:42,733 - MFH_model_20251203 - INFO - 回测日期:2021-08-02 00:00:00 权重:[3.89010981e-04 7.75111984e-02 5.27822457e-01 7.58730939e-02
 2.41071107e-02 2.75783000e-02 5.80209384e-02 1.54288121e-02
 1.13793058e-04 1.93155285e-01]
2025-12-03 17:18:42,761 - MFH_model_20251203 - INFO - 回测日期:2021-09-01 00:00:00 权重:[7.04449584e-10 7.59078415e-03 2.12222646e-01 4.95800072e-02
 1.38163540e-01 2.35645045e-10 1.40496240e-01 4.83004754e-10
 3.49844332e-10 4.51946780e-01]
2025-12-03 17:18:42,786 - MFH_model_20251203 - INFO - 回测日期:2021-10-08 00:00:00 权重:[3.95371992e-02 2.52975916e-07 1.42799605e-01 2.39233805e-01
 7.19004197e-07 3.79161565e-02 4.61502774e-02 1.78950038e-02
 1.24376553e-01 3.52090428e-01]
2025-12-03 17:18:42,813 - MFH_model_20251203 - INFO - 回测日期:2021-11-01 00:00:00 权重:[4.57638821e-11 5.92802596e-11 1.71444736e-01 6.97538676e-01
 3.16969651e-10 9.62931387e-12 7.67907243e-02 1.81009253e-02
 4.41301146e-11 3.61249387e-02]
2025-12-03 17:18:42,856 - MFH_model_20251203 - INFO - 回测日期:2021-12-01 00:00:00 权重:[9.54097668e-02 3.63455001e-09 3.53292166e-01 1.59066537e-01
 1.37990589e-01 4.21787575e-04 4.83190535e-10 3.63870976e-12
 4.29805904e-10 2.53819149e-01]
2025-12-03 17:18:42,883 - MFH_model_20251203 - INFO - 回测日期:2022-01-04 00:00:00 权重:[2.16595045e-02 2.34216278e-06 3.52800947e-01 1.91075484e-01
 2.93032610e-05 3.38500733e-02 3.08899234e-02 2.34907079e-02
 9.65787534e-02 2.49622961e-01]
2025-12-03 17:18:42,907 - MFH_model_20251203 - INFO - 回测日期:2022-02-07 00:00:00 权重:[2.51036888e-10 2.61751565e-10 9.96614633e-02 6.69625090e-01
 7.23513614e-09 3.23381009e-10 1.59747827e-09 2.54696376e-02
 8.67047143e-02 1.18539086e-01]
2025-12-03 17:18:42,935 - MFH_model_20251203 - INFO - 回测日期:2022-03-01 00:00:00 权重:[1.21478942e-02 8.39566696e-02 2.52782030e-02 8.12198401e-01
 1.09777416e-08 2.06469516e-02 1.54803161e-08 3.68829702e-11
 7.35291801e-09 4.57718465e-02]
2025-12-03 17:18:42,963 - MFH_model_20251203 - INFO - 回测日期:2022-04-01 00:00:00 权重:[1.34563202e-07 2.22827387e-08 4.43082156e-02 3.29013704e-01
 9.53286682e-07 1.20100924e-02 1.62727274e-01 1.24789522e-02
 1.32355694e-01 3.07104958e-01]
2025-12-03 17:18:42,989 - MFH_model_20251203 - INFO - 回测日期:2022-05-05 00:00:00 权重:[4.55010845e-10 2.68610476e-10 3.00598104e-01 8.65279295e-09
 1.30739950e-01 5.52836396e-10 2.75179030e-02 1.52553427e-02
 5.76119417e-02 4.68276749e-01]
2025-12-03 17:18:43,016 - MFH_model_20251203 - INFO - 回测日期:2022-06-01 00:00:00 权重:[7.06668050e-11 3.90716089e-02 1.92679171e-01 5.97087923e-01
 2.05964204e-02 3.80029953e-11 1.34601775e-10 1.01771670e-02
 8.47626458e-11 1.40387709e-01]
2025-12-03 17:18:43,043 - MFH_model_20251203 - INFO - 回测日期:2022-07-01 00:00:00 权重:[4.40634994e-02 3.61112119e-10 8.22930740e-02 7.44211693e-01
 3.55906949e-10 1.14596721e-09 2.93521030e-02 8.35876181e-03
 5.43827899e-10 9.17208668e-02]
2025-12-03 17:18:43,072 - MFH_model_20251203 - INFO - 回测日期:2022-08-01 00:00:00 权重:[6.38847773e-07 6.60367598e-02 5.33480688e-01 7.88019692e-02
 5.07948255e-02 2.57771445e-02 9.34710756e-03 2.24006822e-02
 2.69570333e-02 1.86403151e-01]
2025-12-03 17:18:43,098 - MFH_model_20251203 - INFO - 回测日期:2022-09-01 00:00:00 权重:[5.79451690e-02 2.49116946e-10 2.47031507e-01 3.04690808e-01
 4.26927386e-11 2.26586001e-09 8.92918078e-02 2.67086447e-11
 1.13190044e-01 1.87850662e-01]
2025-12-03 17:18:43,123 - MFH_model_20251203 - INFO - 回测日期:2022-10-10 00:00:00 权重:[ 1.91386872e-12  1.92561110e-11  7.29732142e-02  3.89317294e-01
  6.21724353e-02 -5.34652977e-11  1.21044030e-01  5.66291123e-03
  1.00061683e-10  3.48830115e-01]
2025-12-03 17:18:43,153 - MFH_model_20251203 - INFO - 回测日期:2022-11-01 00:00:00 权重:[3.03858447e-03 8.36434263e-02 2.92575704e-01 3.73678479e-01
 1.36958981e-06 3.16553826e-02 9.81998607e-03 2.06094552e-02
 1.68471013e-02 1.68130511e-01]
2025-12-03 17:18:43,197 - MFH_model_20251203 - INFO - 回测日期:2022-12-01 00:00:00 权重:[8.78612924e-02 2.75518204e-10 3.43230555e-01 3.42700238e-01
 3.49987448e-10 4.55772432e-02 3.35243433e-02 8.12591178e-11
 1.15280550e-08 1.47106316e-01]
2025-12-03 17:18:43,221 - MFH_model_20251203 - INFO - 回测日期:2023-01-03 00:00:00 权重:[3.49152668e-02 5.20313096e-11 5.11785212e-01 3.23444899e-01
 8.79337232e-11 6.93144539e-02 1.97678065e-02 4.60546266e-11
 1.87786621e-09 4.07723599e-02]
2025-12-03 17:18:43,247 - MFH_model_20251203 - INFO - 回测日期:2023-02-01 00:00:00 权重:[8.20278126e-07 3.59316201e-02 3.41244491e-01 1.21342557e-01
 1.27662569e-01 3.18620023e-02 3.02040261e-03 6.59620258e-03
 8.00106273e-02 2.52328708e-01]
2025-12-03 17:18:43,275 - MFH_model_20251203 - INFO - 回测日期:2023-03-01 00:00:00 权重:[2.97209855e-10 5.39311316e-02 3.28412938e-01 3.71821606e-01
 5.36998385e-02 7.01071871e-11 2.70666249e-10 2.41170095e-02
 2.23532693e-10 1.68017476e-01]
2025-12-03 17:18:43,302 - MFH_model_20251203 - INFO - 回测日期:2023-04-03 00:00:00 权重:[3.53860834e-06 2.74772246e-06 3.61848599e-01 2.14538764e-01
 1.67888358e-02 3.19847595e-02 9.07988868e-02 9.85605146e-03
 1.06856351e-01 1.67321466e-01]
2025-12-03 17:18:43,329 - MFH_model_20251203 - INFO - 回测日期:2023-05-04 00:00:00 权重:[6.66522528e-07 4.93585789e-02 4.20180084e-01 7.92255652e-02
 7.35569625e-02 1.06959460e-03 6.71019880e-04 6.62527098e-03
 7.27012886e-02 2.96610969e-01]
2025-12-03 17:18:43,356 - MFH_model_20251203 - INFO - 回测日期:2023-06-01 00:00:00 权重:[1.29090852e-02 4.09838755e-08 1.61711359e-01 3.89406565e-01
 5.65149608e-09 4.68887120e-02 5.44874133e-02 3.11304801e-03
 3.04244336e-02 3.01059337e-01]
2025-12-03 17:18:43,384 - MFH_model_20251203 - INFO - 回测日期:2023-07-03 00:00:00 权重:[8.35444688e-06 1.24671759e-07 2.94786525e-01 2.76026344e-01
 2.40318983e-02 4.61838186e-02 6.42261456e-02 1.14276602e-02
 1.00677737e-01 1.82631391e-01]
2025-12-03 17:18:43,412 - MFH_model_20251203 - INFO - 回测日期:2023-08-01 00:00:00 权重:[2.65904989e-02 3.59864476e-06 2.77866645e-01 5.09357525e-01
 1.26545003e-02 2.98204628e-02 7.45447285e-02 1.60338576e-02
 4.14829028e-02 1.16452805e-02]
2025-12-03 17:18:43,439 - MFH_model_20251203 - INFO - 回测日期:2023-09-01 00:00:00 权重:[4.76860681e-06 3.83401914e-02 1.79753016e-01 2.60534995e-01
 1.02359988e-01 3.16718743e-05 3.44644295e-04 2.06446276e-02
 7.26933853e-02 3.25292712e-01]
2025-12-03 17:18:43,464 - MFH_model_20251203 - INFO - 回测日期:2023-10-09 00:00:00 权重:[2.64300781e-02 7.83954572e-02 3.35973881e-01 4.69984513e-01
 4.67530807e-10 4.45799727e-11 1.43949035e-10 1.19577964e-02
 8.85020394e-11 7.72582732e-02]
2025-12-03 17:18:43,492 - MFH_model_20251203 - INFO - 回测日期:2023-11-01 00:00:00 权重:[5.71460881e-02 2.63534803e-07 3.36398348e-01 4.65913751e-01
 6.20496849e-07 4.40263989e-02 4.09330588e-02 9.08791206e-03
 3.64213371e-02 1.00722224e-02]
2025-12-03 17:18:43,519 - MFH_model_20251203 - INFO - 回测日期:2023-12-01 00:00:00 权重:[5.72636700e-06 5.96507629e-06 8.21860425e-02 3.89032650e-01
 7.08021368e-02 4.45409789e-02 1.10735820e-01 3.36454408e-03
 7.25319859e-02 2.26794150e-01]
2025-12-03 17:18:43,548 - MFH_model_20251203 - INFO - 回测日期:2024-01-02 00:00:00 权重:[1.10363406e-02 1.09713674e-05 3.83614868e-01 1.61411605e-01
 2.39639458e-02 2.26982932e-02 5.92582601e-02 1.14658834e-02
 6.90494420e-02 2.57490391e-01]
2025-12-03 17:18:43,572 - MFH_model_20251203 - INFO - 回测日期:2024-02-01 00:00:00 权重:[4.78852041e-02 4.97690640e-06 1.32197693e-01 6.01919490e-01
 3.65905070e-05 4.20740852e-03 3.73946836e-02 2.50056537e-02
 4.89908371e-02 1.02357463e-01]
2025-12-03 17:18:43,602 - MFH_model_20251203 - INFO - 回测日期:2024-03-01 00:00:00 权重:[1.00700892e-01 3.87328053e-02 3.76747522e-01 2.02969708e-01
 1.73275145e-07 3.30600388e-07 2.63880211e-07 6.36263347e-03
 3.67515207e-03 2.70810519e-01]
2025-12-03 17:18:43,632 - MFH_model_20251203 - INFO - 回测日期:2024-04-01 00:00:00 权重:[ 7.85616340e-02  3.22504214e-02  3.99848709e-01  2.58024317e-01
  3.46159309e-09  7.69547298e-11  2.23114305e-10 -2.90365189e-11
  6.91436479e-03  2.24400550e-01]
2025-12-03 17:18:43,659 - MFH_model_20251203 - INFO - 回测日期:2024-05-06 00:00:00 权重:[ 7.85616499e-02  3.22504425e-02  3.99848885e-01  2.58024354e-01
  3.69896658e-09  8.10424797e-11  2.37150628e-10 -3.13411822e-11
  6.91418186e-03  2.24400483e-01]
2025-12-03 17:18:43,673 - MFH_model_20251203 - INFO - 回测日期:2024-06-03 00:00:00 权重:[ 7.85616112e-02  3.22504621e-02  3.99848799e-01  2.58024345e-01
  3.77920703e-09  8.22942585e-11  2.41190631e-10 -3.19494470e-11
  6.91428222e-03  2.24400497e-01]
2025-12-03 17:18:43,914 - MFH_model_20251203 - INFO - 计算完成
2025-12-03 17:18:43,915 - MFH_model_20251203 - INFO - ============================================================
2025-12-03 17:18:43,915 - MFH_model_20251203 - INFO - ============================================================
2025-12-03 17:18:43,915 - MFH_model_20251203 - INFO - 开始评价回测结果
2025-12-03 17:18:43,916 - MFH_model_20251203 - INFO - ============================================================
2025-12-03 17:18:43,916 - MFH_model_20251203 - INFO - ============================================================
2025-12-03 17:18:43,916 - MFH_model_20251203 - INFO - 获取MFH最优权重回测结果摘要
2025-12-03 17:18:43,916 - MFH_model_20251203 - INFO - ============================================================
2025-12-03 17:18:43,929 - MFH_model_20251203 - INFO - 模型总体评价:
              0         1
策略名称         基准       MFH
最终净值   1.600638  1.816516
累计收益率  0.600638  0.816516
年化收益率  0.054571  0.069749
年化波动率   0.02348  0.027089
最大回撤  -0.038858 -0.035552
2025-12-03 17:19:04,154 - MFH_model_20251203 - INFO - ============================================================
2025-12-03 17:19:04,350 - MFH_model_20251203 - INFO - 模型分年度评价:
     年度     区间收益率     年化波动率      最大回撤  年初到最低点回撤      夏普比率  Calmar比率  预计95%VaR  预计95%投资规模(万元)  年内最大亏损额(万元)
0  2015  0.055926  0.044221 -0.035552  0.000000  1.264696  1.573058       NaN            inf          NaN
1  2016  0.116322  0.031821 -0.020906 -0.010033  3.655500  5.564130       NaN            inf          NaN
2  2017  0.004308  0.018179 -0.021582 -0.020193  0.236982  0.199617       NaN            inf          NaN
3  2018  0.059818  0.022630 -0.012366 -0.004955  2.643284  4.837328       NaN            inf          NaN
4  2019  0.100913  0.027160 -0.012465  0.000000  3.715458  8.095942 -0.028567       0.017503     0.000000
5  2020  0.046676  0.034319 -0.029466 -0.006527  1.360065  1.584074 -0.027172       0.018401    -0.000120
6  2021  0.073245  0.021212 -0.008822 -0.000711  3.452988  8.302564 -0.025076       0.019940    -0.000014
7  2022  0.074207  0.026105 -0.016571  0.000000  2.842599  4.477989 -0.023841       0.020973     0.000000
8  2023  0.060477  0.015415 -0.010789 -0.000868  3.923208  5.605185 -0.022444       0.022278    -0.000019
9  2024  0.027697  0.014346 -0.004831 -0.000469  1.930620  5.733711 -0.020701       0.024154    -0.000011
2025-12-03 17:21:34,055 - MFH_model_20251203 - INFO - ******************************MFH回测系统************************************************************
2025-12-03 17:21:34,055 - MFH_model_20251203 - INFO - ============================================================
2025-12-03 17:21:34,056 - MFH_model_20251203 - INFO - 开始加载数据库数据，加载日志为-datadeal
2025-12-03 17:21:34,148 - MFH_model_20251203 - INFO - ============================================================
2025-12-03 17:21:34,148 - MFH_model_20251203 - INFO - 数据库读取完成
2025-12-03 17:21:34,149 - MFH_model_20251203 - INFO - ============================================================
2025-12-03 17:21:34,469 - MFH_model_20251203 - INFO - ============================================================
2025-12-03 17:21:34,469 - MFH_model_20251203 - INFO - 策略运行器初始化完成
2025-12-03 17:21:34,469 - MFH_model_20251203 - INFO - ============================================================
2025-12-03 17:21:34,470 - MFH_model_20251203 - INFO - ============================================================
2025-12-03 17:21:34,470 - MFH_model_20251203 - INFO - MFH工作流开始
2025-12-03 17:21:34,470 - MFH_model_20251203 - INFO - ============================================================
2025-12-03 17:21:34,470 - MFH_model_20251203 - INFO - ============================================================
2025-12-03 17:21:34,471 - MFH_model_20251203 - INFO - 计算BENCH_MARK暴露值
2025-12-03 17:21:34,471 - MFH_model_20251203 - INFO - ============================================================
2025-12-03 17:21:41,325 - MFH_model_20251203 - INFO - ============================================================
2025-12-03 17:21:41,325 - MFH_model_20251203 - INFO - 计算宏观高频因子趋势值
2025-12-03 17:21:41,325 - MFH_model_20251203 - INFO - ============================================================
2025-12-03 17:21:41,411 - MFH_model_20251203 - INFO - ============================================================
2025-12-03 17:21:41,411 - MFH_model_20251203 - INFO - 计算MFH最优权重
2025-12-03 17:21:41,411 - MFH_model_20251203 - INFO - ============================================================
2025-12-03 17:21:41,468 - MFH_model_20251203 - INFO - 回测日期:2015-04-01 00:00:00 权重:[0.05714409 0.02588521 0.12873614 0.33397675 0.02203584 0.05991469
 0.06579674 0.05055317 0.00349304 0.25246434]
2025-12-03 17:21:41,501 - MFH_model_20251203 - INFO - 回测日期:2015-05-04 00:00:00 权重:[0.00054656 0.03249122 0.29970949 0.19894005 0.00312162 0.14122434
 0.02726178 0.01446833 0.04911635 0.23312025]
2025-12-03 17:21:41,533 - MFH_model_20251203 - INFO - 回测日期:2015-06-01 00:00:00 权重:[3.44888561e-02 1.93733151e-02 8.35438838e-02 3.56465787e-01
 8.88342244e-11 2.07666394e-11 8.15987654e-11 3.02551459e-02
 4.77342115e-11 4.75873012e-01]
2025-12-03 17:21:41,561 - MFH_model_20251203 - INFO - 回测日期:2015-07-01 00:00:00 权重:[1.17156371e-05 1.91943579e-02 1.96917086e-01 1.90528388e-01
 2.73560215e-02 4.80396028e-02 6.60282072e-02 1.96029529e-02
 9.04070145e-02 3.41914653e-01]
2025-12-03 17:21:41,589 - MFH_model_20251203 - INFO - 回测日期:2015-08-03 00:00:00 权重:[0.06410606 0.01571342 0.31902431 0.19192971 0.004435   0.05833581
 0.0634964  0.0415833  0.00184005 0.23953594]
2025-12-03 17:21:41,615 - MFH_model_20251203 - INFO - 回测日期:2015-09-01 00:00:00 权重:[1.14241061e-05 3.67808051e-02 1.24102118e-01 3.04788915e-01
 3.47940479e-02 9.52835920e-02 4.12441521e-02 4.19174510e-02
 9.69488487e-02 2.24128646e-01]
2025-12-03 17:21:41,639 - MFH_model_20251203 - INFO - 回测日期:2015-10-08 00:00:00 权重:[0.00673724 0.02830021 0.21787311 0.35404059 0.02247733 0.03376856
 0.09180127 0.02239542 0.0262316  0.19637467]
2025-12-03 17:21:41,664 - MFH_model_20251203 - INFO - 回测日期:2015-11-02 00:00:00 权重:[0.01640933 0.02259211 0.14309413 0.32833487 0.01553883 0.02362963
 0.10562048 0.02387424 0.00101412 0.31989225]
2025-12-03 17:21:41,691 - MFH_model_20251203 - INFO - 回测日期:2015-12-01 00:00:00 权重:[0.03206617 0.0051705  0.21266305 0.17723387 0.02415297 0.06616537
 0.07574929 0.02949398 0.09358222 0.28372259]
2025-12-03 17:21:41,718 - MFH_model_20251203 - INFO - 回测日期:2016-01-04 00:00:00 权重:[0.0057705  0.00931344 0.32756632 0.14176415 0.04325478 0.10771949
 0.04254561 0.0346875  0.09869151 0.18868669]
2025-12-03 17:21:41,740 - MFH_model_20251203 - INFO - 回测日期:2016-02-01 00:00:00 权重:[5.78478760e-08 2.71491393e-02 2.10597844e-01 3.79424781e-01
 1.67320807e-02 1.62418601e-02 1.02250957e-02 3.89613328e-02
 1.62370767e-01 1.38297042e-01]
2025-12-03 17:21:41,768 - MFH_model_20251203 - INFO - 回测日期:2016-03-01 00:00:00 权重:[0.00525881 0.03330795 0.11579907 0.33513239 0.03001233 0.09992528
 0.01798898 0.03005286 0.09447155 0.23805078]
2025-12-03 17:21:41,793 - MFH_model_20251203 - INFO - 回测日期:2016-04-01 00:00:00 权重:[0.02081031 0.0249364  0.2492119  0.19625697 0.00505244 0.0030521
 0.10996352 0.03778335 0.01884994 0.33408307]
2025-12-03 17:21:41,819 - MFH_model_20251203 - INFO - 回测日期:2016-05-03 00:00:00 权重:[0.03634197 0.01483986 0.26946448 0.18284002 0.00821488 0.00332661
 0.08742241 0.03313767 0.02599251 0.3384196 ]
2025-12-03 17:21:41,846 - MFH_model_20251203 - INFO - 回测日期:2016-06-01 00:00:00 权重:[0.02029791 0.00824685 0.14466538 0.32806133 0.02450077 0.06557804
 0.06212459 0.00987978 0.09894065 0.23770472]
2025-12-03 17:21:41,872 - MFH_model_20251203 - INFO - 回测日期:2016-07-01 00:00:00 权重:[3.56689987e-02 2.35395892e-04 3.31967771e-01 2.59733901e-01
 1.08822205e-03 5.06809282e-03 8.99243010e-02 2.31679290e-02
 2.70532941e-02 2.26092095e-01]
2025-12-03 17:21:41,898 - MFH_model_20251203 - INFO - 回测日期:2016-08-01 00:00:00 权重:[3.42536002e-04 2.69554538e-02 1.46659581e-01 4.24780115e-01
 4.14689411e-02 8.96253817e-02 3.03929414e-02 1.76149164e-02
 1.12605119e-01 1.09555016e-01]
2025-12-03 17:21:41,925 - MFH_model_20251203 - INFO - 回测日期:2016-09-01 00:00:00 权重:[3.22408873e-02 1.90530784e-03 2.84401845e-01 2.68843540e-01
 5.13395346e-05 1.53429717e-02 3.91632369e-02 3.60065854e-02
 1.69299620e-02 3.05114324e-01]
2025-12-03 17:21:41,948 - MFH_model_20251203 - INFO - 回测日期:2016-10-10 00:00:00 权重:[2.78166299e-02 2.14745106e-02 2.91807615e-01 2.40013206e-01
 7.66577177e-05 7.10661692e-03 3.70972324e-02 2.40305487e-02
 1.18007268e-02 3.38776255e-01]
2025-12-03 17:21:41,975 - MFH_model_20251203 - INFO - 回测日期:2016-11-01 00:00:00 权重:[0.00182733 0.03128847 0.11174355 0.40674278 0.03399744 0.04451686
 0.07845916 0.02204287 0.10187708 0.16750445]
2025-12-03 17:21:42,001 - MFH_model_20251203 - INFO - 回测日期:2016-12-01 00:00:00 权重:[0.00113522 0.0139814  0.10932703 0.38119432 0.02974517 0.05672102
 0.05775378 0.02280191 0.09358832 0.23375182]
2025-12-03 17:21:42,026 - MFH_model_20251203 - INFO - 回测日期:2017-01-03 00:00:00 权重:[0.04014311 0.01485971 0.29957935 0.25374843 0.00471595 0.00200681
 0.03474345 0.02172571 0.03078366 0.29769381]
2025-12-03 17:21:42,050 - MFH_model_20251203 - INFO - 回测日期:2017-02-03 00:00:00 权重:[5.17355881e-02 4.49886883e-05 2.50546424e-01 3.68701561e-01
 6.05956940e-04 4.36508659e-02 4.44081731e-02 1.64315447e-02
 2.90009644e-02 1.94873934e-01]
2025-12-03 17:21:42,077 - MFH_model_20251203 - INFO - 回测日期:2017-03-01 00:00:00 权重:[1.22067550e-06 3.33483481e-02 2.07773205e-01 3.74269320e-01
 2.54923461e-02 1.87334411e-02 3.14156787e-02 2.26598518e-02
 1.40758984e-01 1.45547604e-01]
2025-12-03 17:21:42,101 - MFH_model_20251203 - INFO - 回测日期:2017-04-05 00:00:00 权重:[4.23153468e-06 1.39318270e-02 3.55533771e-01 1.91496638e-01
 2.91613321e-02 2.04351381e-02 4.33834485e-02 2.11006512e-02
 1.22567577e-01 2.02385386e-01]
2025-12-03 17:21:42,127 - MFH_model_20251203 - INFO - 回测日期:2017-05-02 00:00:00 权重:[6.69541179e-05 1.16292765e-02 2.55631915e-01 2.27729528e-01
 2.88373320e-02 1.98519741e-02 3.37012924e-02 2.23962234e-02
 9.69528327e-02 3.03202671e-01]
2025-12-03 17:21:42,153 - MFH_model_20251203 - INFO - 回测日期:2017-06-01 00:00:00 权重:[0.03601595 0.02396771 0.2472916  0.38824178 0.00598514 0.04322162
 0.04753406 0.02746418 0.0268792  0.15339876]
2025-12-03 17:21:42,183 - MFH_model_20251203 - INFO - 回测日期:2017-07-03 00:00:00 权重:[1.76321687e-06 3.70329930e-02 1.99688206e-01 3.89410183e-01
 2.30907936e-02 4.56163642e-02 4.08289852e-02 1.56043211e-02
 1.23048284e-01 1.25678106e-01]
2025-12-03 17:21:42,212 - MFH_model_20251203 - INFO - 回测日期:2017-08-01 00:00:00 权重:[0.05175076 0.01392987 0.12620845 0.43735919 0.00682035 0.03765734
 0.04088647 0.02969382 0.02133092 0.23436282]
2025-12-03 17:21:42,239 - MFH_model_20251203 - INFO - 回测日期:2017-09-01 00:00:00 权重:[5.33740137e-02 1.03966256e-11 3.13247213e-01 2.31159213e-01
 4.22287607e-11 4.55286397e-11 1.83107579e-01 2.42841844e-02
 4.00049408e-11 1.94827797e-01]
2025-12-03 17:21:42,262 - MFH_model_20251203 - INFO - 回测日期:2017-10-09 00:00:00 权重:[1.33790606e-07 2.21330616e-02 1.95315124e-01 3.97687304e-01
 3.11984969e-03 2.02984887e-02 8.00949254e-03 1.68449093e-02
 1.65098998e-01 1.71492638e-01]
2025-12-03 17:21:42,289 - MFH_model_20251203 - INFO - 回测日期:2017-11-01 00:00:00 权重:[3.77064426e-07 2.21855008e-02 1.71330519e-01 4.58096554e-01
 7.60868820e-04 1.94525382e-02 2.97359246e-06 1.57130295e-02
 1.59313375e-01 1.53144264e-01]
2025-12-03 17:21:42,315 - MFH_model_20251203 - INFO - 回测日期:2017-12-01 00:00:00 权重:[1.55689748e-06 1.66987381e-02 2.69901827e-01 3.13519136e-01
 1.64160694e-02 6.00695246e-02 1.32083260e-05 2.14634372e-02
 1.11677750e-01 1.90238753e-01]
2025-12-03 17:21:42,342 - MFH_model_20251203 - INFO - 回测日期:2018-01-02 00:00:00 权重:[0.05502307 0.02313462 0.398516   0.24498972 0.0100232  0.01734616
 0.07497761 0.01921109 0.04209974 0.11467878]
2025-12-03 17:21:42,365 - MFH_model_20251203 - INFO - 回测日期:2018-02-01 00:00:00 权重:[7.40082436e-02 2.35809548e-10 2.44396302e-01 3.62975104e-01
 2.84986334e-10 1.51891722e-09 3.68445702e-02 2.79908015e-02
 6.14715794e-09 2.53784971e-01]
2025-12-03 17:21:42,390 - MFH_model_20251203 - INFO - 回测日期:2018-03-01 00:00:00 权重:[6.22054581e-12 4.27862951e-02 2.80075606e-01 1.68109416e-01
 3.43239036e-11 1.15417535e-11 8.47785987e-11 3.07549812e-02
 2.35356230e-01 2.42917471e-01]
2025-12-03 17:21:42,415 - MFH_model_20251203 - INFO - 回测日期:2018-04-02 00:00:00 权重:[5.23609586e-07 5.32621436e-02 3.70257137e-01 1.77565431e-01
 1.90272076e-03 6.55067734e-02 1.93883223e-02 2.09723126e-03
 7.67062679e-02 2.33313450e-01]
2025-12-03 17:21:42,442 - MFH_model_20251203 - INFO - 回测日期:2018-05-02 00:00:00 权重:[6.61846423e-07 2.88370104e-02 1.64541484e-01 3.86680739e-01
 1.22121645e-02 8.51359919e-02 2.03792071e-04 1.15894737e-02
 7.04875933e-02 2.40311090e-01]
2025-12-03 17:21:42,467 - MFH_model_20251203 - INFO - 回测日期:2018-06-01 00:00:00 权重:[0.02781295 0.0049684  0.23378589 0.1614185  0.0364932  0.05643981
 0.03145217 0.02164195 0.06318489 0.36280225]
2025-12-03 17:21:42,495 - MFH_model_20251203 - INFO - 回测日期:2018-07-02 00:00:00 权重:[2.16566607e-07 2.02445019e-02 3.69500115e-01 1.98136105e-01
 1.10469722e-04 2.57111756e-02 1.11624187e-01 1.41138086e-02
 3.14242118e-02 2.29135208e-01]
2025-12-03 17:21:42,523 - MFH_model_20251203 - INFO - 回测日期:2018-08-01 00:00:00 权重:[7.48895480e-11 1.81370058e-02 2.77006787e-01 3.45784304e-01
 6.04641341e-10 3.68330482e-09 2.87572615e-01 1.77574788e-02
 1.55223515e-09 5.37418035e-02]
2025-12-03 17:21:42,550 - MFH_model_20251203 - INFO - 回测日期:2018-09-03 00:00:00 权重:[8.10336871e-02 2.93067162e-05 9.97853380e-02 4.04855256e-01
 1.70066207e-02 2.60688763e-02 2.66344301e-02 3.57231139e-02
 6.41967621e-02 2.44666609e-01]
2025-12-03 17:21:42,575 - MFH_model_20251203 - INFO - 回测日期:2018-10-08 00:00:00 权重:[0.02280336 0.0127986  0.36262159 0.15585291 0.05952397 0.05640439
 0.04329645 0.00598671 0.0814788  0.19923321]
2025-12-03 17:21:42,602 - MFH_model_20251203 - INFO - 回测日期:2018-11-01 00:00:00 权重:[0.00551241 0.05628884 0.33956855 0.16721267 0.03909742 0.05424139
 0.05507345 0.00653631 0.07798365 0.19848532]
2025-12-03 17:21:42,628 - MFH_model_20251203 - INFO - 回测日期:2018-12-03 00:00:00 权重:[0.0036492  0.04279416 0.2392705  0.40392767 0.04744249 0.00158937
 0.03110991 0.02813999 0.05800637 0.14407035]
2025-12-03 17:21:42,655 - MFH_model_20251203 - INFO - 回测日期:2019-01-02 00:00:00 权重:[7.17972562e-02 2.74684207e-11 3.14810334e-01 1.69478578e-01
 2.82755539e-10 8.17782224e-11 4.11245571e-10 3.49453582e-02
 3.07830528e-02 3.78185419e-01]
2025-12-03 17:21:42,680 - MFH_model_20251203 - INFO - 回测日期:2019-02-01 00:00:00 权重:[0.04871698 0.00684073 0.23756335 0.14714993 0.02657787 0.04710759
 0.04837597 0.02140186 0.10412164 0.31214407]
2025-12-03 17:21:42,708 - MFH_model_20251203 - INFO - 回测日期:2019-03-01 00:00:00 权重:[9.39583538e-06 4.95172398e-02 9.05636164e-02 3.48357721e-01
 4.41334507e-02 6.01759840e-02 6.00853633e-02 1.94904540e-02
 1.03638837e-01 2.24027937e-01]
2025-12-03 17:21:42,734 - MFH_model_20251203 - INFO - 回测日期:2019-04-01 00:00:00 权重:[0.01691868 0.05221995 0.30339399 0.06541752 0.02989349 0.06343635
 0.04610433 0.01873585 0.09470544 0.3091744 ]
2025-12-03 17:21:42,760 - MFH_model_20251203 - INFO - 回测日期:2019-05-06 00:00:00 权重:[0.01692321 0.01309102 0.12716837 0.3718663  0.02652963 0.01979583
 0.09451862 0.01402956 0.08801956 0.22805791]
2025-12-03 17:21:42,786 - MFH_model_20251203 - INFO - 回测日期:2019-06-03 00:00:00 权重:[0.01205385 0.01182072 0.26720852 0.17180104 0.03069971 0.04040341
 0.07410701 0.01424166 0.07251773 0.30514637]
2025-12-03 17:21:42,813 - MFH_model_20251203 - INFO - 回测日期:2019-07-01 00:00:00 权重:[1.04781909e-01 1.11509500e-11 2.30635833e-01 1.84189030e-01
 8.00376038e-11 4.17372587e-11 2.10648443e-10 3.63431445e-02
 1.25783830e-01 3.18266254e-01]
2025-12-03 17:21:42,862 - MFH_model_20251203 - INFO - 回测日期:2019-08-01 00:00:00 权重:[8.81230684e-02 1.64864990e-09 1.63507557e-01 2.77555553e-01
 1.13503582e-08 2.14538150e-07 2.64179034e-02 3.09871509e-02
 1.90006309e-01 2.23402231e-01]
2025-12-03 17:21:42,889 - MFH_model_20251203 - INFO - 回测日期:2019-09-02 00:00:00 权重:[5.99326908e-12 4.78438586e-02 6.70361667e-02 4.10338249e-01
 4.96059190e-11 7.54230453e-12 3.38912190e-11 3.38283372e-02
 1.60578492e-01 2.80374896e-01]
2025-12-03 17:21:42,917 - MFH_model_20251203 - INFO - 回测日期:2019-10-08 00:00:00 权重:[0.02110014 0.03921163 0.13752608 0.48657927 0.03629341 0.03811183
 0.06444263 0.02504816 0.05720374 0.09448312]
2025-12-03 17:21:42,948 - MFH_model_20251203 - INFO - 回测日期:2019-11-01 00:00:00 权重:[1.83962802e-02 4.74408804e-07 1.45292932e-01 5.28232140e-01
 2.16737926e-02 2.98758571e-02 5.12082033e-02 1.86107334e-02
 5.24451931e-02 1.34264394e-01]
2025-12-03 17:21:42,976 - MFH_model_20251203 - INFO - 回测日期:2019-12-02 00:00:00 权重:[4.54903375e-06 4.76840291e-02 4.30813493e-01 2.41013875e-01
 1.41507348e-02 1.00310034e-02 4.12855762e-02 9.80286951e-03
 9.86440789e-02 1.06569792e-01]
2025-12-03 17:21:43,000 - MFH_model_20251203 - INFO - 回测日期:2020-01-02 00:00:00 权重:[1.05679958e-01 2.47639333e-02 4.29530509e-01 1.40890053e-09
 1.94129965e-08 1.53059758e-07 1.89664653e-07 2.12736563e-02
 1.15106773e-01 3.03644807e-01]
2025-12-03 17:21:43,029 - MFH_model_20251203 - INFO - 回测日期:2020-02-03 00:00:00 权重:[3.79045608e-08 8.04033879e-02 5.85560370e-07 5.74020837e-01
 7.12280782e-07 4.21780761e-03 7.54352629e-02 3.68815680e-02
 2.17623184e-01 1.14166170e-02]
2025-12-03 17:21:43,057 - MFH_model_20251203 - INFO - 回测日期:2020-03-02 00:00:00 权重:[0.00955987 0.03735991 0.39751457 0.11152911 0.03078049 0.03058921
 0.06078566 0.01141286 0.05219357 0.25827475]
2025-12-03 17:21:43,087 - MFH_model_20251203 - INFO - 回测日期:2020-04-01 00:00:00 权重:[2.30263285e-02 8.88031954e-12 4.96272453e-01 9.08157688e-02
 8.11319802e-11 2.76768790e-02 2.26298677e-01 8.87247295e-13
 7.89422633e-10 1.35909892e-01]
2025-12-03 17:21:43,114 - MFH_model_20251203 - INFO - 回测日期:2020-05-06 00:00:00 权重:[0.00163037 0.04892332 0.10358018 0.57577188 0.02490679 0.03411919
 0.04593897 0.02053809 0.02706612 0.11752508]
2025-12-03 17:21:43,142 - MFH_model_20251203 - INFO - 回测日期:2020-06-01 00:00:00 权重:[6.56021824e-10 4.37908715e-10 2.11233229e-09 2.19133897e-01
 2.20374983e-01 1.51101338e-03 7.25315921e-10 1.87872173e-02
 1.64006840e-01 3.76186044e-01]
2025-12-03 17:21:43,169 - MFH_model_20251203 - INFO - 回测日期:2020-07-01 00:00:00 权重:[2.87067578e-02 1.54960123e-08 3.53106881e-01 1.15155921e-01
 8.02352503e-08 2.57080791e-02 1.96805647e-01 1.49456255e-02
 5.34668831e-02 2.12104110e-01]
2025-12-03 17:21:43,197 - MFH_model_20251203 - INFO - 回测日期:2020-08-03 00:00:00 权重:[7.34787403e-07 4.67670286e-02 1.63400304e-01 5.79291681e-01
 5.96277713e-02 1.39997277e-02 2.92270120e-04 1.08460540e-02
 5.42609031e-02 7.15135251e-02]
2025-12-03 17:21:43,226 - MFH_model_20251203 - INFO - 回测日期:2020-09-01 00:00:00 权重:[1.70695917e-02 7.59447969e-08 3.53584886e-01 3.01955855e-02
 3.34675468e-06 4.76163140e-02 1.01461320e-01 1.92663094e-03
 7.28181471e-02 3.75324101e-01]
2025-12-03 17:21:43,254 - MFH_model_20251203 - INFO - 回测日期:2020-10-09 00:00:00 权重:[1.61550450e-02 1.36976311e-07 1.95405371e-01 8.23085972e-02
 4.27755276e-07 4.65634714e-02 1.50593364e-01 4.07910293e-04
 7.68514182e-02 4.31714259e-01]
2025-12-03 17:21:43,280 - MFH_model_20251203 - INFO - 回测日期:2020-11-02 00:00:00 权重:[9.29553567e-03 1.04207304e-07 3.18726831e-01 8.03459489e-02
 4.56587609e-07 4.78983757e-02 1.01035430e-01 4.08949774e-04
 7.80269025e-02 3.64261466e-01]
2025-12-03 17:21:43,313 - MFH_model_20251203 - INFO - 回测日期:2020-12-01 00:00:00 权重:[0.01684246 0.05150887 0.45817261 0.17994389 0.00702337 0.01406818
 0.07960552 0.01955979 0.02421571 0.14905959]
2025-12-03 17:21:43,339 - MFH_model_20251203 - INFO - 回测日期:2021-01-04 00:00:00 权重:[3.53121455e-02 3.59942408e-08 4.31016385e-01 2.00049782e-01
 1.10662882e-06 3.30444050e-02 1.53856036e-01 1.40217583e-02
 1.58171368e-04 1.32540174e-01]
2025-12-03 17:21:43,364 - MFH_model_20251203 - INFO - 回测日期:2021-02-01 00:00:00 权重:[5.32030826e-03 1.97176910e-09 6.46307611e-09 5.28666872e-01
 4.48202880e-02 9.82727277e-02 9.35204047e-08 2.69321869e-11
 7.85735467e-02 2.44346156e-01]
2025-12-03 17:21:43,394 - MFH_model_20251203 - INFO - 回测日期:2021-03-01 00:00:00 权重:[1.23205811e-09 6.48718987e-02 5.71353103e-02 6.76742779e-01
 4.76819477e-10 4.61736211e-11 2.34026774e-09 7.39218864e-03
 2.67983674e-10 1.93857819e-01]
2025-12-03 17:21:43,422 - MFH_model_20251203 - INFO - 回测日期:2021-04-01 00:00:00 权重:[4.71990999e-07 4.00523353e-02 4.13429439e-01 3.96708762e-02
 3.89601155e-02 3.93829961e-02 1.35504212e-02 1.76928110e-03
 4.33930854e-02 3.69790978e-01]
2025-12-03 17:21:43,448 - MFH_model_20251203 - INFO - 回测日期:2021-05-06 00:00:00 权重:[2.47339434e-02 1.91066752e-06 2.06081664e-01 5.88936428e-01
 1.05050549e-02 1.89684952e-02 4.05133331e-02 2.16310654e-02
 2.63311522e-02 6.22969525e-02]
2025-12-03 17:21:43,478 - MFH_model_20251203 - INFO - 回测日期:2021-06-01 00:00:00 权重:[3.91232277e-02 8.21672665e-06 9.81569369e-02 6.80952437e-01
 1.43414943e-03 2.55881266e-02 7.16750766e-02 3.38536511e-03
 2.29279626e-02 5.67485013e-02]
2025-12-03 17:21:43,510 - MFH_model_20251203 - INFO - 回测日期:2021-07-01 00:00:00 权重:[2.10283843e-05 4.33023315e-02 4.13958545e-01 7.36027537e-03
 4.09304567e-02 3.73297098e-02 2.53501430e-05 2.42450033e-03
 4.93645500e-02 4.05283253e-01]
2025-12-03 17:21:43,542 - MFH_model_20251203 - INFO - 回测日期:2021-08-02 00:00:00 权重:[3.89010981e-04 7.75111984e-02 5.27822457e-01 7.58730939e-02
 2.41071107e-02 2.75783000e-02 5.80209384e-02 1.54288121e-02
 1.13793058e-04 1.93155285e-01]
2025-12-03 17:21:43,570 - MFH_model_20251203 - INFO - 回测日期:2021-09-01 00:00:00 权重:[7.04449584e-10 7.59078415e-03 2.12222646e-01 4.95800072e-02
 1.38163540e-01 2.35645045e-10 1.40496240e-01 4.83004754e-10
 3.49844332e-10 4.51946780e-01]
2025-12-03 17:21:43,595 - MFH_model_20251203 - INFO - 回测日期:2021-10-08 00:00:00 权重:[3.95371992e-02 2.52975916e-07 1.42799605e-01 2.39233805e-01
 7.19004197e-07 3.79161565e-02 4.61502774e-02 1.78950038e-02
 1.24376553e-01 3.52090428e-01]
2025-12-03 17:21:43,624 - MFH_model_20251203 - INFO - 回测日期:2021-11-01 00:00:00 权重:[4.57638821e-11 5.92802596e-11 1.71444736e-01 6.97538676e-01
 3.16969651e-10 9.62931387e-12 7.67907243e-02 1.81009253e-02
 4.41301146e-11 3.61249387e-02]
2025-12-03 17:21:43,654 - MFH_model_20251203 - INFO - 回测日期:2021-12-01 00:00:00 权重:[9.54097668e-02 3.63455001e-09 3.53292166e-01 1.59066537e-01
 1.37990589e-01 4.21787575e-04 4.83190535e-10 3.63870976e-12
 4.29805904e-10 2.53819149e-01]
2025-12-03 17:21:43,682 - MFH_model_20251203 - INFO - 回测日期:2022-01-04 00:00:00 权重:[2.16595045e-02 2.34216278e-06 3.52800947e-01 1.91075484e-01
 2.93032610e-05 3.38500733e-02 3.08899234e-02 2.34907079e-02
 9.65787534e-02 2.49622961e-01]
2025-12-03 17:21:43,706 - MFH_model_20251203 - INFO - 回测日期:2022-02-07 00:00:00 权重:[2.51036888e-10 2.61751565e-10 9.96614633e-02 6.69625090e-01
 7.23513614e-09 3.23381009e-10 1.59747827e-09 2.54696376e-02
 8.67047143e-02 1.18539086e-01]
2025-12-03 17:21:43,732 - MFH_model_20251203 - INFO - 回测日期:2022-03-01 00:00:00 权重:[1.21478942e-02 8.39566696e-02 2.52782030e-02 8.12198401e-01
 1.09777416e-08 2.06469516e-02 1.54803161e-08 3.68829702e-11
 7.35291801e-09 4.57718465e-02]
2025-12-03 17:21:43,756 - MFH_model_20251203 - INFO - 回测日期:2022-04-01 00:00:00 权重:[1.34563202e-07 2.22827387e-08 4.43082156e-02 3.29013704e-01
 9.53286682e-07 1.20100924e-02 1.62727274e-01 1.24789522e-02
 1.32355694e-01 3.07104958e-01]
2025-12-03 17:21:43,781 - MFH_model_20251203 - INFO - 回测日期:2022-05-05 00:00:00 权重:[4.55010845e-10 2.68610476e-10 3.00598104e-01 8.65279295e-09
 1.30739950e-01 5.52836396e-10 2.75179030e-02 1.52553427e-02
 5.76119417e-02 4.68276749e-01]
2025-12-03 17:21:43,807 - MFH_model_20251203 - INFO - 回测日期:2022-06-01 00:00:00 权重:[7.06668050e-11 3.90716089e-02 1.92679171e-01 5.97087923e-01
 2.05964204e-02 3.80029953e-11 1.34601775e-10 1.01771670e-02
 8.47626458e-11 1.40387709e-01]
2025-12-03 17:21:43,839 - MFH_model_20251203 - INFO - 回测日期:2022-07-01 00:00:00 权重:[4.40634994e-02 3.61112119e-10 8.22930740e-02 7.44211693e-01
 3.55906949e-10 1.14596721e-09 2.93521030e-02 8.35876181e-03
 5.43827899e-10 9.17208668e-02]
2025-12-03 17:21:43,866 - MFH_model_20251203 - INFO - 回测日期:2022-08-01 00:00:00 权重:[6.38847773e-07 6.60367598e-02 5.33480688e-01 7.88019692e-02
 5.07948255e-02 2.57771445e-02 9.34710756e-03 2.24006822e-02
 2.69570333e-02 1.86403151e-01]
2025-12-03 17:21:43,890 - MFH_model_20251203 - INFO - 回测日期:2022-09-01 00:00:00 权重:[5.79451690e-02 2.49116946e-10 2.47031507e-01 3.04690808e-01
 4.26927386e-11 2.26586001e-09 8.92918078e-02 2.67086447e-11
 1.13190044e-01 1.87850662e-01]
2025-12-03 17:21:43,914 - MFH_model_20251203 - INFO - 回测日期:2022-10-10 00:00:00 权重:[ 1.91386872e-12  1.92561110e-11  7.29732142e-02  3.89317294e-01
  6.21724353e-02 -5.34652977e-11  1.21044030e-01  5.66291123e-03
  1.00061683e-10  3.48830115e-01]
2025-12-03 17:21:43,941 - MFH_model_20251203 - INFO - 回测日期:2022-11-01 00:00:00 权重:[3.03858447e-03 8.36434263e-02 2.92575704e-01 3.73678479e-01
 1.36958981e-06 3.16553826e-02 9.81998607e-03 2.06094552e-02
 1.68471013e-02 1.68130511e-01]
2025-12-03 17:21:43,967 - MFH_model_20251203 - INFO - 回测日期:2022-12-01 00:00:00 权重:[8.78612924e-02 2.75518204e-10 3.43230555e-01 3.42700238e-01
 3.49987448e-10 4.55772432e-02 3.35243433e-02 8.12591178e-11
 1.15280550e-08 1.47106316e-01]
2025-12-03 17:21:43,990 - MFH_model_20251203 - INFO - 回测日期:2023-01-03 00:00:00 权重:[3.49152668e-02 5.20313096e-11 5.11785212e-01 3.23444899e-01
 8.79337232e-11 6.93144539e-02 1.97678065e-02 4.60546266e-11
 1.87786621e-09 4.07723599e-02]
2025-12-03 17:21:44,018 - MFH_model_20251203 - INFO - 回测日期:2023-02-01 00:00:00 权重:[8.20278126e-07 3.59316201e-02 3.41244491e-01 1.21342557e-01
 1.27662569e-01 3.18620023e-02 3.02040261e-03 6.59620258e-03
 8.00106273e-02 2.52328708e-01]
2025-12-03 17:21:44,045 - MFH_model_20251203 - INFO - 回测日期:2023-03-01 00:00:00 权重:[2.97209855e-10 5.39311316e-02 3.28412938e-01 3.71821606e-01
 5.36998385e-02 7.01071871e-11 2.70666249e-10 2.41170095e-02
 2.23532693e-10 1.68017476e-01]
2025-12-03 17:21:44,070 - MFH_model_20251203 - INFO - 回测日期:2023-04-03 00:00:00 权重:[3.53860834e-06 2.74772246e-06 3.61848599e-01 2.14538764e-01
 1.67888358e-02 3.19847595e-02 9.07988868e-02 9.85605146e-03
 1.06856351e-01 1.67321466e-01]
2025-12-03 17:21:44,096 - MFH_model_20251203 - INFO - 回测日期:2023-05-04 00:00:00 权重:[6.66522528e-07 4.93585789e-02 4.20180084e-01 7.92255652e-02
 7.35569625e-02 1.06959460e-03 6.71019880e-04 6.62527098e-03
 7.27012886e-02 2.96610969e-01]
2025-12-03 17:21:44,120 - MFH_model_20251203 - INFO - 回测日期:2023-06-01 00:00:00 权重:[1.29090852e-02 4.09838755e-08 1.61711359e-01 3.89406565e-01
 5.65149608e-09 4.68887120e-02 5.44874133e-02 3.11304801e-03
 3.04244336e-02 3.01059337e-01]
2025-12-03 17:21:44,149 - MFH_model_20251203 - INFO - 回测日期:2023-07-03 00:00:00 权重:[8.35444688e-06 1.24671759e-07 2.94786525e-01 2.76026344e-01
 2.40318983e-02 4.61838186e-02 6.42261456e-02 1.14276602e-02
 1.00677737e-01 1.82631391e-01]
2025-12-03 17:21:44,181 - MFH_model_20251203 - INFO - 回测日期:2023-08-01 00:00:00 权重:[2.65904989e-02 3.59864476e-06 2.77866645e-01 5.09357525e-01
 1.26545003e-02 2.98204628e-02 7.45447285e-02 1.60338576e-02
 4.14829028e-02 1.16452805e-02]
2025-12-03 17:21:44,232 - MFH_model_20251203 - INFO - 回测日期:2023-09-01 00:00:00 权重:[4.76860681e-06 3.83401914e-02 1.79753016e-01 2.60534995e-01
 1.02359988e-01 3.16718743e-05 3.44644295e-04 2.06446276e-02
 7.26933853e-02 3.25292712e-01]
2025-12-03 17:21:44,256 - MFH_model_20251203 - INFO - 回测日期:2023-10-09 00:00:00 权重:[2.64300781e-02 7.83954572e-02 3.35973881e-01 4.69984513e-01
 4.67530807e-10 4.45799727e-11 1.43949035e-10 1.19577964e-02
 8.85020394e-11 7.72582732e-02]
2025-12-03 17:21:44,284 - MFH_model_20251203 - INFO - 回测日期:2023-11-01 00:00:00 权重:[5.71460881e-02 2.63534803e-07 3.36398348e-01 4.65913751e-01
 6.20496849e-07 4.40263989e-02 4.09330588e-02 9.08791206e-03
 3.64213371e-02 1.00722224e-02]
2025-12-03 17:21:44,311 - MFH_model_20251203 - INFO - 回测日期:2023-12-01 00:00:00 权重:[5.72636700e-06 5.96507629e-06 8.21860425e-02 3.89032650e-01
 7.08021368e-02 4.45409789e-02 1.10735820e-01 3.36454408e-03
 7.25319859e-02 2.26794150e-01]
2025-12-03 17:21:44,339 - MFH_model_20251203 - INFO - 回测日期:2024-01-02 00:00:00 权重:[1.10363406e-02 1.09713674e-05 3.83614868e-01 1.61411605e-01
 2.39639458e-02 2.26982932e-02 5.92582601e-02 1.14658834e-02
 6.90494420e-02 2.57490391e-01]
2025-12-03 17:21:44,363 - MFH_model_20251203 - INFO - 回测日期:2024-02-01 00:00:00 权重:[4.78852041e-02 4.97690640e-06 1.32197693e-01 6.01919490e-01
 3.65905070e-05 4.20740852e-03 3.73946836e-02 2.50056537e-02
 4.89908371e-02 1.02357463e-01]
2025-12-03 17:21:44,391 - MFH_model_20251203 - INFO - 回测日期:2024-03-01 00:00:00 权重:[1.00700892e-01 3.87328053e-02 3.76747522e-01 2.02969708e-01
 1.73275145e-07 3.30600388e-07 2.63880211e-07 6.36263347e-03
 3.67515207e-03 2.70810519e-01]
2025-12-03 17:21:44,418 - MFH_model_20251203 - INFO - 回测日期:2024-04-01 00:00:00 权重:[ 7.85616340e-02  3.22504214e-02  3.99848709e-01  2.58024317e-01
  3.46159309e-09  7.69547298e-11  2.23114305e-10 -2.90365189e-11
  6.91436479e-03  2.24400550e-01]
2025-12-03 17:21:44,446 - MFH_model_20251203 - INFO - 回测日期:2024-05-06 00:00:00 权重:[ 7.85616499e-02  3.22504425e-02  3.99848885e-01  2.58024354e-01
  3.69896658e-09  8.10424797e-11  2.37150628e-10 -3.13411822e-11
  6.91418186e-03  2.24400483e-01]
2025-12-03 17:21:44,461 - MFH_model_20251203 - INFO - 回测日期:2024-06-03 00:00:00 权重:[ 7.85616112e-02  3.22504621e-02  3.99848799e-01  2.58024345e-01
  3.77920703e-09  8.22942585e-11  2.41190631e-10 -3.19494470e-11
  6.91428222e-03  2.24400497e-01]
2025-12-03 17:21:44,691 - MFH_model_20251203 - INFO - 计算完成
2025-12-03 17:21:44,691 - MFH_model_20251203 - INFO - ============================================================
2025-12-03 17:21:44,692 - MFH_model_20251203 - INFO - ============================================================
2025-12-03 17:21:44,692 - MFH_model_20251203 - INFO - 开始评价回测结果
2025-12-03 17:21:44,692 - MFH_model_20251203 - INFO - ============================================================
2025-12-03 17:21:44,692 - MFH_model_20251203 - INFO - ============================================================
2025-12-03 17:21:44,692 - MFH_model_20251203 - INFO - 获取MFH最优权重回测结果摘要
2025-12-03 17:21:44,692 - MFH_model_20251203 - INFO - ============================================================
2025-12-03 17:21:44,704 - MFH_model_20251203 - INFO - 模型总体评价:
              0         1
策略名称         基准       MFH
最终净值   1.600638  1.816516
累计收益率  0.600638  0.816516
年化收益率  0.054571  0.069749
年化波动率   0.02348  0.027089
最大回撤  -0.038858 -0.035552
夏普比率   2.324122  2.574843
2025-12-03 17:21:53,243 - MFH_model_20251203 - INFO - ============================================================
2025-12-03 17:21:53,446 - MFH_model_20251203 - INFO - 模型分年度评价:
     年度     区间收益率     年化波动率      最大回撤  年初到最低点回撤      夏普比率  Calmar比率  预计95%VaR  预计95%投资规模(万元)  年内最大亏损额(万元)
0  2015  0.055926  0.044221 -0.035552  0.000000  1.264696  1.573058       NaN            inf          NaN
1  2016  0.116322  0.031821 -0.020906 -0.010033  3.655500  5.564130       NaN            inf          NaN
2  2017  0.004308  0.018179 -0.021582 -0.020193  0.236982  0.199617       NaN            inf          NaN
3  2018  0.059818  0.022630 -0.012366 -0.004955  2.643284  4.837328       NaN            inf          NaN
4  2019  0.100913  0.027160 -0.012465  0.000000  3.715458  8.095942 -0.028567       0.017503     0.000000
5  2020  0.046676  0.034319 -0.029466 -0.006527  1.360065  1.584074 -0.027172       0.018401    -0.000120
6  2021  0.073245  0.021212 -0.008822 -0.000711  3.452988  8.302564 -0.025076       0.019940    -0.000014
7  2022  0.074207  0.026105 -0.016571  0.000000  2.842599  4.477989 -0.023841       0.020973     0.000000
8  2023  0.060477  0.015415 -0.010789 -0.000868  3.923208  5.605185 -0.022444       0.022278    -0.000019
9  2024  0.027697  0.014346 -0.004831 -0.000469  1.930620  5.733711 -0.020701       0.024154    -0.000011
